<?xml version="1.0" encoding="UTF-8"?>
<testsuite name="org.springframework.aot.hint.predicate.SerializationHintsPredicatesTests" tests="3" skipped="0" failures="0" errors="0" timestamp="2022-11-30T11:06:57" hostname="WKS-SE-RPL" time="0.002">
  <properties/>
  <testcase name="shouldMatchRegisteredClass()" classname="org.springframework.aot.hint.predicate.SerializationHintsPredicatesTests" time="0.001"/>
  <testcase name="shouldNotMatchUnregisteredType()" classname="org.springframework.aot.hint.predicate.SerializationHintsPredicatesTests" time="0.0"/>
  <testcase name="shouldMatchRegisteredTypeReference()" classname="org.springframework.aot.hint.predicate.SerializationHintsPredicatesTests" time="0.001"/>
  <system-out><![CDATA[]]></system-out>
  <system-err><![CDATA[]]></system-err>
</testsuite>
