<?xml version="1.0" encoding="UTF-8"?>
<testsuite name="org.springframework.core.style.SimpleValueStylerTests$CommonStyling" tests="7" skipped="0" failures="0" errors="0" timestamp="2022-11-30T11:07:18" hostname="WKS-SE-RPL" time="0.004">
  <properties/>
  <testcase name="styleMapEntries()" classname="org.springframework.core.style.SimpleValueStylerTests$CommonStyling" time="0.001"/>
  <testcase name="stylePrimitiveArrays()" classname="org.springframework.core.style.SimpleValueStylerTests$CommonStyling" time="0.0"/>
  <testcase name="styleBasics()" classname="org.springframework.core.style.SimpleValueStylerTests$CommonStyling" time="0.0"/>
  <testcase name="styleObjectArrays()" classname="org.springframework.core.style.SimpleValueStylerTests$CommonStyling" time="0.0"/>
  <testcase name="styleLists()" classname="org.springframework.core.style.SimpleValueStylerTests$CommonStyling" time="0.0"/>
  <testcase name="stylePlainObject()" classname="org.springframework.core.style.SimpleValueStylerTests$CommonStyling" time="0.0"/>
  <testcase name="styleMaps()" classname="org.springframework.core.style.SimpleValueStylerTests$CommonStyling" time="0.002"/>
  <system-out><![CDATA[]]></system-out>
  <system-err><![CDATA[]]></system-err>
</testsuite>
