<?xml version="1.0" encoding="UTF-8"?>
<testsuite name="org.springframework.aot.hint.annotation.RegisterReflectionForBindingProcessorTests" tests="4" skipped="0" failures="0" errors="0" timestamp="2022-11-30T11:06:57" hostname="WKS-SE-RPL" time="0.02">
  <properties/>
  <testcase name="registerReflectionForBindingOnClass()" classname="org.springframework.aot.hint.annotation.RegisterReflectionForBindingProcessorTests" time="0.016"/>
  <testcase name="registerReflectionForBindingOnMethod()" classname="org.springframework.aot.hint.annotation.RegisterReflectionForBindingProcessorTests" time="0.001"/>
  <testcase name="throwExceptionWithoutAnnotationAttributeOnClass()" classname="org.springframework.aot.hint.annotation.RegisterReflectionForBindingProcessorTests" time="0.002"/>
  <testcase name="throwExceptionWithoutAnnotationAttributeOnMethod()" classname="org.springframework.aot.hint.annotation.RegisterReflectionForBindingProcessorTests" time="0.001"/>
  <system-out><![CDATA[]]></system-out>
  <system-err><![CDATA[]]></system-err>
</testsuite>
