<?xml version="1.0" encoding="UTF-8"?>
<testsuite name="org.springframework.core.type.classreading.ClassMetadataReadingVisitorMemberClassTests" tests="4" skipped="0" failures="0" errors="0" timestamp="2022-11-30T11:07:19" hostname="WKS-SE-RPL" time="0.019">
  <properties/>
  <testcase name="againstMemberClass()" classname="org.springframework.core.type.classreading.ClassMetadataReadingVisitorMemberClassTests" time="0.001"/>
  <testcase name="withNoMemberClasses()" classname="org.springframework.core.type.classreading.ClassMetadataReadingVisitorMemberClassTests" time="0.002"/>
  <testcase name="withNonPublicMemberClasses()" classname="org.springframework.core.type.classreading.ClassMetadataReadingVisitorMemberClassTests" time="0.001"/>
  <testcase name="withPublicMemberClasses()" classname="org.springframework.core.type.classreading.ClassMetadataReadingVisitorMemberClassTests" time="0.001"/>
  <system-out><![CDATA[]]></system-out>
  <system-err><![CDATA[]]></system-err>
</testsuite>
