<?xml version="1.0" encoding="UTF-8"?>
<testsuite name="org.springframework.aot.generate.FileSystemGeneratedFilesTests" tests="6" skipped="0" failures="0" errors="0" timestamp="2022-11-30T11:06:52" hostname="WKS-SE-RPL" time="0.079">
  <properties/>
  <testcase name="addFilesCopiesToFileSystem()" classname="org.springframework.aot.generate.FileSystemGeneratedFilesTests" time="0.053"/>
  <testcase name="createWhenRootsResultsInNullThrowsException()" classname="org.springframework.aot.generate.FileSystemGeneratedFilesTests" time="0.004"/>
  <testcase name="createWhenRootIsNullThrowsException()" classname="org.springframework.aot.generate.FileSystemGeneratedFilesTests" time="0.002"/>
  <testcase name="addFileWhenPathIsOutsideOfRootThrowsException()" classname="org.springframework.aot.generate.FileSystemGeneratedFilesTests" time="0.003"/>
  <testcase name="addFilesWithCustomRootsCopiesToFileSystem()" classname="org.springframework.aot.generate.FileSystemGeneratedFilesTests" time="0.014"/>
  <testcase name="createWhenRootsIsNullThrowsException()" classname="org.springframework.aot.generate.FileSystemGeneratedFilesTests" time="0.002"/>
  <system-out><![CDATA[]]></system-out>
  <system-err><![CDATA[]]></system-err>
</testsuite>
