<?xml version="1.0" encoding="UTF-8"?>
<testsuite name="org.springframework.core.codec.Netty5BufferEncoderTests" tests="2" skipped="0" failures="0" errors="0" timestamp="2022-11-30T11:07:10" hostname="WKS-SE-RPL" time="0.006">
  <properties/>
  <testcase name="encode()" classname="org.springframework.core.codec.Netty5BufferEncoderTests" time="0.005"/>
  <testcase name="canEncode()" classname="org.springframework.core.codec.Netty5BufferEncoderTests" time="0.0"/>
  <system-out><![CDATA[]]></system-out>
  <system-err><![CDATA[]]></system-err>
</testsuite>
