<?xml version="1.0" encoding="UTF-8"?>
<testsuite name="org.springframework.core.annotation.NestedRepeatableAnnotationsTests$SingleRepeatableAnnotationTests" tests="5" skipped="0" failures="0" errors="0" timestamp="2022-11-30T11:07:09" hostname="WKS-SE-RPL" time="0.004">
  <properties/>
  <testcase name="findMergedRepeatableAnnotations_AnnotatedElementUtils()" classname="org.springframework.core.annotation.NestedRepeatableAnnotationsTests$SingleRepeatableAnnotationTests" time="0.0"/>
  <testcase name="streamRepeatableAnnotations_MergedAnnotationsApi()" classname="org.springframework.core.annotation.NestedRepeatableAnnotationsTests$SingleRepeatableAnnotationTests" time="0.0"/>
  <testcase name="getMergedRepeatableAnnotationsWithStandardRepeatables_AnnotatedElementUtils()" classname="org.springframework.core.annotation.NestedRepeatableAnnotationsTests$SingleRepeatableAnnotationTests" time="0.001"/>
  <testcase name="getMergedRepeatableAnnotationsWithExplicitContainer_AnnotatedElementUtils()" classname="org.springframework.core.annotation.NestedRepeatableAnnotationsTests$SingleRepeatableAnnotationTests" time="0.001"/>
  <testcase name="getRepeatableAnnotations_AnnotationUtils()" classname="org.springframework.core.annotation.NestedRepeatableAnnotationsTests$SingleRepeatableAnnotationTests" time="0.001"/>
  <system-out><![CDATA[]]></system-out>
  <system-err><![CDATA[]]></system-err>
</testsuite>
