<?xml version="1.0" encoding="UTF-8"?>
<testsuite name="org.springframework.aot.hint.annotation.SimpleReflectiveProcessorTests" tests="4" skipped="0" failures="0" errors="0" timestamp="2022-11-30T11:06:57" hostname="WKS-SE-RPL" time="0.004">
  <properties/>
  <testcase name="registerReflectiveHintsForConstructor()" classname="org.springframework.aot.hint.annotation.SimpleReflectiveProcessorTests" time="0.001"/>
  <testcase name="registerReflectiveHintsForMethod()" classname="org.springframework.aot.hint.annotation.SimpleReflectiveProcessorTests" time="0.001"/>
  <testcase name="registerReflectiveHintsForClass()" classname="org.springframework.aot.hint.annotation.SimpleReflectiveProcessorTests" time="0.001"/>
  <testcase name="registerReflectiveHintsForField()" classname="org.springframework.aot.hint.annotation.SimpleReflectiveProcessorTests" time="0.001"/>
  <system-out><![CDATA[]]></system-out>
  <system-err><![CDATA[]]></system-err>
</testsuite>
