<?xml version="1.0" encoding="UTF-8"?>
<testsuite name="org.springframework.aot.generate.GeneratedMethodsTests" tests="11" skipped="0" failures="0" errors="0" timestamp="2022-11-30T11:06:55" hostname="WKS-SE-RPL" time="0.059">
  <properties/>
  <testcase name="withPrefixWhenGeneratingIsMethodUsesPrefix()" classname="org.springframework.aot.generate.GeneratedMethodsTests" time="0.001"/>
  <testcase name="createWithExistingGeneratorUsesGenerator()" classname="org.springframework.aot.generate.GeneratedMethodsTests" time="0.002"/>
  <testcase name="createWhenClassNameIsNullThrowsException()" classname="org.springframework.aot.generate.GeneratedMethodsTests" time="0.005"/>
  <testcase name="createWhenMethodNameGeneratorIsNullThrowsException()" classname="org.springframework.aot.generate.GeneratedMethodsTests" time="0.002"/>
  <testcase name="withPrefixWhenGeneratingSetMethodUsesPrefix()" classname="org.springframework.aot.generate.GeneratedMethodsTests" time="0.007"/>
  <testcase name="doWithMethodSpecsAcceptsMethodSpecs()" classname="org.springframework.aot.generate.GeneratedMethodsTests" time="0.015"/>
  <testcase name="addWithStringNameWhenMethodIsNullThrowsException()" classname="org.springframework.aot.generate.GeneratedMethodsTests" time="0.0"/>
  <testcase name="withPrefixWhenGeneratingGetMethodUsesPrefix()" classname="org.springframework.aot.generate.GeneratedMethodsTests" time="0.0"/>
  <testcase name="withPrefixWhenGeneratingOtherMethodUsesPrefix()" classname="org.springframework.aot.generate.GeneratedMethodsTests" time="0.0"/>
  <testcase name="addAddsMethod()" classname="org.springframework.aot.generate.GeneratedMethodsTests" time="0.003"/>
  <testcase name="addWithStringNameWhenSuggestedMethodIsNullThrowsException()" classname="org.springframework.aot.generate.GeneratedMethodsTests" time="0.001"/>
  <system-out><![CDATA[]]></system-out>
  <system-err><![CDATA[]]></system-err>
</testsuite>
