<?xml version="1.0" encoding="UTF-8"?>
<testsuite name="org.springframework.aot.generate.InMemoryGeneratedFilesTests" tests="7" skipped="0" failures="0" errors="0" timestamp="2022-11-30T11:06:55" hostname="WKS-SE-RPL" time="0.007">
  <properties/>
  <testcase name="getGeneratedFilesReturnsFiles()" classname="org.springframework.aot.generate.InMemoryGeneratedFilesTests" time="0.0"/>
  <testcase name="getGeneratedFileContentWhenFileIsMissingReturnsNull()" classname="org.springframework.aot.generate.InMemoryGeneratedFilesTests" time="0.0"/>
  <testcase name="getGeneratedFileWhenFileExistsReturnsInputStreamSource()" classname="org.springframework.aot.generate.InMemoryGeneratedFilesTests" time="0.0"/>
  <testcase name="getGeneratedFileWhenFileIsMissingReturnsNull()" classname="org.springframework.aot.generate.InMemoryGeneratedFilesTests" time="0.0"/>
  <testcase name="addFileWhenFileAlreadyAddedThrowsException()" classname="org.springframework.aot.generate.InMemoryGeneratedFilesTests" time="0.001"/>
  <testcase name="addFileAddsInMemoryFile()" classname="org.springframework.aot.generate.InMemoryGeneratedFilesTests" time="0.0"/>
  <testcase name="getGeneratedFileContentWhenFileExistsReturnsContent()" classname="org.springframework.aot.generate.InMemoryGeneratedFilesTests" time="0.001"/>
  <system-out><![CDATA[]]></system-out>
  <system-err><![CDATA[]]></system-err>
</testsuite>
