<?xml version="1.0" encoding="UTF-8"?>
<testsuite name="org.springframework.util.xml.StaxStreamXMLReaderTests" tests="6" skipped="0" failures="0" errors="0" timestamp="2022-11-30T11:07:25" hostname="WKS-SE-RPL" time="0.075">
  <properties/>
  <testcase name="contentHandlerNamespacesPrefixes()" classname="org.springframework.util.xml.StaxStreamXMLReaderTests" time="0.009"/>
  <testcase name="whitespace()" classname="org.springframework.util.xml.StaxStreamXMLReaderTests" time="0.015"/>
  <testcase name="contentHandlerNoNamespacesPrefixes()" classname="org.springframework.util.xml.StaxStreamXMLReaderTests" time="0.033"/>
  <testcase name="lexicalHandler()" classname="org.springframework.util.xml.StaxStreamXMLReaderTests" time="0.007"/>
  <testcase name="contentHandlerNamespacesNoPrefixes()" classname="org.springframework.util.xml.StaxStreamXMLReaderTests" time="0.006"/>
  <testcase name="partial()" classname="org.springframework.util.xml.StaxStreamXMLReaderTests" time="0.004"/>
  <system-out><![CDATA[]]></system-out>
  <system-err><![CDATA[]]></system-err>
</testsuite>
