<?xml version="1.0" encoding="UTF-8"?>
<testsuite name="org.springframework.util.PropertyPlaceholderHelperTests" tests="7" skipped="0" failures="0" errors="0" timestamp="2022-11-30T11:07:21" hostname="WKS-SE-RPL" time="0.003">
  <properties/>
  <testcase name="withResolver()" classname="org.springframework.util.PropertyPlaceholderHelperTests" time="0.001"/>
  <testcase name="unresolvedPlaceholderAsError()" classname="org.springframework.util.PropertyPlaceholderHelperTests" time="0.001"/>
  <testcase name="unresolvedPlaceholderIsIgnored()" classname="org.springframework.util.PropertyPlaceholderHelperTests" time="0.0"/>
  <testcase name="recurseInPlaceholder()" classname="org.springframework.util.PropertyPlaceholderHelperTests" time="0.0"/>
  <testcase name="withProperties()" classname="org.springframework.util.PropertyPlaceholderHelperTests" time="0.0"/>
  <testcase name="withMultipleProperties()" classname="org.springframework.util.PropertyPlaceholderHelperTests" time="0.0"/>
  <testcase name="recurseInProperty()" classname="org.springframework.util.PropertyPlaceholderHelperTests" time="0.0"/>
  <system-out><![CDATA[]]></system-out>
  <system-err><![CDATA[]]></system-err>
</testsuite>
