<?xml version="1.0" encoding="UTF-8"?>
<testsuite name="org.springframework.core.annotation.MergedAnnotationClassLoaderTests" tests="1" skipped="0" failures="0" errors="0" timestamp="2022-11-30T11:07:08" hostname="WKS-SE-RPL" time="0.061">
  <properties/>
  <testcase name="synthesizedUsesCorrectClassLoader()" classname="org.springframework.core.annotation.MergedAnnotationClassLoaderTests" time="0.061"/>
  <system-out><![CDATA[]]></system-out>
  <system-err><![CDATA[]]></system-err>
</testsuite>
