<?xml version="1.0" encoding="UTF-8"?>
<testsuite name="org.springframework.core.log.CompositeLogTests" tests="3" skipped="0" failures="0" errors="0" timestamp="2022-11-30T11:07:18" hostname="WKS-SE-RPL" time="0.005">
  <properties/>
  <testcase name="useFirstLogger()" classname="org.springframework.core.log.CompositeLogTests" time="0.002"/>
  <testcase name="useNeitherLogger()" classname="org.springframework.core.log.CompositeLogTests" time="0.001"/>
  <testcase name="useSecondLogger()" classname="org.springframework.core.log.CompositeLogTests" time="0.001"/>
  <system-out><![CDATA[]]></system-out>
  <system-err><![CDATA[]]></system-err>
</testsuite>
