<?xml version="1.0" encoding="UTF-8"?>
<testsuite name="org.springframework.util.StreamUtilsTests" tests="8" skipped="0" failures="0" errors="0" timestamp="2022-11-30T11:07:21" hostname="WKS-SE-RPL" time="0.208">
  <properties/>
  <testcase name="nonClosingOutputStream()" classname="org.springframework.util.StreamUtilsTests" time="0.046"/>
  <testcase name="copyStream()" classname="org.springframework.util.StreamUtilsTests" time="0.01"/>
  <testcase name="copyString()" classname="org.springframework.util.StreamUtilsTests" time="0.018"/>
  <testcase name="copyToString()" classname="org.springframework.util.StreamUtilsTests" time="0.003"/>
  <testcase name="copyBytes()" classname="org.springframework.util.StreamUtilsTests" time="0.003"/>
  <testcase name="copyRange()" classname="org.springframework.util.StreamUtilsTests" time="0.007"/>
  <testcase name="nonClosingInputStream()" classname="org.springframework.util.StreamUtilsTests" time="0.118"/>
  <testcase name="copyToByteArray()" classname="org.springframework.util.StreamUtilsTests" time="0.001"/>
  <system-out><![CDATA[]]></system-out>
  <system-err><![CDATA[]]></system-err>
</testsuite>
