<?xml version="1.0" encoding="UTF-8"?>
<testsuite name="org.springframework.core.annotation.TypeMappedAnnotationTests" tests="7" skipped="0" failures="0" errors="0" timestamp="2022-11-30T11:07:09" hostname="WKS-SE-RPL" time="0.007">
  <properties/>
  <testcase name="mappingExplicitAliasToMetaAnnotationReturnsMappedValues()" classname="org.springframework.core.annotation.TypeMappedAnnotationTests" time="0.001"/>
  <testcase name="mappingWhenMirroredReturnsMirroredValues()" classname="org.springframework.core.annotation.TypeMappedAnnotationTests" time="0.001"/>
  <testcase name="adaptFromNestedMergedAnnotation()" classname="org.springframework.core.annotation.TypeMappedAnnotationTests" time="0.0"/>
  <testcase name="mappingConventionAliasToMetaAnnotationReturnsMappedValues()" classname="org.springframework.core.annotation.TypeMappedAnnotationTests" time="0.002"/>
  <testcase name="adaptFromStringArrayToClassArray()" classname="org.springframework.core.annotation.TypeMappedAnnotationTests" time="0.001"/>
  <testcase name="adaptFromEmptyArrayToAnyComponentType()" classname="org.springframework.core.annotation.TypeMappedAnnotationTests" time="0.0"/>
  <testcase name="adaptFromStringToClass()" classname="org.springframework.core.annotation.TypeMappedAnnotationTests" time="0.001"/>
  <system-out><![CDATA[12:07:09.550 [Test worker] WARN  o.s.c.a.AnnotationTypeMapping - Support for convention-based annotation attribute overrides is deprecated and will be removed in Spring Framework 6.1. Please annotate the following attributes in @org.springframework.core.annotation.TypeMappedAnnotationTests$ConventionAliasToMetaAnnotation with appropriate @AliasFor declarations: [convention]
]]></system-out>
  <system-err><![CDATA[]]></system-err>
</testsuite>
