<?xml version="1.0" encoding="UTF-8"?>
<testsuite name="org.springframework.aot.hint.predicate.ResourceHintsPredicatesTests" tests="9" skipped="0" failures="0" errors="0" timestamp="2022-11-30T11:06:57" hostname="WKS-SE-RPL" time="0.008">
  <properties/>
  <testcase name="resourceBundleDoesNotMatchBundleName()" classname="org.springframework.aot.hint.predicate.ResourceHintsPredicatesTests" time="0.001"/>
  <testcase name="resourcePatternMatchesTypeInDefaultPackageAndAbsoluteResourceName()" classname="org.springframework.aot.hint.predicate.ResourceHintsPredicatesTests" time="0.004"/>
  <testcase name="resourcePatternMatchesTypeAndResourceName()" classname="org.springframework.aot.hint.predicate.ResourceHintsPredicatesTests" time="0.0"/>
  <testcase name="resourcePatternMatchesTypeInDefaultPackageAndResourceName()" classname="org.springframework.aot.hint.predicate.ResourceHintsPredicatesTests" time="0.0"/>
  <testcase name="resourcePatternDoesNotMatchResourceName()" classname="org.springframework.aot.hint.predicate.ResourceHintsPredicatesTests" time="0.0"/>
  <testcase name="resourcePatternMatchesResourceName()" classname="org.springframework.aot.hint.predicate.ResourceHintsPredicatesTests" time="0.0"/>
  <testcase name="resourcePatternMatchesTypeAndAbsoluteResourceName()" classname="org.springframework.aot.hint.predicate.ResourceHintsPredicatesTests" time="0.0"/>
  <testcase name="resourceBundleMatchesBundleName()" classname="org.springframework.aot.hint.predicate.ResourceHintsPredicatesTests" time="0.0"/>
  <testcase name="resourcePatternDoesNotMatchTypeAndResourceName()" classname="org.springframework.aot.hint.predicate.ResourceHintsPredicatesTests" time="0.0"/>
  <system-out><![CDATA[]]></system-out>
  <system-err><![CDATA[]]></system-err>
</testsuite>
