<?xml version="1.0" encoding="UTF-8"?>
<testsuite name="org.springframework.core.io.ResourceTests$ByteArrayResourceTests" tests="3" skipped="0" failures="0" errors="0" timestamp="2022-11-30T11:07:13" hostname="WKS-SE-RPL" time="0.001">
  <properties/>
  <testcase name="hasDescription()" classname="org.springframework.core.io.ResourceTests$ByteArrayResourceTests" time="0.001"/>
  <testcase name="hasContent()" classname="org.springframework.core.io.ResourceTests$ByteArrayResourceTests" time="0.0"/>
  <testcase name="isNotOpen()" classname="org.springframework.core.io.ResourceTests$ByteArrayResourceTests" time="0.0"/>
  <system-out><![CDATA[]]></system-out>
  <system-err><![CDATA[]]></system-err>
</testsuite>
