<?xml version="1.0" encoding="UTF-8"?>
<testsuite name="org.springframework.core.type.AnnotationTypeFilterTests" tests="6" skipped="0" failures="0" errors="0" timestamp="2022-11-30T11:07:18" hostname="WKS-SE-RPL" time="0.023">
  <properties/>
  <testcase name="directAnnotationMatch()" classname="org.springframework.core.type.AnnotationTypeFilterTests" time="0.016"/>
  <testcase name="inheritedAnnotationFromInterfaceDoesNotMatch()" classname="org.springframework.core.type.AnnotationTypeFilterTests" time="0.001"/>
  <testcase name="inheritedAnnotationFromBaseClassDoesMatch()" classname="org.springframework.core.type.AnnotationTypeFilterTests" time="0.002"/>
  <testcase name="matchesInterfacesIfConfigured()" classname="org.springframework.core.type.AnnotationTypeFilterTests" time="0.001"/>
  <testcase name="nonAnnotatedClassDoesntMatch()" classname="org.springframework.core.type.AnnotationTypeFilterTests" time="0.001"/>
  <testcase name="nonInheritedAnnotationDoesNotMatch()" classname="org.springframework.core.type.AnnotationTypeFilterTests" time="0.002"/>
  <system-out><![CDATA[]]></system-out>
  <system-err><![CDATA[]]></system-err>
</testsuite>
