<?xml version="1.0" encoding="UTF-8"?>
<testsuite name="org.springframework.aot.hint.TypeReferenceTests" tests="6" skipped="0" failures="0" errors="0" timestamp="2022-11-30T11:06:57" hostname="WKS-SE-RPL" time="0.008">
  <properties/>
  <testcase name="typeReferenceWithNestedInnerClassName()" classname="org.springframework.aot.hint.TypeReferenceTests" time="0.003"/>
  <testcase name="typeReferenceWithClassName()" classname="org.springframework.aot.hint.TypeReferenceTests" time="0.0"/>
  <testcase name="toStringUsesCanonicalName()" classname="org.springframework.aot.hint.TypeReferenceTests" time="0.0"/>
  <testcase name="typeReferenceWithInnerClassName()" classname="org.springframework.aot.hint.TypeReferenceTests" time="0.002"/>
  <testcase name="equalsWithNonTypeReferenceIsFalse()" classname="org.springframework.aot.hint.TypeReferenceTests" time="0.0"/>
  <testcase name="equalsWithIdenticalNameIsTrue()" classname="org.springframework.aot.hint.TypeReferenceTests" time="0.0"/>
  <system-out><![CDATA[]]></system-out>
  <system-err><![CDATA[]]></system-err>
</testsuite>
