<?xml version="1.0" encoding="UTF-8"?>
<testsuite name="org.springframework.core.annotation.AnnotationTypeMappingsTests" tests="45" skipped="0" failures="0" errors="0" timestamp="2022-11-30T11:07:07" hostname="WKS-SE-RPL" time="0.202">
  <properties/>
  <testcase name="getMirrorSetWhenThreeDeepReturnsMirrors()" classname="org.springframework.core.annotation.AnnotationTypeMappingsTests" time="0.003"/>
  <testcase name="getAliasMappingReturnsAttributes()" classname="org.springframework.core.annotation.AnnotationTypeMappingsTests" time="0.002"/>
  <testcase name="isEquivalentToDefaultValueWhenClassAndStringNamesMatchReturnsTrue()" classname="org.springframework.core.annotation.AnnotationTypeMappingsTests" time="0.001"/>
  <testcase name="forAnnotationTypeWhenAliasForSelfWithDifferentDefaults()" classname="org.springframework.core.annotation.AnnotationTypeMappingsTests" time="0.002"/>
  <testcase name="forAnnotationTypeWhenAliasForToOtherNonExistingAttribute()" classname="org.springframework.core.annotation.AnnotationTypeMappingsTests" time="0.001"/>
  <testcase name="getDistanceReturnsDistance()" classname="org.springframework.core.annotation.AnnotationTypeMappingsTests" time="0.001"/>
  <testcase name="isEquivalentToDefaultValueWhenNotMatchingReturnsFalse()" classname="org.springframework.core.annotation.AnnotationTypeMappingsTests" time="0.0"/>
  <testcase name="getAnnotationWhenMetaAnnotationReturnsAnnotation()" classname="org.springframework.core.annotation.AnnotationTypeMappingsTests" time="0.0"/>
  <testcase name="isEquivalentToDefaultValueWhenValueAndDefaultAreNullReturnsTrue()" classname="org.springframework.core.annotation.AnnotationTypeMappingsTests" time="0.01"/>
  <testcase name="getAnnotationTypeReturnsAnnotationType()" classname="org.springframework.core.annotation.AnnotationTypeMappingsTests" time="0.0"/>
  <testcase name="forAnnotationTypeWhenMetaAnnotationsReturnsMappings()" classname="org.springframework.core.annotation.AnnotationTypeMappingsTests" time="0.007"/>
  <testcase name="forAnnotationTypeWhenAliasForSelfWithMissingDefault()" classname="org.springframework.core.annotation.AnnotationTypeMappingsTests" time="0.001"/>
  <testcase name="getConventionMappingReturnsAttributes()" classname="org.springframework.core.annotation.AnnotationTypeMappingsTests" time="0.0"/>
  <testcase name="resolveMirrorsWhenHasSameValuesUsesFirst()" classname="org.springframework.core.annotation.AnnotationTypeMappingsTests" time="0.002"/>
  <testcase name="forAnnotationTypeWhenAliasForNonMetaAnnotated()" classname="org.springframework.core.annotation.AnnotationTypeMappingsTests" time="0.001"/>
  <testcase name="getMetaTypeReturnsTypes()" classname="org.springframework.core.annotation.AnnotationTypeMappingsTests" time="0.0"/>
  <testcase name="getConventionMappingWhenConventionToExplicitAliasesReturnsMappedAttributes()" classname="org.springframework.core.annotation.AnnotationTypeMappingsTests" time="0.003"/>
  <testcase name="resolveMirrorsWhenHasWithMultipleRoutesToAliasReturnsMirrors()" classname="org.springframework.core.annotation.AnnotationTypeMappingsTests" time="0.003"/>
  <testcase name="forAnnotationTypeWhenHasAliasForWithBothValueAndAttributeThrowsException()" classname="org.springframework.core.annotation.AnnotationTypeMappingsTests" time="0.001"/>
  <testcase name="isEquivalentToDefaultValueWhenNestedAnnotationAndExtractedValuesMatchReturnsTrueAndValueSuppliedAsTypeMappedAnnotation()" classname="org.springframework.core.annotation.AnnotationTypeMappingsTests" time="0.001"/>
  <testcase name="forAnnotationTypeWhenRepeatableMetaAnnotationIsFiltered()" classname="org.springframework.core.annotation.AnnotationTypeMappingsTests" time="0.003"/>
  <testcase name="getAttributesReturnsAttributes()" classname="org.springframework.core.annotation.AnnotationTypeMappingsTests" time="0.0"/>
  <testcase name="getAnnotationWhenRootReturnsNull()" classname="org.springframework.core.annotation.AnnotationTypeMappingsTests" time="0.0"/>
  <testcase name="forAnnotationTypeWhenSelfAnnotatedReturnsMapping()" classname="org.springframework.core.annotation.AnnotationTypeMappingsTests" time="0.001"/>
  <testcase name="forAnnotationTypeWhenAliasForToSelf()" classname="org.springframework.core.annotation.AnnotationTypeMappingsTests" time="0.001"/>
  <testcase name="forAnnotationTypeWhenAliasForWithArrayCompatibleReturnTypes()" classname="org.springframework.core.annotation.AnnotationTypeMappingsTests" time="0.001"/>
  <testcase name="forAnnotationTypeWhenAliasForHasMixedImplicitAndExplicitAliases()" classname="org.springframework.core.annotation.AnnotationTypeMappingsTests" time="0.125"/>
  <testcase name="forAnnotationTypeWhenAliasWithExplicitMirrorAndDifferentDefaults()" classname="org.springframework.core.annotation.AnnotationTypeMappingsTests" time="0.002"/>
  <testcase name="resolveMirrorsWhenHasDifferentValuesThrowsException()" classname="org.springframework.core.annotation.AnnotationTypeMappingsTests" time="0.001"/>
  <testcase name="forAnnotationTypeWhenFormsLoopReturnsMapping()" classname="org.springframework.core.annotation.AnnotationTypeMappingsTests" time="0.002"/>
  <testcase name="isEquivalentToDefaultValueWhenValueAndDefaultMatchReturnsTrue()" classname="org.springframework.core.annotation.AnnotationTypeMappingsTests" time="0.001"/>
  <testcase name="getAliasMappingWhenHasWithMultipleRoutesToAliasReturnsMappedAttributes()" classname="org.springframework.core.annotation.AnnotationTypeMappingsTests" time="0.0"/>
  <testcase name="isEquivalentToDefaultValueWhenClassArrayAndStringArrayNamesMatchReturnsTrue()" classname="org.springframework.core.annotation.AnnotationTypeMappingsTests" time="0.001"/>
  <testcase name="forAnnotationTypeWhenAliasForToSelfNonExistingAttribute()" classname="org.springframework.core.annotation.AnnotationTypeMappingsTests" time="0.0"/>
  <testcase name="getAliasMappingsWhenHasDefinedAttributesReturnsMappedAttributes()" classname="org.springframework.core.annotation.AnnotationTypeMappingsTests" time="0.001"/>
  <testcase name="forAnnotationTypeWhenHasRepeatingMetaAnnotationReturnsMapping()" classname="org.springframework.core.annotation.AnnotationTypeMappingsTests" time="0.0"/>
  <testcase name="resolveMirrorsWhenOnlyHasDefaultValuesUsesFirst()" classname="org.springframework.core.annotation.AnnotationTypeMappingsTests" time="0.0"/>
  <testcase name="forAnnotationTypeWhenAliasForToSelfAnnotatedToOtherAttribute()" classname="org.springframework.core.annotation.AnnotationTypeMappingsTests" time="0.002"/>
  <testcase name="forAnnotationTypeWhenAliasForWithIncompatibleReturnTypes()" classname="org.springframework.core.annotation.AnnotationTypeMappingsTests" time="0.001"/>
  <testcase name="isEquivalentToDefaultValueWhenNestedAnnotationAndExtractedValuesMatchReturnsTrueAndValueSuppliedAsMap()" classname="org.springframework.core.annotation.AnnotationTypeMappingsTests" time="0.0"/>
  <testcase name="getMirrorSetWhenAliasPairReturnsMirrors()" classname="org.springframework.core.annotation.AnnotationTypeMappingsTests" time="0.001"/>
  <testcase name="getMirrorSetWhenImplicitMirrorsReturnsMirrors()" classname="org.springframework.core.annotation.AnnotationTypeMappingsTests" time="0.001"/>
  <testcase name="getAliasMappingWhenThreeDeepReturnsMappedAttributes()" classname="org.springframework.core.annotation.AnnotationTypeMappingsTests" time="0.0"/>
  <testcase name="forAnnotationTypeWhenNoMetaAnnotationsReturnsMappings()" classname="org.springframework.core.annotation.AnnotationTypeMappingsTests" time="0.001"/>
  <testcase name="resolveMirrorsWhenAliasPairResolves()" classname="org.springframework.core.annotation.AnnotationTypeMappingsTests" time="0.0"/>
  <system-out><![CDATA[12:07:07.883 [Test worker] WARN  o.s.c.a.AnnotationTypeMapping - Support for convention-based annotation attribute overrides is deprecated and will be removed in Spring Framework 6.1. Please annotate the following attributes in @org.springframework.core.annotation.AnnotationTypeMappingsTests$Mapped with appropriate @AliasFor declarations: [convention]
12:07:07.916 [Test worker] WARN  o.s.c.a.AnnotationTypeMapping - Support for convention-based annotation attribute overrides is deprecated and will be removed in Spring Framework 6.1. Please annotate the following attributes in @org.springframework.core.annotation.AnnotationTypeMappingsTests$ConventionToExplicitAliases with appropriate @AliasFor declarations: [test]
]]></system-out>
  <system-err><![CDATA[]]></system-err>
</testsuite>
