<?xml version="1.0" encoding="UTF-8"?>
<testsuite name="org.springframework.core.convert.support.ObjectToObjectConverterTests" tests="3" skipped="0" failures="0" errors="0" timestamp="2022-11-30T11:07:11" hostname="WKS-SE-RPL" time="0.002">
  <properties/>
  <testcase name="staticValueOfFactoryMethodWithDifferentReturnType()" classname="org.springframework.core.convert.support.ObjectToObjectConverterTests" time="0.0"/>
  <testcase name="nonStaticToTargetTypeSimpleNameMethodWithDifferentReturnType()" classname="org.springframework.core.convert.support.ObjectToObjectConverterTests" time="0.001"/>
  <testcase name="nonStaticToTargetTypeSimpleNameMethodWithMatchingReturnType()" classname="org.springframework.core.convert.support.ObjectToObjectConverterTests" time="0.0"/>
  <system-out><![CDATA[]]></system-out>
  <system-err><![CDATA[]]></system-err>
</testsuite>
