<?xml version="1.0" encoding="UTF-8"?>
<testsuite name="org.springframework.aot.generate.GeneratedTypeReferenceTests" tests="7" skipped="0" failures="0" errors="0" timestamp="2022-11-30T11:06:55" hostname="WKS-SE-RPL" time="0.127">
  <properties/>
  <testcase name="createWithClassName()" classname="org.springframework.aot.generate.GeneratedTypeReferenceTests" time="0.0"/>
  <testcase name="nameOfCglibProxy()" classname="org.springframework.aot.generate.GeneratedTypeReferenceTests" time="0.0"/>
  <testcase name="nameOfNestedCglibProxy()" classname="org.springframework.aot.generate.GeneratedTypeReferenceTests" time="0.001"/>
  <testcase name="createWithClassNameAndParent()" classname="org.springframework.aot.generate.GeneratedTypeReferenceTests" time="0.002"/>
  <testcase name="[1] typeReference=com.example.Test, binaryName=com.example.Test" classname="org.springframework.aot.generate.GeneratedTypeReferenceTests" time="0.051"/>
  <testcase name="[2] typeReference=com.example.Test.Inner, binaryName=com.example.Test$Inner" classname="org.springframework.aot.generate.GeneratedTypeReferenceTests" time="0.0"/>
  <testcase name="equalsWithIdenticalCanonicalNameIsTrue()" classname="org.springframework.aot.generate.GeneratedTypeReferenceTests" time="0.002"/>
  <system-out><![CDATA[]]></system-out>
  <system-err><![CDATA[]]></system-err>
</testsuite>
