<?xml version="1.0" encoding="UTF-8"?>
<testsuite name="org.springframework.core.io.support.KotlinSpringFactoriesLoaderTests" tests="8" skipped="0" failures="0" errors="0" timestamp="2022-11-30T11:07:31" hostname="WKS-SE-RPL" time="0.018">
  <properties/>
  <testcase name="Instantiate class with protected constructor()" classname="org.springframework.core.io.support.KotlinSpringFactoriesLoaderTests" time="0.008"/>
  <testcase name="Instantiate immutable data class()" classname="org.springframework.core.io.support.KotlinSpringFactoriesLoaderTests" time="0.002"/>
  <testcase name="Instantiate private class()" classname="org.springframework.core.io.support.KotlinSpringFactoriesLoaderTests" time="0.001"/>
  <testcase name="Instantiate class with private constructor()" classname="org.springframework.core.io.support.KotlinSpringFactoriesLoaderTests" time="0.001"/>
  <testcase name="Instantiate immutable class with nullable argument()" classname="org.springframework.core.io.support.KotlinSpringFactoriesLoaderTests" time="0.002"/>
  <testcase name="Instantiate immutable class with optional argument and only mandatory arguments specified()" classname="org.springframework.core.io.support.KotlinSpringFactoriesLoaderTests" time="0.001"/>
  <testcase name="Instantiate immutable data class with optional parameter and all arguments specified()" classname="org.springframework.core.io.support.KotlinSpringFactoriesLoaderTests" time="0.0"/>
  <testcase name="Instantiate class with all optional argument()" classname="org.springframework.core.io.support.KotlinSpringFactoriesLoaderTests" time="0.002"/>
  <system-out><![CDATA[]]></system-out>
  <system-err><![CDATA[]]></system-err>
</testsuite>
