<?xml version="1.0" encoding="UTF-8"?>
<testsuite name="org.springframework.aot.hint.JdkProxyHintTests" tests="6" skipped="0" failures="0" errors="0" timestamp="2022-11-30T11:06:56" hostname="WKS-SE-RPL" time="0.005">
  <properties/>
  <testcase name="equalsWithSameProxiedInterfacesDifferentOrderIsFalse()" classname="org.springframework.aot.hint.JdkProxyHintTests" time="0.002"/>
  <testcase name="equalsWithSameInstanceIsTrue()" classname="org.springframework.aot.hint.JdkProxyHintTests" time="0.0"/>
  <testcase name="equalsWithDifferentProxiedInterfacesIsFalse()" classname="org.springframework.aot.hint.JdkProxyHintTests" time="0.001"/>
  <testcase name="equalsWithNonJdkProxyHintIsFalse()" classname="org.springframework.aot.hint.JdkProxyHintTests" time="0.0"/>
  <testcase name="equalsWithSameProxiedInterfacesAndDifferentConditionIsFalse()" classname="org.springframework.aot.hint.JdkProxyHintTests" time="0.001"/>
  <testcase name="equalsWithSameProxiedInterfacesIsTrue()" classname="org.springframework.aot.hint.JdkProxyHintTests" time="0.0"/>
  <system-out><![CDATA[]]></system-out>
  <system-err><![CDATA[]]></system-err>
</testsuite>
