<?xml version="1.0" encoding="UTF-8"?>
<testsuite name="org.springframework.aot.nativex.SerializationHintsWriterTests" tests="4" skipped="0" failures="0" errors="0" timestamp="2022-11-30T11:06:58" hostname="WKS-SE-RPL" time="0.002">
  <properties/>
  <testcase name="shouldWriteSingleHintWithCondition()" classname="org.springframework.aot.nativex.SerializationHintsWriterTests" time="0.001"/>
  <testcase name="shouldWriteMultipleHints()" classname="org.springframework.aot.nativex.SerializationHintsWriterTests" time="0.0"/>
  <testcase name="shouldWriteSingleHint()" classname="org.springframework.aot.nativex.SerializationHintsWriterTests" time="0.0"/>
  <testcase name="shouldWriteEmptyHint()" classname="org.springframework.aot.nativex.SerializationHintsWriterTests" time="0.0"/>
  <system-out><![CDATA[]]></system-out>
  <system-err><![CDATA[]]></system-err>
</testsuite>
