<?xml version="1.0" encoding="UTF-8"?>
<testsuite name="org.springframework.core.type.CachingMetadataReaderLeakTests" tests="1" skipped="1" failures="0" errors="0" timestamp="2022-11-30T11:07:19" hostname="WKS-SE-RPL" time="0.0">
  <properties/>
  <testcase name="significantLoad()" classname="org.springframework.core.type.CachingMetadataReaderLeakTests" time="0.0">
    <skipped/>
  </testcase>
  <system-out><![CDATA[]]></system-out>
  <system-err><![CDATA[]]></system-err>
</testsuite>
