<?xml version="1.0" encoding="UTF-8"?>
<testsuite name="org.springframework.util.function.ThrowingSupplierTests" tests="6" skipped="0" failures="0" errors="0" timestamp="2022-11-30T11:07:23" hostname="WKS-SE-RPL" time="0.019">
  <properties/>
  <testcase name="getWhenThrowingUncheckedExceptionThrowsOriginal()" classname="org.springframework.util.function.ThrowingSupplierTests" time="0.001"/>
  <testcase name="ofModifiesThrowException()" classname="org.springframework.util.function.ThrowingSupplierTests" time="0.002"/>
  <testcase name="getWhenThrowingCheckedExceptionThrowsWrapperRuntimeException()" classname="org.springframework.util.function.ThrowingSupplierTests" time="0.001"/>
  <testcase name="getWithExceptionWrapperWhenThrowingCheckedExceptionThrowsWrapper()" classname="org.springframework.util.function.ThrowingSupplierTests" time="0.001"/>
  <testcase name="getWithExceptionWrapperWhenThrowingUncheckedExceptionThrowsOriginal()" classname="org.springframework.util.function.ThrowingSupplierTests" time="0.013"/>
  <testcase name="throwingModifiesThrownException()" classname="org.springframework.util.function.ThrowingSupplierTests" time="0.001"/>
  <system-out><![CDATA[]]></system-out>
  <system-err><![CDATA[]]></system-err>
</testsuite>
