<?xml version="1.0" encoding="UTF-8"?>
<testsuite name="org.springframework.core.codec.Netty5BufferDecoderTests" tests="3" skipped="0" failures="0" errors="0" timestamp="2022-11-30T11:07:10" hostname="WKS-SE-RPL" time="0.162">
  <properties/>
  <testcase name="decodeToMono()" classname="org.springframework.core.codec.Netty5BufferDecoderTests" time="0.155"/>
  <testcase name="decode()" classname="org.springframework.core.codec.Netty5BufferDecoderTests" time="0.006"/>
  <testcase name="canDecode()" classname="org.springframework.core.codec.Netty5BufferDecoderTests" time="0.0"/>
  <system-out><![CDATA[]]></system-out>
  <system-err><![CDATA[]]></system-err>
</testsuite>
