<?xml version="1.0" encoding="UTF-8"?>
<testsuite name="org.springframework.util.ConcurrentReferenceHashMapTests" tests="44" skipped="1" failures="0" errors="0" timestamp="2022-11-30T11:07:20" hostname="WKS-SE-RPL" time="0.042">
  <properties/>
  <testcase name="shouldRemoveWhenKeyIsInMap()" classname="org.springframework.util.ConcurrentReferenceHashMapTests" time="0.002"/>
  <testcase name="shouldPurgeOnGet()" classname="org.springframework.util.ConcurrentReferenceHashMapTests" time="0.0"/>
  <testcase name="shouldPurgeOnPut()" classname="org.springframework.util.ConcurrentReferenceHashMapTests" time="0.001"/>
  <testcase name="shouldNeedPositiveConcurrencyLevel()" classname="org.springframework.util.ConcurrentReferenceHashMapTests" time="0.013"/>
  <testcase name="shouldPutAndGet()" classname="org.springframework.util.ConcurrentReferenceHashMapTests" time="0.0"/>
  <testcase name="shouldReplaceValue()" classname="org.springframework.util.ConcurrentReferenceHashMapTests" time="0.0"/>
  <testcase name="shouldApplySupplementalHash()" classname="org.springframework.util.ConcurrentReferenceHashMapTests" time="0.001"/>
  <testcase name="shouldCreateWithInitialCapacity()" classname="org.springframework.util.ConcurrentReferenceHashMapTests" time="0.0"/>
  <testcase name="shouldSupportIsEmpty()" classname="org.springframework.util.ConcurrentReferenceHashMapTests" time="0.001"/>
  <testcase name="shouldPutAll()" classname="org.springframework.util.ConcurrentReferenceHashMapTests" time="0.005"/>
  <testcase name="shouldContainKey()" classname="org.springframework.util.ConcurrentReferenceHashMapTests" time="0.0"/>
  <testcase name="shouldResize()" classname="org.springframework.util.ConcurrentReferenceHashMapTests" time="0.0"/>
  <testcase name="shouldSetViaEntrySet()" classname="org.springframework.util.ConcurrentReferenceHashMapTests" time="0.001"/>
  <testcase name="shouldRemoveKeyAndValue()" classname="org.springframework.util.ConcurrentReferenceHashMapTests" time="0.0"/>
  <testcase name="shouldRemoveWhenKeyIsNotInMap()" classname="org.springframework.util.ConcurrentReferenceHashMapTests" time="0.0"/>
  <testcase name="shouldCreateFullyCustom()" classname="org.springframework.util.ConcurrentReferenceHashMapTests" time="0.001"/>
  <testcase name="shouldRemoveViaEntrySet()" classname="org.springframework.util.ConcurrentReferenceHashMapTests" time="0.0"/>
  <testcase name="shouldRemoveKeyAndValueWithExistingNull()" classname="org.springframework.util.ConcurrentReferenceHashMapTests" time="0.001"/>
  <testcase name="shouldReplaceOldNullValueWithNewValue()" classname="org.springframework.util.ConcurrentReferenceHashMapTests" time="0.0"/>
  <testcase name="shouldReplaceOldValueWithNewValue()" classname="org.springframework.util.ConcurrentReferenceHashMapTests" time="0.0"/>
  <testcase name="shouldClear()" classname="org.springframework.util.ConcurrentReferenceHashMapTests" time="0.0"/>
  <testcase name="shouldGetKeySet()" classname="org.springframework.util.ConcurrentReferenceHashMapTests" time="0.0"/>
  <testcase name="shouldPutIfAbsentWithNullValue()" classname="org.springframework.util.ConcurrentReferenceHashMapTests" time="0.0"/>
  <testcase name="shouldReplaceOnDoublePut()" classname="org.springframework.util.ConcurrentReferenceHashMapTests" time="0.0"/>
  <testcase name="shouldContainValue()" classname="org.springframework.util.ConcurrentReferenceHashMapTests" time="0.001"/>
  <testcase name="shouldGetValues()" classname="org.springframework.util.ConcurrentReferenceHashMapTests" time="0.0"/>
  <testcase name="shouldGetSize()" classname="org.springframework.util.ConcurrentReferenceHashMapTests" time="0.001"/>
  <testcase name="shouldNeedPositiveLoadFactor()" classname="org.springframework.util.ConcurrentReferenceHashMapTests" time="0.0"/>
  <testcase name="shouldCreateWithInitialCapacityAndLoadFactor()" classname="org.springframework.util.ConcurrentReferenceHashMapTests" time="0.0"/>
  <testcase name="shouldGetFollowingNexts()" classname="org.springframework.util.ConcurrentReferenceHashMapTests" time="0.0"/>
  <testcase name="shouldGetEntrySet()" classname="org.springframework.util.ConcurrentReferenceHashMapTests" time="0.0"/>
  <testcase name="shouldPutIfAbsentWithNullKey()" classname="org.springframework.util.ConcurrentReferenceHashMapTests" time="0.0"/>
  <testcase name="shouldCreateWithDefaults()" classname="org.springframework.util.ConcurrentReferenceHashMapTests" time="0.0"/>
  <testcase name="shouldReplaceNullValue()" classname="org.springframework.util.ConcurrentReferenceHashMapTests" time="0.0"/>
  <testcase name="shouldBeFasterThanSynchronizedMap()" classname="org.springframework.util.ConcurrentReferenceHashMapTests" time="0.0">
    <skipped/>
  </testcase>
  <testcase name="containsViaEntrySet()" classname="org.springframework.util.ConcurrentReferenceHashMapTests" time="0.004"/>
  <testcase name="shouldPutIfAbsent()" classname="org.springframework.util.ConcurrentReferenceHashMapTests" time="0.0"/>
  <testcase name="shouldSupportNullReference()" classname="org.springframework.util.ConcurrentReferenceHashMapTests" time="0.0"/>
  <testcase name="shouldGetWithNoItems()" classname="org.springframework.util.ConcurrentReferenceHashMapTests" time="0.0"/>
  <testcase name="shouldPutNullValue()" classname="org.springframework.util.ConcurrentReferenceHashMapTests" time="0.001"/>
  <testcase name="shouldPutNullKey()" classname="org.springframework.util.ConcurrentReferenceHashMapTests" time="0.0"/>
  <testcase name="shouldCreateWithInitialCapacityAndConcurrentLevel()" classname="org.springframework.util.ConcurrentReferenceHashMapTests" time="0.0"/>
  <testcase name="shouldNeedNonNegativeInitialCapacity()" classname="org.springframework.util.ConcurrentReferenceHashMapTests" time="0.001"/>
  <testcase name="shouldGetEntrySetFollowingNext()" classname="org.springframework.util.ConcurrentReferenceHashMapTests" time="0.0"/>
  <system-out><![CDATA[]]></system-out>
  <system-err><![CDATA[]]></system-err>
</testsuite>
