<?xml version="1.0" encoding="UTF-8"?>
<testsuite name="org.springframework.core.annotation.AnnotationBackCompatibilityTests" tests="2" skipped="0" failures="0" errors="0" timestamp="2022-11-30T11:07:07" hostname="WKS-SE-RPL" time="0.007">
  <properties/>
  <testcase name="defaultValue()" classname="org.springframework.core.annotation.AnnotationBackCompatibilityTests" time="0.002"/>
  <testcase name="multiplRoutesToMetaAnnotation()" classname="org.springframework.core.annotation.AnnotationBackCompatibilityTests" time="0.005"/>
  <system-out><![CDATA[]]></system-out>
  <system-err><![CDATA[]]></system-err>
</testsuite>
