<?xml version="1.0" encoding="UTF-8"?>
<testsuite name="org.springframework.core.GenericTypeResolverTests" tests="16" skipped="0" failures="0" errors="0" timestamp="2022-11-30T11:06:59" hostname="WKS-SE-RPL" time="0.013">
  <properties/>
  <testcase name="nullIfNotResolvable()" classname="org.springframework.core.GenericTypeResolverTests" time="0.001"/>
  <testcase name="simpleCollectionSuperclassType()" classname="org.springframework.core.GenericTypeResolverTests" time="0.0"/>
  <testcase name="resolveTransitiveTypeVariableWithDifferentName()" classname="org.springframework.core.GenericTypeResolverTests" time="0.001"/>
  <testcase name="getGenericsOnArrayFromReturnCannotBeResolved()" classname="org.springframework.core.GenericTypeResolverTests" time="0.001"/>
  <testcase name="simpleCollectionInterfaceType()" classname="org.springframework.core.GenericTypeResolverTests" time="0.001"/>
  <testcase name="getRawMapTypeCannotBeResolved()" classname="org.springframework.core.GenericTypeResolverTests" time="0.0"/>
  <testcase name="simpleSuperclassType()" classname="org.springframework.core.GenericTypeResolverTests" time="0.0"/>
  <testcase name="resolvePartiallySpecializedTypeVariables()" classname="org.springframework.core.GenericTypeResolverTests" time="0.0"/>
  <testcase name="getGenericsOnArrayFromParamCannotBeResolved()" classname="org.springframework.core.GenericTypeResolverTests" time="0.0"/>
  <testcase name="getGenericsCannotBeResolved()" classname="org.springframework.core.GenericTypeResolverTests" time="0.001"/>
  <testcase name="boundParameterizedType()" classname="org.springframework.core.GenericTypeResolverTests" time="0.0"/>
  <testcase name="methodReturnTypes()" classname="org.springframework.core.GenericTypeResolverTests" time="0.001"/>
  <testcase name="testGetTypeVariableMap()" classname="org.springframework.core.GenericTypeResolverTests" time="0.003"/>
  <testcase name="testResolveType()" classname="org.springframework.core.GenericTypeResolverTests" time="0.001"/>
  <testcase name="resolveIncompleteTypeVariables()" classname="org.springframework.core.GenericTypeResolverTests" time="0.001"/>
  <testcase name="simpleInterfaceType()" classname="org.springframework.core.GenericTypeResolverTests" time="0.0"/>
  <system-out><![CDATA[]]></system-out>
  <system-err><![CDATA[]]></system-err>
</testsuite>
