<?xml version="1.0" encoding="UTF-8"?>
<testsuite name="org.springframework.core.codec.StringDecoderTests" tests="13" skipped="0" failures="0" errors="0" timestamp="2022-11-30T11:07:10" hostname="WKS-SE-RPL" time="0.095">
  <properties/>
  <testcase name="decodeToMono()" classname="org.springframework.core.codec.StringDecoderTests" time="0.02"/>
  <testcase name="maxInMemoryLimitDoesNotApplyToParsedItemsThatDontRequireBuffering()" classname="org.springframework.core.codec.StringDecoderTests" time="0.013"/>
  <testcase name="decode()" classname="org.springframework.core.codec.StringDecoderTests" time="0.017"/>
  <testcase name="decodeNewlinesAcrossBuffers()" classname="org.springframework.core.codec.StringDecoderTests" time="0.006"/>
  <testcase name="decodeToMonoWithEmptyFlux()" classname="org.springframework.core.codec.StringDecoderTests" time="0.001"/>
  <testcase name="decodeEmptyDataBuffer()" classname="org.springframework.core.codec.StringDecoderTests" time="0.005"/>
  <testcase name="canDecode()" classname="org.springframework.core.codec.StringDecoderTests" time="0.001"/>
  <testcase name="maxInMemoryLimitReleaseUnprocessedLinesWhenUnlimited()" classname="org.springframework.core.codec.StringDecoderTests" time="0.003"/>
  <testcase name="maxInMemoryLimit()" classname="org.springframework.core.codec.StringDecoderTests" time="0.005"/>
  <testcase name="decodeNewLineIncludeDelimiters()" classname="org.springframework.core.codec.StringDecoderTests" time="0.007"/>
  <testcase name="decodeNewLine()" classname="org.springframework.core.codec.StringDecoderTests" time="0.006"/>
  <testcase name="decodeEmptyFlux()" classname="org.springframework.core.codec.StringDecoderTests" time="0.001"/>
  <testcase name="decodeMultibyteCharacterUtf16()" classname="org.springframework.core.codec.StringDecoderTests" time="0.005"/>
  <system-out><![CDATA[]]></system-out>
  <system-err><![CDATA[]]></system-err>
</testsuite>
