<?xml version="1.0" encoding="UTF-8"?>
<testsuite name="org.springframework.core.io.ClassPathResourceTests$GetPath" tests="2" skipped="0" failures="0" errors="0" timestamp="2022-11-30T11:07:11" hostname="WKS-SE-RPL" time="0.0">
  <properties/>
  <testcase name="dropsLeadingSlashForClassLoaderAccess()" classname="org.springframework.core.io.ClassPathResourceTests$GetPath" time="0.0"/>
  <testcase name="convertsToAbsolutePathForClassRelativeAccess()" classname="org.springframework.core.io.ClassPathResourceTests$GetPath" time="0.0"/>
  <system-out><![CDATA[]]></system-out>
  <system-err><![CDATA[]]></system-err>
</testsuite>
