<?xml version="1.0" encoding="UTF-8"?>
<testsuite name="org.springframework.core.CollectionFactoryTests" tests="24" skipped="0" failures="0" errors="0" timestamp="2022-11-30T11:06:58" hostname="WKS-SE-RPL" time="0.04">
  <properties/>
  <testcase name="createApproximateCollectionFromNonEmptyHashSet()" classname="org.springframework.core.CollectionFactoryTests" time="0.003"/>
  <testcase name="createApproximateMapFromNonEmptyHashMap()" classname="org.springframework.core.CollectionFactoryTests" time="0.0"/>
  <testcase name="createApproximateCollectionFromEmptyHashSet()" classname="org.springframework.core.CollectionFactoryTests" time="0.0"/>
  <testcase name="rejectsNullElementTypeForEnumSet()" classname="org.springframework.core.CollectionFactoryTests" time="0.0"/>
  <testcase name="createMapIsNotTypeSafeForLinkedMultiValueMap()" classname="org.springframework.core.CollectionFactoryTests" time="0.001"/>
  <testcase name="createApproximateCollectionIsNotTypeSafeForEnumSet()" classname="org.springframework.core.CollectionFactoryTests" time="0.001"/>
  <testcase name="rejectsInvalidKeyTypeForEnumMap()" classname="org.springframework.core.CollectionFactoryTests" time="0.001"/>
  <testcase name="createApproximateMapFromEmptyEnumMap()" classname="org.springframework.core.CollectionFactoryTests" time="0.0"/>
  <testcase name="createsEnumMap()" classname="org.springframework.core.CollectionFactoryTests" time="0.0"/>
  <testcase name="createsEnumSet()" classname="org.springframework.core.CollectionFactoryTests" time="0.0"/>
  <testcase name="createsCollectionsCorrectly()" classname="org.springframework.core.CollectionFactoryTests" time="0.001"/>
  <testcase name="rejectsInvalidElementTypeForEnumSet()" classname="org.springframework.core.CollectionFactoryTests" time="0.0"/>
  <testcase name="rejectsNullCollectionType()" classname="org.springframework.core.CollectionFactoryTests" time="0.0"/>
  <testcase name="createApproximateCollectionFromNonEmptyEnumSet()" classname="org.springframework.core.CollectionFactoryTests" time="0.0"/>
  <testcase name="createApproximateMapFromNonEmptyEnumMap()" classname="org.springframework.core.CollectionFactoryTests" time="0.0"/>
  <testcase name="createApproximateCollectionFromEmptyEnumSet()" classname="org.springframework.core.CollectionFactoryTests" time="0.002"/>
  <testcase name="createCollectionIsNotTypeSafeForEnumSet()" classname="org.springframework.core.CollectionFactoryTests" time="0.002"/>
  <testcase name="rejectsNullMapType()" classname="org.springframework.core.CollectionFactoryTests" time="0.003"/>
  <testcase name="rejectsNullKeyTypeForEnumMap()" classname="org.springframework.core.CollectionFactoryTests" time="0.001"/>
  <testcase name="createsEnumSetSubclass()" classname="org.springframework.core.CollectionFactoryTests" time="0.001"/>
  <testcase name="createMapIsNotTypeSafeForEnumMap()" classname="org.springframework.core.CollectionFactoryTests" time="0.004"/>
  <testcase name="createApproximateMapIsNotTypeSafeForEnumMap()" classname="org.springframework.core.CollectionFactoryTests" time="0.001"/>
  <testcase name="createsMapsCorrectly()" classname="org.springframework.core.CollectionFactoryTests" time="0.001"/>
  <testcase name="createApproximateMapFromEmptyHashMap()" classname="org.springframework.core.CollectionFactoryTests" time="0.001"/>
  <system-out><![CDATA[]]></system-out>
  <system-err><![CDATA[]]></system-err>
</testsuite>
