<?xml version="1.0" encoding="UTF-8"?>
<testsuite name="org.springframework.core.io.buffer.DataBufferUtilsTests" tests="461" skipped="0" failures="0" errors="0" timestamp="2022-11-30T11:07:14" hostname="WKS-SE-RPL" time="2.417">
  <properties/>
  <testcase name="[1] NettyDataBufferFactory - UnpooledByteBufAllocator - preferDirect = true" classname="org.springframework.core.io.buffer.DataBufferUtilsTests" time="0.002"/>
  <testcase name="[2] NettyDataBufferFactory - UnpooledByteBufAllocator - preferDirect = false" classname="org.springframework.core.io.buffer.DataBufferUtilsTests" time="0.001"/>
  <testcase name="[3] NettyDataBufferFactory - PooledByteBufAllocator - preferDirect = true" classname="org.springframework.core.io.buffer.DataBufferUtilsTests" time="0.002"/>
  <testcase name="[4] NettyDataBufferFactory - PooledByteBufAllocator - preferDirect = false" classname="org.springframework.core.io.buffer.DataBufferUtilsTests" time="0.001"/>
  <testcase name="[5] Netty5DataBufferFactory - BufferAllocator.onHeapUnpooled()" classname="org.springframework.core.io.buffer.DataBufferUtilsTests" time="0.002"/>
  <testcase name="[6] Netty5DataBufferFactory - BufferAllocator.offHeapUnpooled()" classname="org.springframework.core.io.buffer.DataBufferUtilsTests" time="0.002"/>
  <testcase name="[7] Netty5DataBufferFactory - BufferAllocator.onHeapPooled()" classname="org.springframework.core.io.buffer.DataBufferUtilsTests" time="0.008"/>
  <testcase name="[8] Netty5DataBufferFactory - BufferAllocator.offHeapPooled()" classname="org.springframework.core.io.buffer.DataBufferUtilsTests" time="0.003"/>
  <testcase name="[9] DefaultDataBufferFactory - preferDirect = true" classname="org.springframework.core.io.buffer.DataBufferUtilsTests" time="0.001"/>
  <testcase name="[10] DefaultDataBufferFactory - preferDirect = false" classname="org.springframework.core.io.buffer.DataBufferUtilsTests" time="0.001"/>
  <testcase name="[1] NettyDataBufferFactory - UnpooledByteBufAllocator - preferDirect = true" classname="org.springframework.core.io.buffer.DataBufferUtilsTests" time="0.065"/>
  <testcase name="[2] NettyDataBufferFactory - UnpooledByteBufAllocator - preferDirect = false" classname="org.springframework.core.io.buffer.DataBufferUtilsTests" time="0.001"/>
  <testcase name="[3] NettyDataBufferFactory - PooledByteBufAllocator - preferDirect = true" classname="org.springframework.core.io.buffer.DataBufferUtilsTests" time="0.002"/>
  <testcase name="[4] NettyDataBufferFactory - PooledByteBufAllocator - preferDirect = false" classname="org.springframework.core.io.buffer.DataBufferUtilsTests" time="0.002"/>
  <testcase name="[5] Netty5DataBufferFactory - BufferAllocator.onHeapUnpooled()" classname="org.springframework.core.io.buffer.DataBufferUtilsTests" time="0.029"/>
  <testcase name="[6] Netty5DataBufferFactory - BufferAllocator.offHeapUnpooled()" classname="org.springframework.core.io.buffer.DataBufferUtilsTests" time="0.001"/>
  <testcase name="[7] Netty5DataBufferFactory - BufferAllocator.onHeapPooled()" classname="org.springframework.core.io.buffer.DataBufferUtilsTests" time="0.009"/>
  <testcase name="[8] Netty5DataBufferFactory - BufferAllocator.offHeapPooled()" classname="org.springframework.core.io.buffer.DataBufferUtilsTests" time="0.003"/>
  <testcase name="[9] DefaultDataBufferFactory - preferDirect = true" classname="org.springframework.core.io.buffer.DataBufferUtilsTests" time="0.001"/>
  <testcase name="[10] DefaultDataBufferFactory - preferDirect = false" classname="org.springframework.core.io.buffer.DataBufferUtilsTests" time="0.002"/>
  <testcase name="[1] NettyDataBufferFactory - UnpooledByteBufAllocator - preferDirect = true" classname="org.springframework.core.io.buffer.DataBufferUtilsTests" time="0.037"/>
  <testcase name="[2] NettyDataBufferFactory - UnpooledByteBufAllocator - preferDirect = false" classname="org.springframework.core.io.buffer.DataBufferUtilsTests" time="0.003"/>
  <testcase name="[3] NettyDataBufferFactory - PooledByteBufAllocator - preferDirect = true" classname="org.springframework.core.io.buffer.DataBufferUtilsTests" time="0.01"/>
  <testcase name="[4] NettyDataBufferFactory - PooledByteBufAllocator - preferDirect = false" classname="org.springframework.core.io.buffer.DataBufferUtilsTests" time="0.004"/>
  <testcase name="[5] Netty5DataBufferFactory - BufferAllocator.onHeapUnpooled()" classname="org.springframework.core.io.buffer.DataBufferUtilsTests" time="0.005"/>
  <testcase name="[6] Netty5DataBufferFactory - BufferAllocator.offHeapUnpooled()" classname="org.springframework.core.io.buffer.DataBufferUtilsTests" time="0.005"/>
  <testcase name="[7] Netty5DataBufferFactory - BufferAllocator.onHeapPooled()" classname="org.springframework.core.io.buffer.DataBufferUtilsTests" time="0.012"/>
  <testcase name="[8] Netty5DataBufferFactory - BufferAllocator.offHeapPooled()" classname="org.springframework.core.io.buffer.DataBufferUtilsTests" time="0.007"/>
  <testcase name="[9] DefaultDataBufferFactory - preferDirect = true" classname="org.springframework.core.io.buffer.DataBufferUtilsTests" time="0.007"/>
  <testcase name="[10] DefaultDataBufferFactory - preferDirect = false" classname="org.springframework.core.io.buffer.DataBufferUtilsTests" time="0.003"/>
  <testcase name="[1] NettyDataBufferFactory - UnpooledByteBufAllocator - preferDirect = true" classname="org.springframework.core.io.buffer.DataBufferUtilsTests" time="0.002"/>
  <testcase name="[2] NettyDataBufferFactory - UnpooledByteBufAllocator - preferDirect = false" classname="org.springframework.core.io.buffer.DataBufferUtilsTests" time="0.002"/>
  <testcase name="[3] NettyDataBufferFactory - PooledByteBufAllocator - preferDirect = true" classname="org.springframework.core.io.buffer.DataBufferUtilsTests" time="0.002"/>
  <testcase name="[4] NettyDataBufferFactory - PooledByteBufAllocator - preferDirect = false" classname="org.springframework.core.io.buffer.DataBufferUtilsTests" time="0.002"/>
  <testcase name="[5] Netty5DataBufferFactory - BufferAllocator.onHeapUnpooled()" classname="org.springframework.core.io.buffer.DataBufferUtilsTests" time="0.003"/>
  <testcase name="[6] Netty5DataBufferFactory - BufferAllocator.offHeapUnpooled()" classname="org.springframework.core.io.buffer.DataBufferUtilsTests" time="0.002"/>
  <testcase name="[7] Netty5DataBufferFactory - BufferAllocator.onHeapPooled()" classname="org.springframework.core.io.buffer.DataBufferUtilsTests" time="0.028"/>
  <testcase name="[8] Netty5DataBufferFactory - BufferAllocator.offHeapPooled()" classname="org.springframework.core.io.buffer.DataBufferUtilsTests" time="0.005"/>
  <testcase name="[9] DefaultDataBufferFactory - preferDirect = true" classname="org.springframework.core.io.buffer.DataBufferUtilsTests" time="0.002"/>
  <testcase name="[10] DefaultDataBufferFactory - preferDirect = false" classname="org.springframework.core.io.buffer.DataBufferUtilsTests" time="0.002"/>
  <testcase name="[1] NettyDataBufferFactory - UnpooledByteBufAllocator - preferDirect = true" classname="org.springframework.core.io.buffer.DataBufferUtilsTests" time="0.011"/>
  <testcase name="[2] NettyDataBufferFactory - UnpooledByteBufAllocator - preferDirect = false" classname="org.springframework.core.io.buffer.DataBufferUtilsTests" time="0.002"/>
  <testcase name="[3] NettyDataBufferFactory - PooledByteBufAllocator - preferDirect = true" classname="org.springframework.core.io.buffer.DataBufferUtilsTests" time="0.002"/>
  <testcase name="[4] NettyDataBufferFactory - PooledByteBufAllocator - preferDirect = false" classname="org.springframework.core.io.buffer.DataBufferUtilsTests" time="0.001"/>
  <testcase name="[5] Netty5DataBufferFactory - BufferAllocator.onHeapUnpooled()" classname="org.springframework.core.io.buffer.DataBufferUtilsTests" time="0.002"/>
  <testcase name="[6] Netty5DataBufferFactory - BufferAllocator.offHeapUnpooled()" classname="org.springframework.core.io.buffer.DataBufferUtilsTests" time="0.003"/>
  <testcase name="[7] Netty5DataBufferFactory - BufferAllocator.onHeapPooled()" classname="org.springframework.core.io.buffer.DataBufferUtilsTests" time="0.008"/>
  <testcase name="[8] Netty5DataBufferFactory - BufferAllocator.offHeapPooled()" classname="org.springframework.core.io.buffer.DataBufferUtilsTests" time="0.003"/>
  <testcase name="[9] DefaultDataBufferFactory - preferDirect = true" classname="org.springframework.core.io.buffer.DataBufferUtilsTests" time="0.002"/>
  <testcase name="[10] DefaultDataBufferFactory - preferDirect = false" classname="org.springframework.core.io.buffer.DataBufferUtilsTests" time="0.001"/>
  <testcase name="[1] NettyDataBufferFactory - UnpooledByteBufAllocator - preferDirect = true" classname="org.springframework.core.io.buffer.DataBufferUtilsTests" time="0.005"/>
  <testcase name="[2] NettyDataBufferFactory - UnpooledByteBufAllocator - preferDirect = false" classname="org.springframework.core.io.buffer.DataBufferUtilsTests" time="0.002"/>
  <testcase name="[3] NettyDataBufferFactory - PooledByteBufAllocator - preferDirect = true" classname="org.springframework.core.io.buffer.DataBufferUtilsTests" time="0.001"/>
  <testcase name="[4] NettyDataBufferFactory - PooledByteBufAllocator - preferDirect = false" classname="org.springframework.core.io.buffer.DataBufferUtilsTests" time="0.002"/>
  <testcase name="[5] Netty5DataBufferFactory - BufferAllocator.onHeapUnpooled()" classname="org.springframework.core.io.buffer.DataBufferUtilsTests" time="0.01"/>
  <testcase name="[6] Netty5DataBufferFactory - BufferAllocator.offHeapUnpooled()" classname="org.springframework.core.io.buffer.DataBufferUtilsTests" time="0.002"/>
  <testcase name="[7] Netty5DataBufferFactory - BufferAllocator.onHeapPooled()" classname="org.springframework.core.io.buffer.DataBufferUtilsTests" time="0.005"/>
  <testcase name="[8] Netty5DataBufferFactory - BufferAllocator.offHeapPooled()" classname="org.springframework.core.io.buffer.DataBufferUtilsTests" time="0.003"/>
  <testcase name="[9] DefaultDataBufferFactory - preferDirect = true" classname="org.springframework.core.io.buffer.DataBufferUtilsTests" time="0.002"/>
  <testcase name="[10] DefaultDataBufferFactory - preferDirect = false" classname="org.springframework.core.io.buffer.DataBufferUtilsTests" time="0.002"/>
  <testcase name="[1] NettyDataBufferFactory - UnpooledByteBufAllocator - preferDirect = true" classname="org.springframework.core.io.buffer.DataBufferUtilsTests" time="0.001"/>
  <testcase name="[2] NettyDataBufferFactory - UnpooledByteBufAllocator - preferDirect = false" classname="org.springframework.core.io.buffer.DataBufferUtilsTests" time="0.0"/>
  <testcase name="[3] NettyDataBufferFactory - PooledByteBufAllocator - preferDirect = true" classname="org.springframework.core.io.buffer.DataBufferUtilsTests" time="0.001"/>
  <testcase name="[4] NettyDataBufferFactory - PooledByteBufAllocator - preferDirect = false" classname="org.springframework.core.io.buffer.DataBufferUtilsTests" time="0.001"/>
  <testcase name="[5] Netty5DataBufferFactory - BufferAllocator.onHeapUnpooled()" classname="org.springframework.core.io.buffer.DataBufferUtilsTests" time="0.0"/>
  <testcase name="[6] Netty5DataBufferFactory - BufferAllocator.offHeapUnpooled()" classname="org.springframework.core.io.buffer.DataBufferUtilsTests" time="0.0"/>
  <testcase name="[7] Netty5DataBufferFactory - BufferAllocator.onHeapPooled()" classname="org.springframework.core.io.buffer.DataBufferUtilsTests" time="0.006"/>
  <testcase name="[8] Netty5DataBufferFactory - BufferAllocator.offHeapPooled()" classname="org.springframework.core.io.buffer.DataBufferUtilsTests" time="0.002"/>
  <testcase name="[9] DefaultDataBufferFactory - preferDirect = true" classname="org.springframework.core.io.buffer.DataBufferUtilsTests" time="0.016"/>
  <testcase name="[10] DefaultDataBufferFactory - preferDirect = false" classname="org.springframework.core.io.buffer.DataBufferUtilsTests" time="0.001"/>
  <testcase name="[1] NettyDataBufferFactory - UnpooledByteBufAllocator - preferDirect = true" classname="org.springframework.core.io.buffer.DataBufferUtilsTests" time="0.002"/>
  <testcase name="[2] NettyDataBufferFactory - UnpooledByteBufAllocator - preferDirect = false" classname="org.springframework.core.io.buffer.DataBufferUtilsTests" time="0.001"/>
  <testcase name="[3] NettyDataBufferFactory - PooledByteBufAllocator - preferDirect = true" classname="org.springframework.core.io.buffer.DataBufferUtilsTests" time="0.002"/>
  <testcase name="[4] NettyDataBufferFactory - PooledByteBufAllocator - preferDirect = false" classname="org.springframework.core.io.buffer.DataBufferUtilsTests" time="0.002"/>
  <testcase name="[5] Netty5DataBufferFactory - BufferAllocator.onHeapUnpooled()" classname="org.springframework.core.io.buffer.DataBufferUtilsTests" time="0.006"/>
  <testcase name="[6] Netty5DataBufferFactory - BufferAllocator.offHeapUnpooled()" classname="org.springframework.core.io.buffer.DataBufferUtilsTests" time="0.003"/>
  <testcase name="[7] Netty5DataBufferFactory - BufferAllocator.onHeapPooled()" classname="org.springframework.core.io.buffer.DataBufferUtilsTests" time="0.006"/>
  <testcase name="[8] Netty5DataBufferFactory - BufferAllocator.offHeapPooled()" classname="org.springframework.core.io.buffer.DataBufferUtilsTests" time="0.005"/>
  <testcase name="[9] DefaultDataBufferFactory - preferDirect = true" classname="org.springframework.core.io.buffer.DataBufferUtilsTests" time="0.002"/>
  <testcase name="[10] DefaultDataBufferFactory - preferDirect = false" classname="org.springframework.core.io.buffer.DataBufferUtilsTests" time="0.003"/>
  <testcase name="[1] NettyDataBufferFactory - UnpooledByteBufAllocator - preferDirect = true" classname="org.springframework.core.io.buffer.DataBufferUtilsTests" time="0.005"/>
  <testcase name="[2] NettyDataBufferFactory - UnpooledByteBufAllocator - preferDirect = false" classname="org.springframework.core.io.buffer.DataBufferUtilsTests" time="0.001"/>
  <testcase name="[3] NettyDataBufferFactory - PooledByteBufAllocator - preferDirect = true" classname="org.springframework.core.io.buffer.DataBufferUtilsTests" time="0.001"/>
  <testcase name="[4] NettyDataBufferFactory - PooledByteBufAllocator - preferDirect = false" classname="org.springframework.core.io.buffer.DataBufferUtilsTests" time="0.001"/>
  <testcase name="[5] Netty5DataBufferFactory - BufferAllocator.onHeapUnpooled()" classname="org.springframework.core.io.buffer.DataBufferUtilsTests" time="0.001"/>
  <testcase name="[6] Netty5DataBufferFactory - BufferAllocator.offHeapUnpooled()" classname="org.springframework.core.io.buffer.DataBufferUtilsTests" time="0.002"/>
  <testcase name="[7] Netty5DataBufferFactory - BufferAllocator.onHeapPooled()" classname="org.springframework.core.io.buffer.DataBufferUtilsTests" time="0.007"/>
  <testcase name="[8] Netty5DataBufferFactory - BufferAllocator.offHeapPooled()" classname="org.springframework.core.io.buffer.DataBufferUtilsTests" time="0.003"/>
  <testcase name="[9] DefaultDataBufferFactory - preferDirect = true" classname="org.springframework.core.io.buffer.DataBufferUtilsTests" time="0.0"/>
  <testcase name="[10] DefaultDataBufferFactory - preferDirect = false" classname="org.springframework.core.io.buffer.DataBufferUtilsTests" time="0.0"/>
  <testcase name="[1] NettyDataBufferFactory - UnpooledByteBufAllocator - preferDirect = true" classname="org.springframework.core.io.buffer.DataBufferUtilsTests" time="0.013"/>
  <testcase name="[2] NettyDataBufferFactory - UnpooledByteBufAllocator - preferDirect = false" classname="org.springframework.core.io.buffer.DataBufferUtilsTests" time="0.005"/>
  <testcase name="[3] NettyDataBufferFactory - PooledByteBufAllocator - preferDirect = true" classname="org.springframework.core.io.buffer.DataBufferUtilsTests" time="0.011"/>
  <testcase name="[4] NettyDataBufferFactory - PooledByteBufAllocator - preferDirect = false" classname="org.springframework.core.io.buffer.DataBufferUtilsTests" time="0.003"/>
  <testcase name="[5] Netty5DataBufferFactory - BufferAllocator.onHeapUnpooled()" classname="org.springframework.core.io.buffer.DataBufferUtilsTests" time="0.003"/>
  <testcase name="[6] Netty5DataBufferFactory - BufferAllocator.offHeapUnpooled()" classname="org.springframework.core.io.buffer.DataBufferUtilsTests" time="0.003"/>
  <testcase name="[7] Netty5DataBufferFactory - BufferAllocator.onHeapPooled()" classname="org.springframework.core.io.buffer.DataBufferUtilsTests" time="0.006"/>
  <testcase name="[8] Netty5DataBufferFactory - BufferAllocator.offHeapPooled()" classname="org.springframework.core.io.buffer.DataBufferUtilsTests" time="0.004"/>
  <testcase name="[9] DefaultDataBufferFactory - preferDirect = true" classname="org.springframework.core.io.buffer.DataBufferUtilsTests" time="0.002"/>
  <testcase name="[10] DefaultDataBufferFactory - preferDirect = false" classname="org.springframework.core.io.buffer.DataBufferUtilsTests" time="0.002"/>
  <testcase name="[1] NettyDataBufferFactory - UnpooledByteBufAllocator - preferDirect = true" classname="org.springframework.core.io.buffer.DataBufferUtilsTests" time="0.002"/>
  <testcase name="[2] NettyDataBufferFactory - UnpooledByteBufAllocator - preferDirect = false" classname="org.springframework.core.io.buffer.DataBufferUtilsTests" time="0.002"/>
  <testcase name="[3] NettyDataBufferFactory - PooledByteBufAllocator - preferDirect = true" classname="org.springframework.core.io.buffer.DataBufferUtilsTests" time="0.011"/>
  <testcase name="[4] NettyDataBufferFactory - PooledByteBufAllocator - preferDirect = false" classname="org.springframework.core.io.buffer.DataBufferUtilsTests" time="0.002"/>
  <testcase name="[5] Netty5DataBufferFactory - BufferAllocator.onHeapUnpooled()" classname="org.springframework.core.io.buffer.DataBufferUtilsTests" time="0.002"/>
  <testcase name="[6] Netty5DataBufferFactory - BufferAllocator.offHeapUnpooled()" classname="org.springframework.core.io.buffer.DataBufferUtilsTests" time="0.002"/>
  <testcase name="[7] Netty5DataBufferFactory - BufferAllocator.onHeapPooled()" classname="org.springframework.core.io.buffer.DataBufferUtilsTests" time="0.009"/>
  <testcase name="[8] Netty5DataBufferFactory - BufferAllocator.offHeapPooled()" classname="org.springframework.core.io.buffer.DataBufferUtilsTests" time="0.003"/>
  <testcase name="[9] DefaultDataBufferFactory - preferDirect = true" classname="org.springframework.core.io.buffer.DataBufferUtilsTests" time="0.001"/>
  <testcase name="[10] DefaultDataBufferFactory - preferDirect = false" classname="org.springframework.core.io.buffer.DataBufferUtilsTests" time="0.001"/>
  <testcase name="[1] NettyDataBufferFactory - UnpooledByteBufAllocator - preferDirect = true" classname="org.springframework.core.io.buffer.DataBufferUtilsTests" time="0.026"/>
  <testcase name="[2] NettyDataBufferFactory - UnpooledByteBufAllocator - preferDirect = false" classname="org.springframework.core.io.buffer.DataBufferUtilsTests" time="0.001"/>
  <testcase name="[3] NettyDataBufferFactory - PooledByteBufAllocator - preferDirect = true" classname="org.springframework.core.io.buffer.DataBufferUtilsTests" time="0.001"/>
  <testcase name="[4] NettyDataBufferFactory - PooledByteBufAllocator - preferDirect = false" classname="org.springframework.core.io.buffer.DataBufferUtilsTests" time="0.001"/>
  <testcase name="[5] Netty5DataBufferFactory - BufferAllocator.onHeapUnpooled()" classname="org.springframework.core.io.buffer.DataBufferUtilsTests" time="0.002"/>
  <testcase name="[6] Netty5DataBufferFactory - BufferAllocator.offHeapUnpooled()" classname="org.springframework.core.io.buffer.DataBufferUtilsTests" time="0.002"/>
  <testcase name="[7] Netty5DataBufferFactory - BufferAllocator.onHeapPooled()" classname="org.springframework.core.io.buffer.DataBufferUtilsTests" time="0.005"/>
  <testcase name="[8] Netty5DataBufferFactory - BufferAllocator.offHeapPooled()" classname="org.springframework.core.io.buffer.DataBufferUtilsTests" time="0.003"/>
  <testcase name="[9] DefaultDataBufferFactory - preferDirect = true" classname="org.springframework.core.io.buffer.DataBufferUtilsTests" time="0.001"/>
  <testcase name="[10] DefaultDataBufferFactory - preferDirect = false" classname="org.springframework.core.io.buffer.DataBufferUtilsTests" time="0.001"/>
  <testcase name="[1] NettyDataBufferFactory - UnpooledByteBufAllocator - preferDirect = true" classname="org.springframework.core.io.buffer.DataBufferUtilsTests" time="0.027"/>
  <testcase name="[2] NettyDataBufferFactory - UnpooledByteBufAllocator - preferDirect = false" classname="org.springframework.core.io.buffer.DataBufferUtilsTests" time="0.011"/>
  <testcase name="[3] NettyDataBufferFactory - PooledByteBufAllocator - preferDirect = true" classname="org.springframework.core.io.buffer.DataBufferUtilsTests" time="0.003"/>
  <testcase name="[4] NettyDataBufferFactory - PooledByteBufAllocator - preferDirect = false" classname="org.springframework.core.io.buffer.DataBufferUtilsTests" time="0.002"/>
  <testcase name="[5] Netty5DataBufferFactory - BufferAllocator.onHeapUnpooled()" classname="org.springframework.core.io.buffer.DataBufferUtilsTests" time="0.003"/>
  <testcase name="[6] Netty5DataBufferFactory - BufferAllocator.offHeapUnpooled()" classname="org.springframework.core.io.buffer.DataBufferUtilsTests" time="0.003"/>
  <testcase name="[7] Netty5DataBufferFactory - BufferAllocator.onHeapPooled()" classname="org.springframework.core.io.buffer.DataBufferUtilsTests" time="0.006"/>
  <testcase name="[8] Netty5DataBufferFactory - BufferAllocator.offHeapPooled()" classname="org.springframework.core.io.buffer.DataBufferUtilsTests" time="0.004"/>
  <testcase name="[9] DefaultDataBufferFactory - preferDirect = true" classname="org.springframework.core.io.buffer.DataBufferUtilsTests" time="0.002"/>
  <testcase name="[10] DefaultDataBufferFactory - preferDirect = false" classname="org.springframework.core.io.buffer.DataBufferUtilsTests" time="0.002"/>
  <testcase name="[1] NettyDataBufferFactory - UnpooledByteBufAllocator - preferDirect = true" classname="org.springframework.core.io.buffer.DataBufferUtilsTests" time="0.001"/>
  <testcase name="[2] NettyDataBufferFactory - UnpooledByteBufAllocator - preferDirect = false" classname="org.springframework.core.io.buffer.DataBufferUtilsTests" time="0.002"/>
  <testcase name="[3] NettyDataBufferFactory - PooledByteBufAllocator - preferDirect = true" classname="org.springframework.core.io.buffer.DataBufferUtilsTests" time="0.001"/>
  <testcase name="[4] NettyDataBufferFactory - PooledByteBufAllocator - preferDirect = false" classname="org.springframework.core.io.buffer.DataBufferUtilsTests" time="0.005"/>
  <testcase name="[5] Netty5DataBufferFactory - BufferAllocator.onHeapUnpooled()" classname="org.springframework.core.io.buffer.DataBufferUtilsTests" time="0.002"/>
  <testcase name="[6] Netty5DataBufferFactory - BufferAllocator.offHeapUnpooled()" classname="org.springframework.core.io.buffer.DataBufferUtilsTests" time="0.002"/>
  <testcase name="[7] Netty5DataBufferFactory - BufferAllocator.onHeapPooled()" classname="org.springframework.core.io.buffer.DataBufferUtilsTests" time="0.007"/>
  <testcase name="[8] Netty5DataBufferFactory - BufferAllocator.offHeapPooled()" classname="org.springframework.core.io.buffer.DataBufferUtilsTests" time="0.005"/>
  <testcase name="[9] DefaultDataBufferFactory - preferDirect = true" classname="org.springframework.core.io.buffer.DataBufferUtilsTests" time="0.002"/>
  <testcase name="[10] DefaultDataBufferFactory - preferDirect = false" classname="org.springframework.core.io.buffer.DataBufferUtilsTests" time="0.001"/>
  <testcase name="[1] NettyDataBufferFactory - UnpooledByteBufAllocator - preferDirect = true" classname="org.springframework.core.io.buffer.DataBufferUtilsTests" time="0.001"/>
  <testcase name="[2] NettyDataBufferFactory - UnpooledByteBufAllocator - preferDirect = false" classname="org.springframework.core.io.buffer.DataBufferUtilsTests" time="0.0"/>
  <testcase name="[3] NettyDataBufferFactory - PooledByteBufAllocator - preferDirect = true" classname="org.springframework.core.io.buffer.DataBufferUtilsTests" time="0.001"/>
  <testcase name="[4] NettyDataBufferFactory - PooledByteBufAllocator - preferDirect = false" classname="org.springframework.core.io.buffer.DataBufferUtilsTests" time="0.001"/>
  <testcase name="[5] Netty5DataBufferFactory - BufferAllocator.onHeapUnpooled()" classname="org.springframework.core.io.buffer.DataBufferUtilsTests" time="0.002"/>
  <testcase name="[6] Netty5DataBufferFactory - BufferAllocator.offHeapUnpooled()" classname="org.springframework.core.io.buffer.DataBufferUtilsTests" time="0.001"/>
  <testcase name="[7] Netty5DataBufferFactory - BufferAllocator.onHeapPooled()" classname="org.springframework.core.io.buffer.DataBufferUtilsTests" time="0.022"/>
  <testcase name="[8] Netty5DataBufferFactory - BufferAllocator.offHeapPooled()" classname="org.springframework.core.io.buffer.DataBufferUtilsTests" time="0.002"/>
  <testcase name="[9] DefaultDataBufferFactory - preferDirect = true" classname="org.springframework.core.io.buffer.DataBufferUtilsTests" time="0.0"/>
  <testcase name="[10] DefaultDataBufferFactory - preferDirect = false" classname="org.springframework.core.io.buffer.DataBufferUtilsTests" time="0.0"/>
  <testcase name="[1] NettyDataBufferFactory - UnpooledByteBufAllocator - preferDirect = true" classname="org.springframework.core.io.buffer.DataBufferUtilsTests" time="0.001"/>
  <testcase name="[2] NettyDataBufferFactory - UnpooledByteBufAllocator - preferDirect = false" classname="org.springframework.core.io.buffer.DataBufferUtilsTests" time="0.001"/>
  <testcase name="[3] NettyDataBufferFactory - PooledByteBufAllocator - preferDirect = true" classname="org.springframework.core.io.buffer.DataBufferUtilsTests" time="0.001"/>
  <testcase name="[4] NettyDataBufferFactory - PooledByteBufAllocator - preferDirect = false" classname="org.springframework.core.io.buffer.DataBufferUtilsTests" time="0.002"/>
  <testcase name="[5] Netty5DataBufferFactory - BufferAllocator.onHeapUnpooled()" classname="org.springframework.core.io.buffer.DataBufferUtilsTests" time="0.003"/>
  <testcase name="[6] Netty5DataBufferFactory - BufferAllocator.offHeapUnpooled()" classname="org.springframework.core.io.buffer.DataBufferUtilsTests" time="0.003"/>
  <testcase name="[7] Netty5DataBufferFactory - BufferAllocator.onHeapPooled()" classname="org.springframework.core.io.buffer.DataBufferUtilsTests" time="0.005"/>
  <testcase name="[8] Netty5DataBufferFactory - BufferAllocator.offHeapPooled()" classname="org.springframework.core.io.buffer.DataBufferUtilsTests" time="0.004"/>
  <testcase name="[9] DefaultDataBufferFactory - preferDirect = true" classname="org.springframework.core.io.buffer.DataBufferUtilsTests" time="0.002"/>
  <testcase name="[10] DefaultDataBufferFactory - preferDirect = false" classname="org.springframework.core.io.buffer.DataBufferUtilsTests" time="0.001"/>
  <testcase name="[1] NettyDataBufferFactory - UnpooledByteBufAllocator - preferDirect = true" classname="org.springframework.core.io.buffer.DataBufferUtilsTests" time="0.001"/>
  <testcase name="[2] NettyDataBufferFactory - UnpooledByteBufAllocator - preferDirect = false" classname="org.springframework.core.io.buffer.DataBufferUtilsTests" time="0.001"/>
  <testcase name="[3] NettyDataBufferFactory - PooledByteBufAllocator - preferDirect = true" classname="org.springframework.core.io.buffer.DataBufferUtilsTests" time="0.002"/>
  <testcase name="[4] NettyDataBufferFactory - PooledByteBufAllocator - preferDirect = false" classname="org.springframework.core.io.buffer.DataBufferUtilsTests" time="0.002"/>
  <testcase name="[5] Netty5DataBufferFactory - BufferAllocator.onHeapUnpooled()" classname="org.springframework.core.io.buffer.DataBufferUtilsTests" time="0.002"/>
  <testcase name="[6] Netty5DataBufferFactory - BufferAllocator.offHeapUnpooled()" classname="org.springframework.core.io.buffer.DataBufferUtilsTests" time="0.002"/>
  <testcase name="[7] Netty5DataBufferFactory - BufferAllocator.onHeapPooled()" classname="org.springframework.core.io.buffer.DataBufferUtilsTests" time="0.006"/>
  <testcase name="[8] Netty5DataBufferFactory - BufferAllocator.offHeapPooled()" classname="org.springframework.core.io.buffer.DataBufferUtilsTests" time="0.003"/>
  <testcase name="[9] DefaultDataBufferFactory - preferDirect = true" classname="org.springframework.core.io.buffer.DataBufferUtilsTests" time="0.01"/>
  <testcase name="[10] DefaultDataBufferFactory - preferDirect = false" classname="org.springframework.core.io.buffer.DataBufferUtilsTests" time="0.002"/>
  <testcase name="[1] NettyDataBufferFactory - UnpooledByteBufAllocator - preferDirect = true" classname="org.springframework.core.io.buffer.DataBufferUtilsTests" time="0.004"/>
  <testcase name="[2] NettyDataBufferFactory - UnpooledByteBufAllocator - preferDirect = false" classname="org.springframework.core.io.buffer.DataBufferUtilsTests" time="0.011"/>
  <testcase name="[3] NettyDataBufferFactory - PooledByteBufAllocator - preferDirect = true" classname="org.springframework.core.io.buffer.DataBufferUtilsTests" time="0.005"/>
  <testcase name="[4] NettyDataBufferFactory - PooledByteBufAllocator - preferDirect = false" classname="org.springframework.core.io.buffer.DataBufferUtilsTests" time="0.007"/>
  <testcase name="[5] Netty5DataBufferFactory - BufferAllocator.onHeapUnpooled()" classname="org.springframework.core.io.buffer.DataBufferUtilsTests" time="0.005"/>
  <testcase name="[6] Netty5DataBufferFactory - BufferAllocator.offHeapUnpooled()" classname="org.springframework.core.io.buffer.DataBufferUtilsTests" time="0.004"/>
  <testcase name="[7] Netty5DataBufferFactory - BufferAllocator.onHeapPooled()" classname="org.springframework.core.io.buffer.DataBufferUtilsTests" time="0.01"/>
  <testcase name="[8] Netty5DataBufferFactory - BufferAllocator.offHeapPooled()" classname="org.springframework.core.io.buffer.DataBufferUtilsTests" time="0.011"/>
  <testcase name="[9] DefaultDataBufferFactory - preferDirect = true" classname="org.springframework.core.io.buffer.DataBufferUtilsTests" time="0.004"/>
  <testcase name="[10] DefaultDataBufferFactory - preferDirect = false" classname="org.springframework.core.io.buffer.DataBufferUtilsTests" time="0.004"/>
  <testcase name="joinWithLimitDoesNotOverRelease()" classname="org.springframework.core.io.buffer.DataBufferUtilsTests" time="0.001"/>
  <testcase name="[1] NettyDataBufferFactory - UnpooledByteBufAllocator - preferDirect = true" classname="org.springframework.core.io.buffer.DataBufferUtilsTests" time="0.0"/>
  <testcase name="[2] NettyDataBufferFactory - UnpooledByteBufAllocator - preferDirect = false" classname="org.springframework.core.io.buffer.DataBufferUtilsTests" time="0.001"/>
  <testcase name="[3] NettyDataBufferFactory - PooledByteBufAllocator - preferDirect = true" classname="org.springframework.core.io.buffer.DataBufferUtilsTests" time="0.001"/>
  <testcase name="[4] NettyDataBufferFactory - PooledByteBufAllocator - preferDirect = false" classname="org.springframework.core.io.buffer.DataBufferUtilsTests" time="0.0"/>
  <testcase name="[5] Netty5DataBufferFactory - BufferAllocator.onHeapUnpooled()" classname="org.springframework.core.io.buffer.DataBufferUtilsTests" time="0.0"/>
  <testcase name="[6] Netty5DataBufferFactory - BufferAllocator.offHeapUnpooled()" classname="org.springframework.core.io.buffer.DataBufferUtilsTests" time="0.001"/>
  <testcase name="[7] Netty5DataBufferFactory - BufferAllocator.onHeapPooled()" classname="org.springframework.core.io.buffer.DataBufferUtilsTests" time="0.003"/>
  <testcase name="[8] Netty5DataBufferFactory - BufferAllocator.offHeapPooled()" classname="org.springframework.core.io.buffer.DataBufferUtilsTests" time="0.003"/>
  <testcase name="[9] DefaultDataBufferFactory - preferDirect = true" classname="org.springframework.core.io.buffer.DataBufferUtilsTests" time="0.0"/>
  <testcase name="[10] DefaultDataBufferFactory - preferDirect = false" classname="org.springframework.core.io.buffer.DataBufferUtilsTests" time="0.0"/>
  <testcase name="[1] NettyDataBufferFactory - UnpooledByteBufAllocator - preferDirect = true" classname="org.springframework.core.io.buffer.DataBufferUtilsTests" time="0.003"/>
  <testcase name="[2] NettyDataBufferFactory - UnpooledByteBufAllocator - preferDirect = false" classname="org.springframework.core.io.buffer.DataBufferUtilsTests" time="0.003"/>
  <testcase name="[3] NettyDataBufferFactory - PooledByteBufAllocator - preferDirect = true" classname="org.springframework.core.io.buffer.DataBufferUtilsTests" time="0.003"/>
  <testcase name="[4] NettyDataBufferFactory - PooledByteBufAllocator - preferDirect = false" classname="org.springframework.core.io.buffer.DataBufferUtilsTests" time="0.003"/>
  <testcase name="[5] Netty5DataBufferFactory - BufferAllocator.onHeapUnpooled()" classname="org.springframework.core.io.buffer.DataBufferUtilsTests" time="0.002"/>
  <testcase name="[6] Netty5DataBufferFactory - BufferAllocator.offHeapUnpooled()" classname="org.springframework.core.io.buffer.DataBufferUtilsTests" time="0.003"/>
  <testcase name="[7] Netty5DataBufferFactory - BufferAllocator.onHeapPooled()" classname="org.springframework.core.io.buffer.DataBufferUtilsTests" time="0.007"/>
  <testcase name="[8] Netty5DataBufferFactory - BufferAllocator.offHeapPooled()" classname="org.springframework.core.io.buffer.DataBufferUtilsTests" time="0.004"/>
  <testcase name="[9] DefaultDataBufferFactory - preferDirect = true" classname="org.springframework.core.io.buffer.DataBufferUtilsTests" time="0.002"/>
  <testcase name="[10] DefaultDataBufferFactory - preferDirect = false" classname="org.springframework.core.io.buffer.DataBufferUtilsTests" time="0.002"/>
  <testcase name="[1] NettyDataBufferFactory - UnpooledByteBufAllocator - preferDirect = true" classname="org.springframework.core.io.buffer.DataBufferUtilsTests" time="0.002"/>
  <testcase name="[2] NettyDataBufferFactory - UnpooledByteBufAllocator - preferDirect = false" classname="org.springframework.core.io.buffer.DataBufferUtilsTests" time="0.0"/>
  <testcase name="[3] NettyDataBufferFactory - PooledByteBufAllocator - preferDirect = true" classname="org.springframework.core.io.buffer.DataBufferUtilsTests" time="0.001"/>
  <testcase name="[4] NettyDataBufferFactory - PooledByteBufAllocator - preferDirect = false" classname="org.springframework.core.io.buffer.DataBufferUtilsTests" time="0.002"/>
  <testcase name="[5] Netty5DataBufferFactory - BufferAllocator.onHeapUnpooled()" classname="org.springframework.core.io.buffer.DataBufferUtilsTests" time="0.018"/>
  <testcase name="[6] Netty5DataBufferFactory - BufferAllocator.offHeapUnpooled()" classname="org.springframework.core.io.buffer.DataBufferUtilsTests" time="0.001"/>
  <testcase name="[7] Netty5DataBufferFactory - BufferAllocator.onHeapPooled()" classname="org.springframework.core.io.buffer.DataBufferUtilsTests" time="0.004"/>
  <testcase name="[8] Netty5DataBufferFactory - BufferAllocator.offHeapPooled()" classname="org.springframework.core.io.buffer.DataBufferUtilsTests" time="0.003"/>
  <testcase name="[9] DefaultDataBufferFactory - preferDirect = true" classname="org.springframework.core.io.buffer.DataBufferUtilsTests" time="0.0"/>
  <testcase name="[10] DefaultDataBufferFactory - preferDirect = false" classname="org.springframework.core.io.buffer.DataBufferUtilsTests" time="0.001"/>
  <testcase name="[1] NettyDataBufferFactory - UnpooledByteBufAllocator - preferDirect = true" classname="org.springframework.core.io.buffer.DataBufferUtilsTests" time="0.002"/>
  <testcase name="[2] NettyDataBufferFactory - UnpooledByteBufAllocator - preferDirect = false" classname="org.springframework.core.io.buffer.DataBufferUtilsTests" time="0.002"/>
  <testcase name="[3] NettyDataBufferFactory - PooledByteBufAllocator - preferDirect = true" classname="org.springframework.core.io.buffer.DataBufferUtilsTests" time="0.002"/>
  <testcase name="[4] NettyDataBufferFactory - PooledByteBufAllocator - preferDirect = false" classname="org.springframework.core.io.buffer.DataBufferUtilsTests" time="0.002"/>
  <testcase name="[5] Netty5DataBufferFactory - BufferAllocator.onHeapUnpooled()" classname="org.springframework.core.io.buffer.DataBufferUtilsTests" time="0.002"/>
  <testcase name="[6] Netty5DataBufferFactory - BufferAllocator.offHeapUnpooled()" classname="org.springframework.core.io.buffer.DataBufferUtilsTests" time="0.002"/>
  <testcase name="[7] Netty5DataBufferFactory - BufferAllocator.onHeapPooled()" classname="org.springframework.core.io.buffer.DataBufferUtilsTests" time="0.03"/>
  <testcase name="[8] Netty5DataBufferFactory - BufferAllocator.offHeapPooled()" classname="org.springframework.core.io.buffer.DataBufferUtilsTests" time="0.005"/>
  <testcase name="[9] DefaultDataBufferFactory - preferDirect = true" classname="org.springframework.core.io.buffer.DataBufferUtilsTests" time="0.002"/>
  <testcase name="[10] DefaultDataBufferFactory - preferDirect = false" classname="org.springframework.core.io.buffer.DataBufferUtilsTests" time="0.002"/>
  <testcase name="[1] NettyDataBufferFactory - UnpooledByteBufAllocator - preferDirect = true" classname="org.springframework.core.io.buffer.DataBufferUtilsTests" time="0.001"/>
  <testcase name="[2] NettyDataBufferFactory - UnpooledByteBufAllocator - preferDirect = false" classname="org.springframework.core.io.buffer.DataBufferUtilsTests" time="0.001"/>
  <testcase name="[3] NettyDataBufferFactory - PooledByteBufAllocator - preferDirect = true" classname="org.springframework.core.io.buffer.DataBufferUtilsTests" time="0.001"/>
  <testcase name="[4] NettyDataBufferFactory - PooledByteBufAllocator - preferDirect = false" classname="org.springframework.core.io.buffer.DataBufferUtilsTests" time="0.002"/>
  <testcase name="[5] Netty5DataBufferFactory - BufferAllocator.onHeapUnpooled()" classname="org.springframework.core.io.buffer.DataBufferUtilsTests" time="0.002"/>
  <testcase name="[6] Netty5DataBufferFactory - BufferAllocator.offHeapUnpooled()" classname="org.springframework.core.io.buffer.DataBufferUtilsTests" time="0.002"/>
  <testcase name="[7] Netty5DataBufferFactory - BufferAllocator.onHeapPooled()" classname="org.springframework.core.io.buffer.DataBufferUtilsTests" time="0.004"/>
  <testcase name="[8] Netty5DataBufferFactory - BufferAllocator.offHeapPooled()" classname="org.springframework.core.io.buffer.DataBufferUtilsTests" time="0.003"/>
  <testcase name="[9] DefaultDataBufferFactory - preferDirect = true" classname="org.springframework.core.io.buffer.DataBufferUtilsTests" time="0.0"/>
  <testcase name="[10] DefaultDataBufferFactory - preferDirect = false" classname="org.springframework.core.io.buffer.DataBufferUtilsTests" time="0.001"/>
  <testcase name="[1] NettyDataBufferFactory - UnpooledByteBufAllocator - preferDirect = true" classname="org.springframework.core.io.buffer.DataBufferUtilsTests" time="0.001"/>
  <testcase name="[2] NettyDataBufferFactory - UnpooledByteBufAllocator - preferDirect = false" classname="org.springframework.core.io.buffer.DataBufferUtilsTests" time="0.003"/>
  <testcase name="[3] NettyDataBufferFactory - PooledByteBufAllocator - preferDirect = true" classname="org.springframework.core.io.buffer.DataBufferUtilsTests" time="0.001"/>
  <testcase name="[4] NettyDataBufferFactory - PooledByteBufAllocator - preferDirect = false" classname="org.springframework.core.io.buffer.DataBufferUtilsTests" time="0.001"/>
  <testcase name="[5] Netty5DataBufferFactory - BufferAllocator.onHeapUnpooled()" classname="org.springframework.core.io.buffer.DataBufferUtilsTests" time="0.001"/>
  <testcase name="[6] Netty5DataBufferFactory - BufferAllocator.offHeapUnpooled()" classname="org.springframework.core.io.buffer.DataBufferUtilsTests" time="0.001"/>
  <testcase name="[7] Netty5DataBufferFactory - BufferAllocator.onHeapPooled()" classname="org.springframework.core.io.buffer.DataBufferUtilsTests" time="0.004"/>
  <testcase name="[8] Netty5DataBufferFactory - BufferAllocator.offHeapPooled()" classname="org.springframework.core.io.buffer.DataBufferUtilsTests" time="0.002"/>
  <testcase name="[9] DefaultDataBufferFactory - preferDirect = true" classname="org.springframework.core.io.buffer.DataBufferUtilsTests" time="0.0"/>
  <testcase name="[10] DefaultDataBufferFactory - preferDirect = false" classname="org.springframework.core.io.buffer.DataBufferUtilsTests" time="0.0"/>
  <testcase name="[1] NettyDataBufferFactory - UnpooledByteBufAllocator - preferDirect = true" classname="org.springframework.core.io.buffer.DataBufferUtilsTests" time="0.001"/>
  <testcase name="[2] NettyDataBufferFactory - UnpooledByteBufAllocator - preferDirect = false" classname="org.springframework.core.io.buffer.DataBufferUtilsTests" time="0.0"/>
  <testcase name="[3] NettyDataBufferFactory - PooledByteBufAllocator - preferDirect = true" classname="org.springframework.core.io.buffer.DataBufferUtilsTests" time="0.0"/>
  <testcase name="[4] NettyDataBufferFactory - PooledByteBufAllocator - preferDirect = false" classname="org.springframework.core.io.buffer.DataBufferUtilsTests" time="0.001"/>
  <testcase name="[5] Netty5DataBufferFactory - BufferAllocator.onHeapUnpooled()" classname="org.springframework.core.io.buffer.DataBufferUtilsTests" time="0.001"/>
  <testcase name="[6] Netty5DataBufferFactory - BufferAllocator.offHeapUnpooled()" classname="org.springframework.core.io.buffer.DataBufferUtilsTests" time="0.001"/>
  <testcase name="[7] Netty5DataBufferFactory - BufferAllocator.onHeapPooled()" classname="org.springframework.core.io.buffer.DataBufferUtilsTests" time="0.003"/>
  <testcase name="[8] Netty5DataBufferFactory - BufferAllocator.offHeapPooled()" classname="org.springframework.core.io.buffer.DataBufferUtilsTests" time="0.001"/>
  <testcase name="[9] DefaultDataBufferFactory - preferDirect = true" classname="org.springframework.core.io.buffer.DataBufferUtilsTests" time="0.001"/>
  <testcase name="[10] DefaultDataBufferFactory - preferDirect = false" classname="org.springframework.core.io.buffer.DataBufferUtilsTests" time="0.0"/>
  <testcase name="[1] NettyDataBufferFactory - UnpooledByteBufAllocator - preferDirect = true" classname="org.springframework.core.io.buffer.DataBufferUtilsTests" time="0.0"/>
  <testcase name="[2] NettyDataBufferFactory - UnpooledByteBufAllocator - preferDirect = false" classname="org.springframework.core.io.buffer.DataBufferUtilsTests" time="0.0"/>
  <testcase name="[3] NettyDataBufferFactory - PooledByteBufAllocator - preferDirect = true" classname="org.springframework.core.io.buffer.DataBufferUtilsTests" time="0.001"/>
  <testcase name="[4] NettyDataBufferFactory - PooledByteBufAllocator - preferDirect = false" classname="org.springframework.core.io.buffer.DataBufferUtilsTests" time="0.004"/>
  <testcase name="[5] Netty5DataBufferFactory - BufferAllocator.onHeapUnpooled()" classname="org.springframework.core.io.buffer.DataBufferUtilsTests" time="0.001"/>
  <testcase name="[6] Netty5DataBufferFactory - BufferAllocator.offHeapUnpooled()" classname="org.springframework.core.io.buffer.DataBufferUtilsTests" time="0.001"/>
  <testcase name="[7] Netty5DataBufferFactory - BufferAllocator.onHeapPooled()" classname="org.springframework.core.io.buffer.DataBufferUtilsTests" time="0.003"/>
  <testcase name="[8] Netty5DataBufferFactory - BufferAllocator.offHeapPooled()" classname="org.springframework.core.io.buffer.DataBufferUtilsTests" time="0.002"/>
  <testcase name="[9] DefaultDataBufferFactory - preferDirect = true" classname="org.springframework.core.io.buffer.DataBufferUtilsTests" time="0.0"/>
  <testcase name="[10] DefaultDataBufferFactory - preferDirect = false" classname="org.springframework.core.io.buffer.DataBufferUtilsTests" time="0.0"/>
  <testcase name="[1] NettyDataBufferFactory - UnpooledByteBufAllocator - preferDirect = true" classname="org.springframework.core.io.buffer.DataBufferUtilsTests" time="0.002"/>
  <testcase name="[2] NettyDataBufferFactory - UnpooledByteBufAllocator - preferDirect = false" classname="org.springframework.core.io.buffer.DataBufferUtilsTests" time="0.001"/>
  <testcase name="[3] NettyDataBufferFactory - PooledByteBufAllocator - preferDirect = true" classname="org.springframework.core.io.buffer.DataBufferUtilsTests" time="0.002"/>
  <testcase name="[4] NettyDataBufferFactory - PooledByteBufAllocator - preferDirect = false" classname="org.springframework.core.io.buffer.DataBufferUtilsTests" time="0.011"/>
  <testcase name="[5] Netty5DataBufferFactory - BufferAllocator.onHeapUnpooled()" classname="org.springframework.core.io.buffer.DataBufferUtilsTests" time="0.006"/>
  <testcase name="[6] Netty5DataBufferFactory - BufferAllocator.offHeapUnpooled()" classname="org.springframework.core.io.buffer.DataBufferUtilsTests" time="0.002"/>
  <testcase name="[7] Netty5DataBufferFactory - BufferAllocator.onHeapPooled()" classname="org.springframework.core.io.buffer.DataBufferUtilsTests" time="0.006"/>
  <testcase name="[8] Netty5DataBufferFactory - BufferAllocator.offHeapPooled()" classname="org.springframework.core.io.buffer.DataBufferUtilsTests" time="0.003"/>
  <testcase name="[9] DefaultDataBufferFactory - preferDirect = true" classname="org.springframework.core.io.buffer.DataBufferUtilsTests" time="0.001"/>
  <testcase name="[10] DefaultDataBufferFactory - preferDirect = false" classname="org.springframework.core.io.buffer.DataBufferUtilsTests" time="0.001"/>
  <testcase name="[1] NettyDataBufferFactory - UnpooledByteBufAllocator - preferDirect = true" classname="org.springframework.core.io.buffer.DataBufferUtilsTests" time="0.002"/>
  <testcase name="[2] NettyDataBufferFactory - UnpooledByteBufAllocator - preferDirect = false" classname="org.springframework.core.io.buffer.DataBufferUtilsTests" time="0.001"/>
  <testcase name="[3] NettyDataBufferFactory - PooledByteBufAllocator - preferDirect = true" classname="org.springframework.core.io.buffer.DataBufferUtilsTests" time="0.001"/>
  <testcase name="[4] NettyDataBufferFactory - PooledByteBufAllocator - preferDirect = false" classname="org.springframework.core.io.buffer.DataBufferUtilsTests" time="0.001"/>
  <testcase name="[5] Netty5DataBufferFactory - BufferAllocator.onHeapUnpooled()" classname="org.springframework.core.io.buffer.DataBufferUtilsTests" time="0.003"/>
  <testcase name="[6] Netty5DataBufferFactory - BufferAllocator.offHeapUnpooled()" classname="org.springframework.core.io.buffer.DataBufferUtilsTests" time="0.02"/>
  <testcase name="[7] Netty5DataBufferFactory - BufferAllocator.onHeapPooled()" classname="org.springframework.core.io.buffer.DataBufferUtilsTests" time="0.004"/>
  <testcase name="[8] Netty5DataBufferFactory - BufferAllocator.offHeapPooled()" classname="org.springframework.core.io.buffer.DataBufferUtilsTests" time="0.004"/>
  <testcase name="[9] DefaultDataBufferFactory - preferDirect = true" classname="org.springframework.core.io.buffer.DataBufferUtilsTests" time="0.001"/>
  <testcase name="[10] DefaultDataBufferFactory - preferDirect = false" classname="org.springframework.core.io.buffer.DataBufferUtilsTests" time="0.002"/>
  <testcase name="[1] NettyDataBufferFactory - UnpooledByteBufAllocator - preferDirect = true" classname="org.springframework.core.io.buffer.DataBufferUtilsTests" time="0.003"/>
  <testcase name="[2] NettyDataBufferFactory - UnpooledByteBufAllocator - preferDirect = false" classname="org.springframework.core.io.buffer.DataBufferUtilsTests" time="0.002"/>
  <testcase name="[3] NettyDataBufferFactory - PooledByteBufAllocator - preferDirect = true" classname="org.springframework.core.io.buffer.DataBufferUtilsTests" time="0.002"/>
  <testcase name="[4] NettyDataBufferFactory - PooledByteBufAllocator - preferDirect = false" classname="org.springframework.core.io.buffer.DataBufferUtilsTests" time="0.002"/>
  <testcase name="[5] Netty5DataBufferFactory - BufferAllocator.onHeapUnpooled()" classname="org.springframework.core.io.buffer.DataBufferUtilsTests" time="0.002"/>
  <testcase name="[6] Netty5DataBufferFactory - BufferAllocator.offHeapUnpooled()" classname="org.springframework.core.io.buffer.DataBufferUtilsTests" time="0.008"/>
  <testcase name="[7] Netty5DataBufferFactory - BufferAllocator.onHeapPooled()" classname="org.springframework.core.io.buffer.DataBufferUtilsTests" time="0.025"/>
  <testcase name="[8] Netty5DataBufferFactory - BufferAllocator.offHeapPooled()" classname="org.springframework.core.io.buffer.DataBufferUtilsTests" time="0.013"/>
  <testcase name="[9] DefaultDataBufferFactory - preferDirect = true" classname="org.springframework.core.io.buffer.DataBufferUtilsTests" time="0.002"/>
  <testcase name="[10] DefaultDataBufferFactory - preferDirect = false" classname="org.springframework.core.io.buffer.DataBufferUtilsTests" time="0.003"/>
  <testcase name="[1] NettyDataBufferFactory - UnpooledByteBufAllocator - preferDirect = true" classname="org.springframework.core.io.buffer.DataBufferUtilsTests" time="0.002"/>
  <testcase name="[2] NettyDataBufferFactory - UnpooledByteBufAllocator - preferDirect = false" classname="org.springframework.core.io.buffer.DataBufferUtilsTests" time="0.001"/>
  <testcase name="[3] NettyDataBufferFactory - PooledByteBufAllocator - preferDirect = true" classname="org.springframework.core.io.buffer.DataBufferUtilsTests" time="0.001"/>
  <testcase name="[4] NettyDataBufferFactory - PooledByteBufAllocator - preferDirect = false" classname="org.springframework.core.io.buffer.DataBufferUtilsTests" time="0.002"/>
  <testcase name="[5] Netty5DataBufferFactory - BufferAllocator.onHeapUnpooled()" classname="org.springframework.core.io.buffer.DataBufferUtilsTests" time="0.006"/>
  <testcase name="[6] Netty5DataBufferFactory - BufferAllocator.offHeapUnpooled()" classname="org.springframework.core.io.buffer.DataBufferUtilsTests" time="0.002"/>
  <testcase name="[7] Netty5DataBufferFactory - BufferAllocator.onHeapPooled()" classname="org.springframework.core.io.buffer.DataBufferUtilsTests" time="0.006"/>
  <testcase name="[8] Netty5DataBufferFactory - BufferAllocator.offHeapPooled()" classname="org.springframework.core.io.buffer.DataBufferUtilsTests" time="0.003"/>
  <testcase name="[9] DefaultDataBufferFactory - preferDirect = true" classname="org.springframework.core.io.buffer.DataBufferUtilsTests" time="0.0"/>
  <testcase name="[10] DefaultDataBufferFactory - preferDirect = false" classname="org.springframework.core.io.buffer.DataBufferUtilsTests" time="0.001"/>
  <testcase name="[1] NettyDataBufferFactory - UnpooledByteBufAllocator - preferDirect = true" classname="org.springframework.core.io.buffer.DataBufferUtilsTests" time="0.002"/>
  <testcase name="[2] NettyDataBufferFactory - UnpooledByteBufAllocator - preferDirect = false" classname="org.springframework.core.io.buffer.DataBufferUtilsTests" time="0.002"/>
  <testcase name="[3] NettyDataBufferFactory - PooledByteBufAllocator - preferDirect = true" classname="org.springframework.core.io.buffer.DataBufferUtilsTests" time="0.002"/>
  <testcase name="[4] NettyDataBufferFactory - PooledByteBufAllocator - preferDirect = false" classname="org.springframework.core.io.buffer.DataBufferUtilsTests" time="0.001"/>
  <testcase name="[5] Netty5DataBufferFactory - BufferAllocator.onHeapUnpooled()" classname="org.springframework.core.io.buffer.DataBufferUtilsTests" time="0.002"/>
  <testcase name="[6] Netty5DataBufferFactory - BufferAllocator.offHeapUnpooled()" classname="org.springframework.core.io.buffer.DataBufferUtilsTests" time="0.002"/>
  <testcase name="[7] Netty5DataBufferFactory - BufferAllocator.onHeapPooled()" classname="org.springframework.core.io.buffer.DataBufferUtilsTests" time="0.004"/>
  <testcase name="[8] Netty5DataBufferFactory - BufferAllocator.offHeapPooled()" classname="org.springframework.core.io.buffer.DataBufferUtilsTests" time="0.004"/>
  <testcase name="[9] DefaultDataBufferFactory - preferDirect = true" classname="org.springframework.core.io.buffer.DataBufferUtilsTests" time="0.001"/>
  <testcase name="[10] DefaultDataBufferFactory - preferDirect = false" classname="org.springframework.core.io.buffer.DataBufferUtilsTests" time="0.033"/>
  <testcase name="[1] NettyDataBufferFactory - UnpooledByteBufAllocator - preferDirect = true" classname="org.springframework.core.io.buffer.DataBufferUtilsTests" time="0.0"/>
  <testcase name="[2] NettyDataBufferFactory - UnpooledByteBufAllocator - preferDirect = false" classname="org.springframework.core.io.buffer.DataBufferUtilsTests" time="0.001"/>
  <testcase name="[3] NettyDataBufferFactory - PooledByteBufAllocator - preferDirect = true" classname="org.springframework.core.io.buffer.DataBufferUtilsTests" time="0.001"/>
  <testcase name="[4] NettyDataBufferFactory - PooledByteBufAllocator - preferDirect = false" classname="org.springframework.core.io.buffer.DataBufferUtilsTests" time="0.001"/>
  <testcase name="[5] Netty5DataBufferFactory - BufferAllocator.onHeapUnpooled()" classname="org.springframework.core.io.buffer.DataBufferUtilsTests" time="0.0"/>
  <testcase name="[6] Netty5DataBufferFactory - BufferAllocator.offHeapUnpooled()" classname="org.springframework.core.io.buffer.DataBufferUtilsTests" time="0.001"/>
  <testcase name="[7] Netty5DataBufferFactory - BufferAllocator.onHeapPooled()" classname="org.springframework.core.io.buffer.DataBufferUtilsTests" time="0.005"/>
  <testcase name="[8] Netty5DataBufferFactory - BufferAllocator.offHeapPooled()" classname="org.springframework.core.io.buffer.DataBufferUtilsTests" time="0.002"/>
  <testcase name="[9] DefaultDataBufferFactory - preferDirect = true" classname="org.springframework.core.io.buffer.DataBufferUtilsTests" time="0.0"/>
  <testcase name="[10] DefaultDataBufferFactory - preferDirect = false" classname="org.springframework.core.io.buffer.DataBufferUtilsTests" time="0.0"/>
  <testcase name="[1] NettyDataBufferFactory - UnpooledByteBufAllocator - preferDirect = true" classname="org.springframework.core.io.buffer.DataBufferUtilsTests" time="0.002"/>
  <testcase name="[2] NettyDataBufferFactory - UnpooledByteBufAllocator - preferDirect = false" classname="org.springframework.core.io.buffer.DataBufferUtilsTests" time="0.0"/>
  <testcase name="[3] NettyDataBufferFactory - PooledByteBufAllocator - preferDirect = true" classname="org.springframework.core.io.buffer.DataBufferUtilsTests" time="0.001"/>
  <testcase name="[4] NettyDataBufferFactory - PooledByteBufAllocator - preferDirect = false" classname="org.springframework.core.io.buffer.DataBufferUtilsTests" time="0.001"/>
  <testcase name="[5] Netty5DataBufferFactory - BufferAllocator.onHeapUnpooled()" classname="org.springframework.core.io.buffer.DataBufferUtilsTests" time="0.001"/>
  <testcase name="[6] Netty5DataBufferFactory - BufferAllocator.offHeapUnpooled()" classname="org.springframework.core.io.buffer.DataBufferUtilsTests" time="0.02"/>
  <testcase name="[7] Netty5DataBufferFactory - BufferAllocator.onHeapPooled()" classname="org.springframework.core.io.buffer.DataBufferUtilsTests" time="0.003"/>
  <testcase name="[8] Netty5DataBufferFactory - BufferAllocator.offHeapPooled()" classname="org.springframework.core.io.buffer.DataBufferUtilsTests" time="0.004"/>
  <testcase name="[9] DefaultDataBufferFactory - preferDirect = true" classname="org.springframework.core.io.buffer.DataBufferUtilsTests" time="0.0"/>
  <testcase name="[10] DefaultDataBufferFactory - preferDirect = false" classname="org.springframework.core.io.buffer.DataBufferUtilsTests" time="0.0"/>
  <testcase name="[1] NettyDataBufferFactory - UnpooledByteBufAllocator - preferDirect = true" classname="org.springframework.core.io.buffer.DataBufferUtilsTests" time="0.009"/>
  <testcase name="[2] NettyDataBufferFactory - UnpooledByteBufAllocator - preferDirect = false" classname="org.springframework.core.io.buffer.DataBufferUtilsTests" time="0.002"/>
  <testcase name="[3] NettyDataBufferFactory - PooledByteBufAllocator - preferDirect = true" classname="org.springframework.core.io.buffer.DataBufferUtilsTests" time="0.003"/>
  <testcase name="[4] NettyDataBufferFactory - PooledByteBufAllocator - preferDirect = false" classname="org.springframework.core.io.buffer.DataBufferUtilsTests" time="0.003"/>
  <testcase name="[5] Netty5DataBufferFactory - BufferAllocator.onHeapUnpooled()" classname="org.springframework.core.io.buffer.DataBufferUtilsTests" time="0.02"/>
  <testcase name="[6] Netty5DataBufferFactory - BufferAllocator.offHeapUnpooled()" classname="org.springframework.core.io.buffer.DataBufferUtilsTests" time="0.005"/>
  <testcase name="[7] Netty5DataBufferFactory - BufferAllocator.onHeapPooled()" classname="org.springframework.core.io.buffer.DataBufferUtilsTests" time="0.007"/>
  <testcase name="[8] Netty5DataBufferFactory - BufferAllocator.offHeapPooled()" classname="org.springframework.core.io.buffer.DataBufferUtilsTests" time="0.004"/>
  <testcase name="[9] DefaultDataBufferFactory - preferDirect = true" classname="org.springframework.core.io.buffer.DataBufferUtilsTests" time="0.002"/>
  <testcase name="[10] DefaultDataBufferFactory - preferDirect = false" classname="org.springframework.core.io.buffer.DataBufferUtilsTests" time="0.002"/>
  <testcase name="[1] NettyDataBufferFactory - UnpooledByteBufAllocator - preferDirect = true" classname="org.springframework.core.io.buffer.DataBufferUtilsTests" time="0.004"/>
  <testcase name="[2] NettyDataBufferFactory - UnpooledByteBufAllocator - preferDirect = false" classname="org.springframework.core.io.buffer.DataBufferUtilsTests" time="0.0"/>
  <testcase name="[3] NettyDataBufferFactory - PooledByteBufAllocator - preferDirect = true" classname="org.springframework.core.io.buffer.DataBufferUtilsTests" time="0.001"/>
  <testcase name="[4] NettyDataBufferFactory - PooledByteBufAllocator - preferDirect = false" classname="org.springframework.core.io.buffer.DataBufferUtilsTests" time="0.001"/>
  <testcase name="[5] Netty5DataBufferFactory - BufferAllocator.onHeapUnpooled()" classname="org.springframework.core.io.buffer.DataBufferUtilsTests" time="0.001"/>
  <testcase name="[6] Netty5DataBufferFactory - BufferAllocator.offHeapUnpooled()" classname="org.springframework.core.io.buffer.DataBufferUtilsTests" time="0.001"/>
  <testcase name="[7] Netty5DataBufferFactory - BufferAllocator.onHeapPooled()" classname="org.springframework.core.io.buffer.DataBufferUtilsTests" time="0.005"/>
  <testcase name="[8] Netty5DataBufferFactory - BufferAllocator.offHeapPooled()" classname="org.springframework.core.io.buffer.DataBufferUtilsTests" time="0.002"/>
  <testcase name="[9] DefaultDataBufferFactory - preferDirect = true" classname="org.springframework.core.io.buffer.DataBufferUtilsTests" time="0.001"/>
  <testcase name="[10] DefaultDataBufferFactory - preferDirect = false" classname="org.springframework.core.io.buffer.DataBufferUtilsTests" time="0.0"/>
  <testcase name="[1] NettyDataBufferFactory - UnpooledByteBufAllocator - preferDirect = true" classname="org.springframework.core.io.buffer.DataBufferUtilsTests" time="0.0"/>
  <testcase name="[2] NettyDataBufferFactory - UnpooledByteBufAllocator - preferDirect = false" classname="org.springframework.core.io.buffer.DataBufferUtilsTests" time="0.0"/>
  <testcase name="[3] NettyDataBufferFactory - PooledByteBufAllocator - preferDirect = true" classname="org.springframework.core.io.buffer.DataBufferUtilsTests" time="0.001"/>
  <testcase name="[4] NettyDataBufferFactory - PooledByteBufAllocator - preferDirect = false" classname="org.springframework.core.io.buffer.DataBufferUtilsTests" time="0.0"/>
  <testcase name="[5] Netty5DataBufferFactory - BufferAllocator.onHeapUnpooled()" classname="org.springframework.core.io.buffer.DataBufferUtilsTests" time="0.003"/>
  <testcase name="[6] Netty5DataBufferFactory - BufferAllocator.offHeapUnpooled()" classname="org.springframework.core.io.buffer.DataBufferUtilsTests" time="0.003"/>
  <testcase name="[7] Netty5DataBufferFactory - BufferAllocator.onHeapPooled()" classname="org.springframework.core.io.buffer.DataBufferUtilsTests" time="0.003"/>
  <testcase name="[8] Netty5DataBufferFactory - BufferAllocator.offHeapPooled()" classname="org.springframework.core.io.buffer.DataBufferUtilsTests" time="0.005"/>
  <testcase name="[9] DefaultDataBufferFactory - preferDirect = true" classname="org.springframework.core.io.buffer.DataBufferUtilsTests" time="0.0"/>
  <testcase name="[10] DefaultDataBufferFactory - preferDirect = false" classname="org.springframework.core.io.buffer.DataBufferUtilsTests" time="0.008"/>
  <testcase name="[1] NettyDataBufferFactory - UnpooledByteBufAllocator - preferDirect = true" classname="org.springframework.core.io.buffer.DataBufferUtilsTests" time="0.001"/>
  <testcase name="[2] NettyDataBufferFactory - UnpooledByteBufAllocator - preferDirect = false" classname="org.springframework.core.io.buffer.DataBufferUtilsTests" time="0.001"/>
  <testcase name="[3] NettyDataBufferFactory - PooledByteBufAllocator - preferDirect = true" classname="org.springframework.core.io.buffer.DataBufferUtilsTests" time="0.001"/>
  <testcase name="[4] NettyDataBufferFactory - PooledByteBufAllocator - preferDirect = false" classname="org.springframework.core.io.buffer.DataBufferUtilsTests" time="0.002"/>
  <testcase name="[5] Netty5DataBufferFactory - BufferAllocator.onHeapUnpooled()" classname="org.springframework.core.io.buffer.DataBufferUtilsTests" time="0.001"/>
  <testcase name="[6] Netty5DataBufferFactory - BufferAllocator.offHeapUnpooled()" classname="org.springframework.core.io.buffer.DataBufferUtilsTests" time="0.001"/>
  <testcase name="[7] Netty5DataBufferFactory - BufferAllocator.onHeapPooled()" classname="org.springframework.core.io.buffer.DataBufferUtilsTests" time="0.005"/>
  <testcase name="[8] Netty5DataBufferFactory - BufferAllocator.offHeapPooled()" classname="org.springframework.core.io.buffer.DataBufferUtilsTests" time="0.003"/>
  <testcase name="[9] DefaultDataBufferFactory - preferDirect = true" classname="org.springframework.core.io.buffer.DataBufferUtilsTests" time="0.001"/>
  <testcase name="[10] DefaultDataBufferFactory - preferDirect = false" classname="org.springframework.core.io.buffer.DataBufferUtilsTests" time="0.001"/>
  <testcase name="[1] NettyDataBufferFactory - UnpooledByteBufAllocator - preferDirect = true" classname="org.springframework.core.io.buffer.DataBufferUtilsTests" time="0.004"/>
  <testcase name="[2] NettyDataBufferFactory - UnpooledByteBufAllocator - preferDirect = false" classname="org.springframework.core.io.buffer.DataBufferUtilsTests" time="0.002"/>
  <testcase name="[3] NettyDataBufferFactory - PooledByteBufAllocator - preferDirect = true" classname="org.springframework.core.io.buffer.DataBufferUtilsTests" time="0.003"/>
  <testcase name="[4] NettyDataBufferFactory - PooledByteBufAllocator - preferDirect = false" classname="org.springframework.core.io.buffer.DataBufferUtilsTests" time="0.002"/>
  <testcase name="[5] Netty5DataBufferFactory - BufferAllocator.onHeapUnpooled()" classname="org.springframework.core.io.buffer.DataBufferUtilsTests" time="0.003"/>
  <testcase name="[6] Netty5DataBufferFactory - BufferAllocator.offHeapUnpooled()" classname="org.springframework.core.io.buffer.DataBufferUtilsTests" time="0.003"/>
  <testcase name="[7] Netty5DataBufferFactory - BufferAllocator.onHeapPooled()" classname="org.springframework.core.io.buffer.DataBufferUtilsTests" time="0.005"/>
  <testcase name="[8] Netty5DataBufferFactory - BufferAllocator.offHeapPooled()" classname="org.springframework.core.io.buffer.DataBufferUtilsTests" time="0.015"/>
  <testcase name="[9] DefaultDataBufferFactory - preferDirect = true" classname="org.springframework.core.io.buffer.DataBufferUtilsTests" time="0.004"/>
  <testcase name="[10] DefaultDataBufferFactory - preferDirect = false" classname="org.springframework.core.io.buffer.DataBufferUtilsTests" time="0.01"/>
  <testcase name="[1] NettyDataBufferFactory - UnpooledByteBufAllocator - preferDirect = true" classname="org.springframework.core.io.buffer.DataBufferUtilsTests" time="0.002"/>
  <testcase name="[2] NettyDataBufferFactory - UnpooledByteBufAllocator - preferDirect = false" classname="org.springframework.core.io.buffer.DataBufferUtilsTests" time="0.001"/>
  <testcase name="[3] NettyDataBufferFactory - PooledByteBufAllocator - preferDirect = true" classname="org.springframework.core.io.buffer.DataBufferUtilsTests" time="0.001"/>
  <testcase name="[4] NettyDataBufferFactory - PooledByteBufAllocator - preferDirect = false" classname="org.springframework.core.io.buffer.DataBufferUtilsTests" time="0.001"/>
  <testcase name="[5] Netty5DataBufferFactory - BufferAllocator.onHeapUnpooled()" classname="org.springframework.core.io.buffer.DataBufferUtilsTests" time="0.001"/>
  <testcase name="[6] Netty5DataBufferFactory - BufferAllocator.offHeapUnpooled()" classname="org.springframework.core.io.buffer.DataBufferUtilsTests" time="0.002"/>
  <testcase name="[7] Netty5DataBufferFactory - BufferAllocator.onHeapPooled()" classname="org.springframework.core.io.buffer.DataBufferUtilsTests" time="0.013"/>
  <testcase name="[8] Netty5DataBufferFactory - BufferAllocator.offHeapPooled()" classname="org.springframework.core.io.buffer.DataBufferUtilsTests" time="0.003"/>
  <testcase name="[9] DefaultDataBufferFactory - preferDirect = true" classname="org.springframework.core.io.buffer.DataBufferUtilsTests" time="0.001"/>
  <testcase name="[10] DefaultDataBufferFactory - preferDirect = false" classname="org.springframework.core.io.buffer.DataBufferUtilsTests" time="0.001"/>
  <testcase name="[1] NettyDataBufferFactory - UnpooledByteBufAllocator - preferDirect = true" classname="org.springframework.core.io.buffer.DataBufferUtilsTests" time="0.002"/>
  <testcase name="[2] NettyDataBufferFactory - UnpooledByteBufAllocator - preferDirect = false" classname="org.springframework.core.io.buffer.DataBufferUtilsTests" time="0.001"/>
  <testcase name="[3] NettyDataBufferFactory - PooledByteBufAllocator - preferDirect = true" classname="org.springframework.core.io.buffer.DataBufferUtilsTests" time="0.002"/>
  <testcase name="[4] NettyDataBufferFactory - PooledByteBufAllocator - preferDirect = false" classname="org.springframework.core.io.buffer.DataBufferUtilsTests" time="0.001"/>
  <testcase name="[5] Netty5DataBufferFactory - BufferAllocator.onHeapUnpooled()" classname="org.springframework.core.io.buffer.DataBufferUtilsTests" time="0.001"/>
  <testcase name="[6] Netty5DataBufferFactory - BufferAllocator.offHeapUnpooled()" classname="org.springframework.core.io.buffer.DataBufferUtilsTests" time="0.001"/>
  <testcase name="[7] Netty5DataBufferFactory - BufferAllocator.onHeapPooled()" classname="org.springframework.core.io.buffer.DataBufferUtilsTests" time="0.003"/>
  <testcase name="[8] Netty5DataBufferFactory - BufferAllocator.offHeapPooled()" classname="org.springframework.core.io.buffer.DataBufferUtilsTests" time="0.003"/>
  <testcase name="[9] DefaultDataBufferFactory - preferDirect = true" classname="org.springframework.core.io.buffer.DataBufferUtilsTests" time="0.005"/>
  <testcase name="[10] DefaultDataBufferFactory - preferDirect = false" classname="org.springframework.core.io.buffer.DataBufferUtilsTests" time="0.003"/>
  <testcase name="[1] NettyDataBufferFactory - UnpooledByteBufAllocator - preferDirect = true" classname="org.springframework.core.io.buffer.DataBufferUtilsTests" time="0.001"/>
  <testcase name="[2] NettyDataBufferFactory - UnpooledByteBufAllocator - preferDirect = false" classname="org.springframework.core.io.buffer.DataBufferUtilsTests" time="0.001"/>
  <testcase name="[3] NettyDataBufferFactory - PooledByteBufAllocator - preferDirect = true" classname="org.springframework.core.io.buffer.DataBufferUtilsTests" time="0.0"/>
  <testcase name="[4] NettyDataBufferFactory - PooledByteBufAllocator - preferDirect = false" classname="org.springframework.core.io.buffer.DataBufferUtilsTests" time="0.002"/>
  <testcase name="[5] Netty5DataBufferFactory - BufferAllocator.onHeapUnpooled()" classname="org.springframework.core.io.buffer.DataBufferUtilsTests" time="0.001"/>
  <testcase name="[6] Netty5DataBufferFactory - BufferAllocator.offHeapUnpooled()" classname="org.springframework.core.io.buffer.DataBufferUtilsTests" time="0.001"/>
  <testcase name="[7] Netty5DataBufferFactory - BufferAllocator.onHeapPooled()" classname="org.springframework.core.io.buffer.DataBufferUtilsTests" time="0.007"/>
  <testcase name="[8] Netty5DataBufferFactory - BufferAllocator.offHeapPooled()" classname="org.springframework.core.io.buffer.DataBufferUtilsTests" time="0.002"/>
  <testcase name="[9] DefaultDataBufferFactory - preferDirect = true" classname="org.springframework.core.io.buffer.DataBufferUtilsTests" time="0.001"/>
  <testcase name="[10] DefaultDataBufferFactory - preferDirect = false" classname="org.springframework.core.io.buffer.DataBufferUtilsTests" time="0.0"/>
  <testcase name="[1] NettyDataBufferFactory - UnpooledByteBufAllocator - preferDirect = true" classname="org.springframework.core.io.buffer.DataBufferUtilsTests" time="0.001"/>
  <testcase name="[2] NettyDataBufferFactory - UnpooledByteBufAllocator - preferDirect = false" classname="org.springframework.core.io.buffer.DataBufferUtilsTests" time="0.0"/>
  <testcase name="[3] NettyDataBufferFactory - PooledByteBufAllocator - preferDirect = true" classname="org.springframework.core.io.buffer.DataBufferUtilsTests" time="0.001"/>
  <testcase name="[4] NettyDataBufferFactory - PooledByteBufAllocator - preferDirect = false" classname="org.springframework.core.io.buffer.DataBufferUtilsTests" time="0.033"/>
  <testcase name="[5] Netty5DataBufferFactory - BufferAllocator.onHeapUnpooled()" classname="org.springframework.core.io.buffer.DataBufferUtilsTests" time="0.001"/>
  <testcase name="[6] Netty5DataBufferFactory - BufferAllocator.offHeapUnpooled()" classname="org.springframework.core.io.buffer.DataBufferUtilsTests" time="0.001"/>
  <testcase name="[7] Netty5DataBufferFactory - BufferAllocator.onHeapPooled()" classname="org.springframework.core.io.buffer.DataBufferUtilsTests" time="0.004"/>
  <testcase name="[8] Netty5DataBufferFactory - BufferAllocator.offHeapPooled()" classname="org.springframework.core.io.buffer.DataBufferUtilsTests" time="0.003"/>
  <testcase name="[9] DefaultDataBufferFactory - preferDirect = true" classname="org.springframework.core.io.buffer.DataBufferUtilsTests" time="0.0"/>
  <testcase name="[10] DefaultDataBufferFactory - preferDirect = false" classname="org.springframework.core.io.buffer.DataBufferUtilsTests" time="0.001"/>
  <testcase name="[1] NettyDataBufferFactory - UnpooledByteBufAllocator - preferDirect = true" classname="org.springframework.core.io.buffer.DataBufferUtilsTests" time="0.002"/>
  <testcase name="[2] NettyDataBufferFactory - UnpooledByteBufAllocator - preferDirect = false" classname="org.springframework.core.io.buffer.DataBufferUtilsTests" time="0.001"/>
  <testcase name="[3] NettyDataBufferFactory - PooledByteBufAllocator - preferDirect = true" classname="org.springframework.core.io.buffer.DataBufferUtilsTests" time="0.002"/>
  <testcase name="[4] NettyDataBufferFactory - PooledByteBufAllocator - preferDirect = false" classname="org.springframework.core.io.buffer.DataBufferUtilsTests" time="0.001"/>
  <testcase name="[5] Netty5DataBufferFactory - BufferAllocator.onHeapUnpooled()" classname="org.springframework.core.io.buffer.DataBufferUtilsTests" time="0.001"/>
  <testcase name="[6] Netty5DataBufferFactory - BufferAllocator.offHeapUnpooled()" classname="org.springframework.core.io.buffer.DataBufferUtilsTests" time="0.002"/>
  <testcase name="[7] Netty5DataBufferFactory - BufferAllocator.onHeapPooled()" classname="org.springframework.core.io.buffer.DataBufferUtilsTests" time="0.005"/>
  <testcase name="[8] Netty5DataBufferFactory - BufferAllocator.offHeapPooled()" classname="org.springframework.core.io.buffer.DataBufferUtilsTests" time="0.045"/>
  <testcase name="[9] DefaultDataBufferFactory - preferDirect = true" classname="org.springframework.core.io.buffer.DataBufferUtilsTests" time="0.002"/>
  <testcase name="[10] DefaultDataBufferFactory - preferDirect = false" classname="org.springframework.core.io.buffer.DataBufferUtilsTests" time="0.005"/>
  <testcase name="[1] NettyDataBufferFactory - UnpooledByteBufAllocator - preferDirect = true" classname="org.springframework.core.io.buffer.DataBufferUtilsTests" time="0.003"/>
  <testcase name="[2] NettyDataBufferFactory - UnpooledByteBufAllocator - preferDirect = false" classname="org.springframework.core.io.buffer.DataBufferUtilsTests" time="0.002"/>
  <testcase name="[3] NettyDataBufferFactory - PooledByteBufAllocator - preferDirect = true" classname="org.springframework.core.io.buffer.DataBufferUtilsTests" time="0.003"/>
  <testcase name="[4] NettyDataBufferFactory - PooledByteBufAllocator - preferDirect = false" classname="org.springframework.core.io.buffer.DataBufferUtilsTests" time="0.004"/>
  <testcase name="[5] Netty5DataBufferFactory - BufferAllocator.onHeapUnpooled()" classname="org.springframework.core.io.buffer.DataBufferUtilsTests" time="0.002"/>
  <testcase name="[6] Netty5DataBufferFactory - BufferAllocator.offHeapUnpooled()" classname="org.springframework.core.io.buffer.DataBufferUtilsTests" time="0.003"/>
  <testcase name="[7] Netty5DataBufferFactory - BufferAllocator.onHeapPooled()" classname="org.springframework.core.io.buffer.DataBufferUtilsTests" time="0.007"/>
  <testcase name="[8] Netty5DataBufferFactory - BufferAllocator.offHeapPooled()" classname="org.springframework.core.io.buffer.DataBufferUtilsTests" time="0.004"/>
  <testcase name="[9] DefaultDataBufferFactory - preferDirect = true" classname="org.springframework.core.io.buffer.DataBufferUtilsTests" time="0.003"/>
  <testcase name="[10] DefaultDataBufferFactory - preferDirect = false" classname="org.springframework.core.io.buffer.DataBufferUtilsTests" time="0.003"/>
  <testcase name="[1] NettyDataBufferFactory - UnpooledByteBufAllocator - preferDirect = true" classname="org.springframework.core.io.buffer.DataBufferUtilsTests" time="0.001"/>
  <testcase name="[2] NettyDataBufferFactory - UnpooledByteBufAllocator - preferDirect = false" classname="org.springframework.core.io.buffer.DataBufferUtilsTests" time="0.0"/>
  <testcase name="[3] NettyDataBufferFactory - PooledByteBufAllocator - preferDirect = true" classname="org.springframework.core.io.buffer.DataBufferUtilsTests" time="0.001"/>
  <testcase name="[4] NettyDataBufferFactory - PooledByteBufAllocator - preferDirect = false" classname="org.springframework.core.io.buffer.DataBufferUtilsTests" time="0.001"/>
  <testcase name="[5] Netty5DataBufferFactory - BufferAllocator.onHeapUnpooled()" classname="org.springframework.core.io.buffer.DataBufferUtilsTests" time="0.001"/>
  <testcase name="[6] Netty5DataBufferFactory - BufferAllocator.offHeapUnpooled()" classname="org.springframework.core.io.buffer.DataBufferUtilsTests" time="0.001"/>
  <testcase name="[7] Netty5DataBufferFactory - BufferAllocator.onHeapPooled()" classname="org.springframework.core.io.buffer.DataBufferUtilsTests" time="0.002"/>
  <testcase name="[8] Netty5DataBufferFactory - BufferAllocator.offHeapPooled()" classname="org.springframework.core.io.buffer.DataBufferUtilsTests" time="0.005"/>
  <testcase name="[9] DefaultDataBufferFactory - preferDirect = true" classname="org.springframework.core.io.buffer.DataBufferUtilsTests" time="0.0"/>
  <testcase name="[10] DefaultDataBufferFactory - preferDirect = false" classname="org.springframework.core.io.buffer.DataBufferUtilsTests" time="0.001"/>
  <testcase name="[1] NettyDataBufferFactory - UnpooledByteBufAllocator - preferDirect = true" classname="org.springframework.core.io.buffer.DataBufferUtilsTests" time="0.001"/>
  <testcase name="[2] NettyDataBufferFactory - UnpooledByteBufAllocator - preferDirect = false" classname="org.springframework.core.io.buffer.DataBufferUtilsTests" time="0.001"/>
  <testcase name="[3] NettyDataBufferFactory - PooledByteBufAllocator - preferDirect = true" classname="org.springframework.core.io.buffer.DataBufferUtilsTests" time="0.001"/>
  <testcase name="[4] NettyDataBufferFactory - PooledByteBufAllocator - preferDirect = false" classname="org.springframework.core.io.buffer.DataBufferUtilsTests" time="0.001"/>
  <testcase name="[5] Netty5DataBufferFactory - BufferAllocator.onHeapUnpooled()" classname="org.springframework.core.io.buffer.DataBufferUtilsTests" time="0.001"/>
  <testcase name="[6] Netty5DataBufferFactory - BufferAllocator.offHeapUnpooled()" classname="org.springframework.core.io.buffer.DataBufferUtilsTests" time="0.008"/>
  <testcase name="[7] Netty5DataBufferFactory - BufferAllocator.onHeapPooled()" classname="org.springframework.core.io.buffer.DataBufferUtilsTests" time="0.002"/>
  <testcase name="[8] Netty5DataBufferFactory - BufferAllocator.offHeapPooled()" classname="org.springframework.core.io.buffer.DataBufferUtilsTests" time="0.006"/>
  <testcase name="[9] DefaultDataBufferFactory - preferDirect = true" classname="org.springframework.core.io.buffer.DataBufferUtilsTests" time="0.001"/>
  <testcase name="[10] DefaultDataBufferFactory - preferDirect = false" classname="org.springframework.core.io.buffer.DataBufferUtilsTests" time="0.001"/>
  <system-out><![CDATA[]]></system-out>
  <system-err><![CDATA[]]></system-err>
</testsuite>
