<?xml version="1.0" encoding="UTF-8"?>
<testsuite name="org.springframework.aot.hint.RuntimeHintsTests" tests="4" skipped="0" failures="0" errors="0" timestamp="2022-11-30T11:06:56" hostname="WKS-SE-RPL" time="0.067">
  <properties/>
  <testcase name="javaSerializationHintWithClass()" classname="org.springframework.aot.hint.RuntimeHintsTests" time="0.062"/>
  <testcase name="reflectionHintWithClass()" classname="org.springframework.aot.hint.RuntimeHintsTests" time="0.002"/>
  <testcase name="jdkProxyWithClass()" classname="org.springframework.aot.hint.RuntimeHintsTests" time="0.001"/>
  <testcase name="resourceHintWithClass()" classname="org.springframework.aot.hint.RuntimeHintsTests" time="0.001"/>
  <system-out><![CDATA[]]></system-out>
  <system-err><![CDATA[]]></system-err>
</testsuite>
