<?xml version="1.0" encoding="UTF-8"?>
<testsuite name="org.springframework.core.io.ClassPathResourceTests$GetInputStream" tests="4" skipped="0" failures="0" errors="0" timestamp="2022-11-30T11:07:11" hostname="WKS-SE-RPL" time="0.015">
  <properties/>
  <testcase name="withClassLoaderConstructorRaisesExceptionForNonexistentResource()" classname="org.springframework.core.io.ClassPathResourceTests$GetInputStream" time="0.007"/>
  <testcase name="withClassLiteralConstructorRaisesExceptionForNonexistentRelativeResource()" classname="org.springframework.core.io.ClassPathResourceTests$GetInputStream" time="0.005"/>
  <testcase name="withClassLiteralConstructorRaisesExceptionForNonexistentAbsoluteResource()" classname="org.springframework.core.io.ClassPathResourceTests$GetInputStream" time="0.001"/>
  <testcase name="withStringConstructorRaisesExceptionForNonexistentResource()" classname="org.springframework.core.io.ClassPathResourceTests$GetInputStream" time="0.001"/>
  <system-out><![CDATA[]]></system-out>
  <system-err><![CDATA[]]></system-err>
</testsuite>
