<?xml version="1.0" encoding="UTF-8"?>
<testsuite name="org.springframework.core.ReactiveAdapterRegistryTests$RxJava3" tests="9" skipped="0" failures="0" errors="0" timestamp="2022-11-30T11:07:00" hostname="WKS-SE-RPL" time="0.116">
  <properties/>
  <testcase name="fromSingle()" classname="org.springframework.core.ReactiveAdapterRegistryTests$RxJava3" time="0.017"/>
  <testcase name="toObservable()" classname="org.springframework.core.ReactiveAdapterRegistryTests$RxJava3" time="0.032"/>
  <testcase name="fromCompletable()" classname="org.springframework.core.ReactiveAdapterRegistryTests$RxJava3" time="0.003"/>
  <testcase name="toSingle()" classname="org.springframework.core.ReactiveAdapterRegistryTests$RxJava3" time="0.002"/>
  <testcase name="toCompletable()" classname="org.springframework.core.ReactiveAdapterRegistryTests$RxJava3" time="0.002"/>
  <testcase name="fromFlowable()" classname="org.springframework.core.ReactiveAdapterRegistryTests$RxJava3" time="0.006"/>
  <testcase name="defaultAdapterRegistrations()" classname="org.springframework.core.ReactiveAdapterRegistryTests$RxJava3" time="0.0"/>
  <testcase name="fromObservable()" classname="org.springframework.core.ReactiveAdapterRegistryTests$RxJava3" time="0.049"/>
  <testcase name="toFlowable()" classname="org.springframework.core.ReactiveAdapterRegistryTests$RxJava3" time="0.003"/>
  <system-out><![CDATA[]]></system-out>
  <system-err><![CDATA[]]></system-err>
</testsuite>
