<?xml version="1.0" encoding="UTF-8"?>
<testsuite name="org.springframework.aot.hint.support.ObjectToObjectConverterRuntimeHintsTests" tests="1" skipped="0" failures="0" errors="0" timestamp="2022-11-30T11:06:57" hostname="WKS-SE-RPL" time="0.083">
  <properties/>
  <testcase name="javaSqlDateHasHints()" classname="org.springframework.aot.hint.support.ObjectToObjectConverterRuntimeHintsTests" time="0.083"/>
  <system-out><![CDATA[]]></system-out>
  <system-err><![CDATA[]]></system-err>
</testsuite>
