<?xml version="1.0" encoding="UTF-8"?>
<testsuite name="org.springframework.core.codec.CharSequenceEncoderTests" tests="3" skipped="0" failures="0" errors="0" timestamp="2022-11-30T11:07:10" hostname="WKS-SE-RPL" time="0.041">
  <properties/>
  <testcase name="encode()" classname="org.springframework.core.codec.CharSequenceEncoderTests" time="0.023"/>
  <testcase name="calculateCapacity()" classname="org.springframework.core.codec.CharSequenceEncoderTests" time="0.016"/>
  <testcase name="canEncode()" classname="org.springframework.core.codec.CharSequenceEncoderTests" time="0.001"/>
  <system-out><![CDATA[]]></system-out>
  <system-err><![CDATA[]]></system-err>
</testsuite>
