<?xml version="1.0" encoding="UTF-8"?>
<testsuite name="org.springframework.core.annotation.MergedAnnotationsTests$ConventionBasedAnnotationAttributeOverrideTests" tests="7" skipped="0" failures="0" errors="0" timestamp="2022-11-30T11:07:09" hostname="WKS-SE-RPL" time="0.011">
  <properties/>
  <testcase name="getWithInheritedAnnotationsFromInvalidConventionBasedComposedAnnotation()" classname="org.springframework.core.annotation.MergedAnnotationsTests$ConventionBasedAnnotationAttributeOverrideTests" time="0.002"/>
  <testcase name="getWithInheritedAnnotationsFromHalfConventionBasedAndHalfAliasedComposedAnnotation1()" classname="org.springframework.core.annotation.MergedAnnotationsTests$ConventionBasedAnnotationAttributeOverrideTests" time="0.002"/>
  <testcase name="getWithInheritedAnnotationsFromHalfConventionBasedAndHalfAliasedComposedAnnotation2()" classname="org.springframework.core.annotation.MergedAnnotationsTests$ConventionBasedAnnotationAttributeOverrideTests" time="0.0"/>
  <testcase name="getWithTypeHierarchyWithSingleElementOverridingAnArrayViaConvention()" classname="org.springframework.core.annotation.MergedAnnotationsTests$ConventionBasedAnnotationAttributeOverrideTests" time="0.002"/>
  <testcase name="getWithInheritedAnnotationsAttributesWithConventionBasedComposedAnnotation()" classname="org.springframework.core.annotation.MergedAnnotationsTests$ConventionBasedAnnotationAttributeOverrideTests" time="0.002"/>
  <testcase name="getWithTypeHierarchyOnMethodWithSingleElementOverridingAnArrayViaConvention()" classname="org.springframework.core.annotation.MergedAnnotationsTests$ConventionBasedAnnotationAttributeOverrideTests" time="0.002"/>
  <testcase name="getWithTypeHierarchyWithLocalAliasesThatConflictWithAttributesInMetaAnnotationByConvention()" classname="org.springframework.core.annotation.MergedAnnotationsTests$ConventionBasedAnnotationAttributeOverrideTests" time="0.0"/>
  <system-out><![CDATA[12:07:09.326 [Test worker] WARN  o.s.c.a.AnnotationTypeMapping - Support for convention-based annotation attribute overrides is deprecated and will be removed in Spring Framework 6.1. Please annotate the following attributes in @org.springframework.core.annotation.MergedAnnotationsTests$InvalidConventionBasedComposedContextConfiguration with appropriate @AliasFor declarations: [locations]
12:07:09.329 [Test worker] WARN  o.s.c.a.AnnotationTypeMapping - Support for convention-based annotation attribute overrides is deprecated and will be removed in Spring Framework 6.1. Please annotate the following attributes in @org.springframework.core.annotation.MergedAnnotationsTests$HalfConventionBasedAndHalfAliasedComposedContextConfiguration with appropriate @AliasFor declarations: [locations]
12:07:09.331 [Test worker] WARN  o.s.c.a.AnnotationTypeMapping - Support for convention-based annotation attribute overrides is deprecated and will be removed in Spring Framework 6.1. Please annotate the following attributes in @org.springframework.core.annotation.MergedAnnotationsTests$ConventionBasedSinglePackageComponentScan with appropriate @AliasFor declarations: [basePackages]
12:07:09.333 [Test worker] WARN  o.s.c.a.AnnotationTypeMapping - Support for convention-based annotation attribute overrides is deprecated and will be removed in Spring Framework 6.1. Please annotate the following attributes in @org.springframework.core.annotation.MergedAnnotationsTests$ConventionBasedComposedContextConfiguration with appropriate @AliasFor declarations: [classes, locations]
12:07:09.335 [Test worker] WARN  o.s.c.a.AnnotationTypeMapping - Support for convention-based annotation attribute overrides is deprecated and will be removed in Spring Framework 6.1. Please annotate the following attributes in @org.springframework.core.annotation.MergedAnnotationsTests$PostMapping with appropriate @AliasFor declarations: [path]
]]></system-out>
  <system-err><![CDATA[]]></system-err>
</testsuite>
