<?xml version="1.0" encoding="UTF-8"?>
<testsuite name="org.springframework.core.StandardReflectionParameterNameDiscoverTests" tests="1" skipped="0" failures="0" errors="0" timestamp="2022-11-30T11:07:06" hostname="WKS-SE-RPL" time="0.002">
  <properties/>
  <testcase name="getParameterNamesOnInterface()" classname="org.springframework.core.StandardReflectionParameterNameDiscoverTests" time="0.002"/>
  <system-out><![CDATA[]]></system-out>
  <system-err><![CDATA[]]></system-err>
</testsuite>
