<?xml version="1.0" encoding="UTF-8"?>
<testsuite name="org.springframework.util.concurrent.FutureAdapterTests" tests="5" skipped="0" failures="0" errors="0" timestamp="2022-11-30T11:07:23" hostname="WKS-SE-RPL" time="0.023">
  <properties/>
  <testcase name="cancel()" classname="org.springframework.util.concurrent.FutureAdapterTests" time="0.019"/>
  <testcase name="isDone()" classname="org.springframework.util.concurrent.FutureAdapterTests" time="0.001"/>
  <testcase name="getTimeOut()" classname="org.springframework.util.concurrent.FutureAdapterTests" time="0.002"/>
  <testcase name="get()" classname="org.springframework.util.concurrent.FutureAdapterTests" time="0.001"/>
  <testcase name="isCancelled()" classname="org.springframework.util.concurrent.FutureAdapterTests" time="0.0"/>
  <system-out><![CDATA[]]></system-out>
  <system-err><![CDATA[]]></system-err>
</testsuite>
