<?xml version="1.0" encoding="UTF-8"?>
<testsuite name="org.springframework.core.io.support.PathMatchingResourcePatternResolverTests$FileSystemResources" tests="2" skipped="0" failures="0" errors="0" timestamp="2022-11-30T11:07:17" hostname="WKS-SE-RPL" time="0.069">
  <properties/>
  <testcase name="singleResourceOnFileSystem()" classname="org.springframework.core.io.support.PathMatchingResourcePatternResolverTests$FileSystemResources" time="0.001"/>
  <testcase name="classpathStarWithPatternOnFileSystem()" classname="org.springframework.core.io.support.PathMatchingResourcePatternResolverTests$FileSystemResources" time="0.068"/>
  <system-out><![CDATA[]]></system-out>
  <system-err><![CDATA[]]></system-err>
</testsuite>
