<?xml version="1.0" encoding="UTF-8"?>
<testsuite name="org.springframework.core.io.support.PathMatchingResourcePatternResolverTests$JarResources" tests="5" skipped="0" failures="0" errors="0" timestamp="2022-11-30T11:07:17" hostname="WKS-SE-RPL" time="0.537">
  <properties/>
  <testcase name="singleResourceInRootOfJar()" classname="org.springframework.core.io.support.PathMatchingResourcePatternResolverTests$JarResources" time="0.003"/>
  <testcase name="rootPatternRetrievalInJarFiles()" classname="org.springframework.core.io.support.PathMatchingResourcePatternResolverTests$JarResources" time="0.526"/>
  <testcase name="singleResourceInJar()" classname="org.springframework.core.io.support.PathMatchingResourcePatternResolverTests$JarResources" time="0.001"/>
  <testcase name="classpathStarWithPatternInJar()" classname="org.springframework.core.io.support.PathMatchingResourcePatternResolverTests$JarResources" time="0.002"/>
  <testcase name="classpathWithPatternInJar()" classname="org.springframework.core.io.support.PathMatchingResourcePatternResolverTests$JarResources" time="0.003"/>
  <system-out><![CDATA[]]></system-out>
  <system-err><![CDATA[]]></system-err>
</testsuite>
