<?xml version="1.0" encoding="UTF-8"?>
<testsuite name="org.springframework.util.xml.StaxStreamHandlerTests" tests="4" skipped="0" failures="0" errors="0" timestamp="2022-11-30T11:07:25" hostname="WKS-SE-RPL" time="0.114">
  <properties/>
  <testcase name="noNamespacePrefixesDom()" classname="org.springframework.util.xml.StaxStreamHandlerTests" time="0.072"/>
  <testcase name="noNamespacePrefixes()" classname="org.springframework.util.xml.StaxStreamHandlerTests" time="0.027"/>
  <testcase name="namespacePrefixes()" classname="org.springframework.util.xml.StaxStreamHandlerTests" time="0.008"/>
  <testcase name="namespacePrefixesDom()" classname="org.springframework.util.xml.StaxStreamHandlerTests" time="0.007"/>
  <system-out><![CDATA[]]></system-out>
  <system-err><![CDATA[]]></system-err>
</testsuite>
