<?xml version="1.0" encoding="UTF-8"?>
<testsuite name="org.springframework.core.annotation.AnnotationIntrospectionFailureTests" tests="3" skipped="0" failures="0" errors="0" timestamp="2022-11-30T11:07:07" hostname="WKS-SE-RPL" time="0.085">
  <properties/>
  <testcase name="filteredTypeThrowsTypeNotPresentException()" classname="org.springframework.core.annotation.AnnotationIntrospectionFailureTests" time="0.009"/>
  <testcase name="filteredTypeInMetaAnnotationWhenUsingAnnotatedElementUtilsHandlesException()" classname="org.springframework.core.annotation.AnnotationIntrospectionFailureTests" time="0.07"/>
  <testcase name="filteredTypeInMetaAnnotationWhenUsingMergedAnnotationsHandlesException()" classname="org.springframework.core.annotation.AnnotationIntrospectionFailureTests" time="0.005"/>
  <system-out><![CDATA[]]></system-out>
  <system-err><![CDATA[]]></system-err>
</testsuite>
