<?xml version="1.0" encoding="UTF-8"?>
<testsuite name="org.springframework.core.task.SimpleAsyncTaskExecutorTests" tests="5" skipped="0" failures="0" errors="0" timestamp="2022-11-30T11:07:18" hostname="WKS-SE-RPL" time="0.27">
  <properties/>
  <testcase name="threadFactoryOverridesDefaults()" classname="org.springframework.core.task.SimpleAsyncTaskExecutorTests" time="0.183"/>
  <testcase name="threadNameGetsSetCorrectly()" classname="org.springframework.core.task.SimpleAsyncTaskExecutorTests" time="0.083"/>
  <testcase name="cannotExecuteWhenConcurrencyIsSwitchedOff()" classname="org.springframework.core.task.SimpleAsyncTaskExecutorTests" time="0.001"/>
  <testcase name="throttleIsNotActiveByDefault()" classname="org.springframework.core.task.SimpleAsyncTaskExecutorTests" time="0.0"/>
  <testcase name="throwsExceptionWhenSuppliedWithNullRunnable()" classname="org.springframework.core.task.SimpleAsyncTaskExecutorTests" time="0.001"/>
  <system-out><![CDATA[]]></system-out>
  <system-err><![CDATA[]]></system-err>
</testsuite>
