<?xml version="1.0" encoding="UTF-8"?>
<testsuite name="org.springframework.core.io.ClassPathResourceTests$EqualsAndHashCode" tests="6" skipped="0" failures="0" errors="0" timestamp="2022-11-30T11:07:11" hostname="WKS-SE-RPL" time="0.003">
  <properties/>
  <testcase name="resourcesWithDifferentInputPathsAreEqual()" classname="org.springframework.core.io.ClassPathResourceTests$EqualsAndHashCode" time="0.0"/>
  <testcase name="equalsAndHashCode()" classname="org.springframework.core.io.ClassPathResourceTests$EqualsAndHashCode" time="0.001"/>
  <testcase name="resourcesWithEquivalentAbsolutePathsHaveSameHashCode()" classname="org.springframework.core.io.ClassPathResourceTests$EqualsAndHashCode" time="0.0"/>
  <testcase name="resourcesWithEquivalentAbsolutePathsFromTheSameClassLoaderAreEqual()" classname="org.springframework.core.io.ClassPathResourceTests$EqualsAndHashCode" time="0.0"/>
  <testcase name="resourcesWithEquivalentAbsolutePathsFromDifferentClassLoadersAreNotEqual()" classname="org.springframework.core.io.ClassPathResourceTests$EqualsAndHashCode" time="0.001"/>
  <testcase name="relativeResourcesAreEqual()" classname="org.springframework.core.io.ClassPathResourceTests$EqualsAndHashCode" time="0.001"/>
  <system-out><![CDATA[]]></system-out>
  <system-err><![CDATA[]]></system-err>
</testsuite>
