<?xml version="1.0" encoding="UTF-8"?>
<testsuite name="org.springframework.aot.hint.ExecutableModeTests" tests="6" skipped="0" failures="0" errors="0" timestamp="2022-11-30T11:06:56" hostname="WKS-SE-RPL" time="0.003">
  <properties/>
  <testcase name="invokeIncludesIntrospect()" classname="org.springframework.aot.hint.ExecutableModeTests" time="0.0"/>
  <testcase name="invokeIncludesNullMode()" classname="org.springframework.aot.hint.ExecutableModeTests" time="0.0"/>
  <testcase name="introspectIncludesNullMode()" classname="org.springframework.aot.hint.ExecutableModeTests" time="0.0"/>
  <testcase name="invokeIncludesIncludes()" classname="org.springframework.aot.hint.ExecutableModeTests" time="0.0"/>
  <testcase name="introspectIncludesIntrospect()" classname="org.springframework.aot.hint.ExecutableModeTests" time="0.0"/>
  <testcase name="introspectDoesNotIncludeInvoke()" classname="org.springframework.aot.hint.ExecutableModeTests" time="0.0"/>
  <system-out><![CDATA[]]></system-out>
  <system-err><![CDATA[]]></system-err>
</testsuite>
