<?xml version="1.0" encoding="UTF-8"?>
<testsuite name="org.springframework.core.io.ClassPathResourceTests$GetDescription" tests="6" skipped="0" failures="0" errors="0" timestamp="2022-11-30T11:07:11" hostname="WKS-SE-RPL" time="0.003">
  <properties/>
  <testcase name="withStringConstructor()" classname="org.springframework.core.io.ClassPathResourceTests$GetDescription" time="0.001"/>
  <testcase name="withClassLoaderConstructorAndLeadingSlash()" classname="org.springframework.core.io.ClassPathResourceTests$GetDescription" time="0.0"/>
  <testcase name="withStringConstructorAndLeadingSlash()" classname="org.springframework.core.io.ClassPathResourceTests$GetDescription" time="0.0"/>
  <testcase name="withClassLiteralConstructorAndLeadingSlash()" classname="org.springframework.core.io.ClassPathResourceTests$GetDescription" time="0.0"/>
  <testcase name="withClassLoaderConstructor()" classname="org.springframework.core.io.ClassPathResourceTests$GetDescription" time="0.0"/>
  <testcase name="withClassLiteralConstructor()" classname="org.springframework.core.io.ClassPathResourceTests$GetDescription" time="0.0"/>
  <system-out><![CDATA[]]></system-out>
  <system-err><![CDATA[]]></system-err>
</testsuite>
