<?xml version="1.0" encoding="UTF-8"?>
<testsuite name="org.springframework.core.SimpleAliasRegistryTests" tests="5" skipped="0" failures="0" errors="0" timestamp="2022-11-30T11:07:01" hostname="WKS-SE-RPL" time="0.004">
  <properties/>
  <testcase name="removeAlias()" classname="org.springframework.core.SimpleAliasRegistryTests" time="0.0"/>
  <testcase name="getAliases()" classname="org.springframework.core.SimpleAliasRegistryTests" time="0.002"/>
  <testcase name="aliasChainingWithMultipleAliases()" classname="org.springframework.core.SimpleAliasRegistryTests" time="0.0"/>
  <testcase name="aliasChaining()" classname="org.springframework.core.SimpleAliasRegistryTests" time="0.0"/>
  <testcase name="isAlias()" classname="org.springframework.core.SimpleAliasRegistryTests" time="0.001"/>
  <system-out><![CDATA[]]></system-out>
  <system-err><![CDATA[]]></system-err>
</testsuite>
