<?xml version="1.0" encoding="UTF-8"?>
<testsuite name="org.springframework.core.KotlinBridgeMethodResolverTests" tests="2" skipped="0" failures="0" errors="0" timestamp="2022-11-30T11:07:30" hostname="WKS-SE-RPL" time="0.004">
  <properties/>
  <testcase name="findBridgedMethod()" classname="org.springframework.core.KotlinBridgeMethodResolverTests" time="0.003"/>
  <testcase name="findBridgedMethodWithArrays()" classname="org.springframework.core.KotlinBridgeMethodResolverTests" time="0.001"/>
  <system-out><![CDATA[]]></system-out>
  <system-err><![CDATA[]]></system-err>
</testsuite>
