<?xml version="1.0" encoding="UTF-8"?>
<testsuite name="org.springframework.util.concurrent.ListenableFutureTaskTests" tests="4" skipped="0" failures="0" errors="0" timestamp="2022-11-30T11:07:23" hostname="WKS-SE-RPL" time="0.024">
  <properties/>
  <testcase name="success()" classname="org.springframework.util.concurrent.ListenableFutureTaskTests" time="0.004"/>
  <testcase name="failure()" classname="org.springframework.util.concurrent.ListenableFutureTaskTests" time="0.002"/>
  <testcase name="failureWithLambdas()" classname="org.springframework.util.concurrent.ListenableFutureTaskTests" time="0.017"/>
  <testcase name="successWithLambdas()" classname="org.springframework.util.concurrent.ListenableFutureTaskTests" time="0.001"/>
  <system-out><![CDATA[]]></system-out>
  <system-err><![CDATA[]]></system-err>
</testsuite>
