<?xml version="1.0" encoding="UTF-8"?>
<testsuite name="org.springframework.core.KotlinDefaultParameterNameDiscovererTests" tests="1" skipped="0" failures="0" errors="0" timestamp="2022-11-30T11:07:30" hostname="WKS-SE-RPL" time="0.0">
  <properties/>
  <testcase name="getParameterNamesOnEnum()" classname="org.springframework.core.KotlinDefaultParameterNameDiscovererTests" time="0.0"/>
  <system-out><![CDATA[]]></system-out>
  <system-err><![CDATA[]]></system-err>
</testsuite>
