<?xml version="1.0" encoding="UTF-8"?>
<testsuite name="org.springframework.aot.hint.SerializationHintsTests" tests="1" skipped="0" failures="0" errors="0" timestamp="2022-11-30T11:06:56" hostname="WKS-SE-RPL" time="0.003">
  <properties/>
  <testcase name="registerTypeTwiceExposesOneHint()" classname="org.springframework.aot.hint.SerializationHintsTests" time="0.003"/>
  <system-out><![CDATA[]]></system-out>
  <system-err><![CDATA[]]></system-err>
</testsuite>
