<?xml version="1.0" encoding="UTF-8"?>
<testsuite name="org.springframework.core.style.SimpleValueStylerTests$DefaultClassAndMethodStylers" tests="5" skipped="0" failures="0" errors="0" timestamp="2022-11-30T11:07:18" hostname="WKS-SE-RPL" time="0.003">
  <properties/>
  <testcase name="styleClassMap()" classname="org.springframework.core.style.SimpleValueStylerTests$DefaultClassAndMethodStylers" time="0.001"/>
  <testcase name="styleClassArray()" classname="org.springframework.core.style.SimpleValueStylerTests$DefaultClassAndMethodStylers" time="0.0"/>
  <testcase name="styleClassList()" classname="org.springframework.core.style.SimpleValueStylerTests$DefaultClassAndMethodStylers" time="0.0"/>
  <testcase name="styleMethod()" classname="org.springframework.core.style.SimpleValueStylerTests$DefaultClassAndMethodStylers" time="0.001"/>
  <testcase name="styleClass()" classname="org.springframework.core.style.SimpleValueStylerTests$DefaultClassAndMethodStylers" time="0.0"/>
  <system-out><![CDATA[]]></system-out>
  <system-err><![CDATA[]]></system-err>
</testsuite>
