<?xml version="1.0" encoding="UTF-8"?>
<testsuite name="org.springframework.util.CompositeIteratorTests" tests="5" skipped="0" failures="0" errors="0" timestamp="2022-11-30T11:07:20" hostname="WKS-SE-RPL" time="0.007">
  <properties/>
  <testcase name="duplicateIterators()" classname="org.springframework.util.CompositeIteratorTests" time="0.004"/>
  <testcase name="noIterators()" classname="org.springframework.util.CompositeIteratorTests" time="0.0"/>
  <testcase name="inUse()" classname="org.springframework.util.CompositeIteratorTests" time="0.001"/>
  <testcase name="multipleIterators()" classname="org.springframework.util.CompositeIteratorTests" time="0.001"/>
  <testcase name="singleIterator()" classname="org.springframework.util.CompositeIteratorTests" time="0.0"/>
  <system-out><![CDATA[]]></system-out>
  <system-err><![CDATA[]]></system-err>
</testsuite>
