<?xml version="1.0" encoding="UTF-8"?>
<testsuite name="org.springframework.aot.hint.support.SpringFactoriesLoaderRuntimeHintsTests" tests="3" skipped="0" failures="0" errors="0" timestamp="2022-11-30T11:06:57" hostname="WKS-SE-RPL" time="0.01">
  <properties/>
  <testcase name="resourceLocationHasHints()" classname="org.springframework.aot.hint.support.SpringFactoriesLoaderRuntimeHintsTests" time="0.003"/>
  <testcase name="factoryImplementationHasHint()" classname="org.springframework.aot.hint.support.SpringFactoriesLoaderRuntimeHintsTests" time="0.003"/>
  <testcase name="factoryTypeHasHint()" classname="org.springframework.aot.hint.support.SpringFactoriesLoaderRuntimeHintsTests" time="0.003"/>
  <system-out><![CDATA[]]></system-out>
  <system-err><![CDATA[]]></system-err>
</testsuite>
