<?xml version="1.0" encoding="UTF-8"?>
<testsuite name="org.springframework.aot.hint.ExecutableHintTests" tests="1" skipped="0" failures="0" errors="0" timestamp="2022-11-30T11:06:56" hostname="WKS-SE-RPL" time="0.0">
  <properties/>
  <testcase name="builtWithAppliesMode()" classname="org.springframework.aot.hint.ExecutableHintTests" time="0.0"/>
  <system-out><![CDATA[]]></system-out>
  <system-err><![CDATA[]]></system-err>
</testsuite>
