<?xml version="1.0" encoding="UTF-8"?>
<testsuite name="org.springframework.core.codec.ByteArrayDecoderTests" tests="3" skipped="0" failures="0" errors="0" timestamp="2022-11-30T11:07:09" hostname="WKS-SE-RPL" time="0.355">
  <properties/>
  <testcase name="decodeToMono()" classname="org.springframework.core.codec.ByteArrayDecoderTests" time="0.347"/>
  <testcase name="decode()" classname="org.springframework.core.codec.ByteArrayDecoderTests" time="0.007"/>
  <testcase name="canDecode()" classname="org.springframework.core.codec.ByteArrayDecoderTests" time="0.0"/>
  <system-out><![CDATA[]]></system-out>
  <system-err><![CDATA[]]></system-err>
</testsuite>
