<?xml version="1.0" encoding="UTF-8"?>
<testsuite name="org.springframework.core.io.buffer.DataBufferTests" tests="410" skipped="20" failures="0" errors="0" timestamp="2022-11-30T11:07:13" hostname="WKS-SE-RPL" time="1.145">
  <properties/>
  <testcase name="[1] NettyDataBufferFactory - UnpooledByteBufAllocator - preferDirect = true" classname="org.springframework.core.io.buffer.DataBufferTests" time="0.001"/>
  <testcase name="[2] NettyDataBufferFactory - UnpooledByteBufAllocator - preferDirect = false" classname="org.springframework.core.io.buffer.DataBufferTests" time="0.001"/>
  <testcase name="[3] NettyDataBufferFactory - PooledByteBufAllocator - preferDirect = true" classname="org.springframework.core.io.buffer.DataBufferTests" time="0.006"/>
  <testcase name="[4] NettyDataBufferFactory - PooledByteBufAllocator - preferDirect = false" classname="org.springframework.core.io.buffer.DataBufferTests" time="0.003"/>
  <testcase name="[5] Netty5DataBufferFactory - BufferAllocator.onHeapUnpooled()" classname="org.springframework.core.io.buffer.DataBufferTests" time="0.001"/>
  <testcase name="[6] Netty5DataBufferFactory - BufferAllocator.offHeapUnpooled()" classname="org.springframework.core.io.buffer.DataBufferTests" time="0.0"/>
  <testcase name="[7] Netty5DataBufferFactory - BufferAllocator.onHeapPooled()" classname="org.springframework.core.io.buffer.DataBufferTests" time="0.004"/>
  <testcase name="[8] Netty5DataBufferFactory - BufferAllocator.offHeapPooled()" classname="org.springframework.core.io.buffer.DataBufferTests" time="0.002"/>
  <testcase name="[9] DefaultDataBufferFactory - preferDirect = true" classname="org.springframework.core.io.buffer.DataBufferTests" time="0.002"/>
  <testcase name="[10] DefaultDataBufferFactory - preferDirect = false" classname="org.springframework.core.io.buffer.DataBufferTests" time="0.001"/>
  <testcase name="[1] NettyDataBufferFactory - UnpooledByteBufAllocator - preferDirect = true" classname="org.springframework.core.io.buffer.DataBufferTests" time="0.0"/>
  <testcase name="[2] NettyDataBufferFactory - UnpooledByteBufAllocator - preferDirect = false" classname="org.springframework.core.io.buffer.DataBufferTests" time="0.0"/>
  <testcase name="[3] NettyDataBufferFactory - PooledByteBufAllocator - preferDirect = true" classname="org.springframework.core.io.buffer.DataBufferTests" time="0.001"/>
  <testcase name="[4] NettyDataBufferFactory - PooledByteBufAllocator - preferDirect = false" classname="org.springframework.core.io.buffer.DataBufferTests" time="0.001"/>
  <testcase name="[5] Netty5DataBufferFactory - BufferAllocator.onHeapUnpooled()" classname="org.springframework.core.io.buffer.DataBufferTests" time="0.001"/>
  <testcase name="[6] Netty5DataBufferFactory - BufferAllocator.offHeapUnpooled()" classname="org.springframework.core.io.buffer.DataBufferTests" time="0.001"/>
  <testcase name="[7] Netty5DataBufferFactory - BufferAllocator.onHeapPooled()" classname="org.springframework.core.io.buffer.DataBufferTests" time="0.006"/>
  <testcase name="[8] Netty5DataBufferFactory - BufferAllocator.offHeapPooled()" classname="org.springframework.core.io.buffer.DataBufferTests" time="0.002"/>
  <testcase name="[9] DefaultDataBufferFactory - preferDirect = true" classname="org.springframework.core.io.buffer.DataBufferTests" time="0.001"/>
  <testcase name="[10] DefaultDataBufferFactory - preferDirect = false" classname="org.springframework.core.io.buffer.DataBufferTests" time="0.0"/>
  <testcase name="[1] NettyDataBufferFactory - UnpooledByteBufAllocator - preferDirect = true" classname="org.springframework.core.io.buffer.DataBufferTests" time="0.001"/>
  <testcase name="[2] NettyDataBufferFactory - UnpooledByteBufAllocator - preferDirect = false" classname="org.springframework.core.io.buffer.DataBufferTests" time="0.0"/>
  <testcase name="[3] NettyDataBufferFactory - PooledByteBufAllocator - preferDirect = true" classname="org.springframework.core.io.buffer.DataBufferTests" time="0.001"/>
  <testcase name="[4] NettyDataBufferFactory - PooledByteBufAllocator - preferDirect = false" classname="org.springframework.core.io.buffer.DataBufferTests" time="0.001"/>
  <testcase name="[5] Netty5DataBufferFactory - BufferAllocator.onHeapUnpooled()" classname="org.springframework.core.io.buffer.DataBufferTests" time="0.012"/>
  <testcase name="[6] Netty5DataBufferFactory - BufferAllocator.offHeapUnpooled()" classname="org.springframework.core.io.buffer.DataBufferTests" time="0.001"/>
  <testcase name="[7] Netty5DataBufferFactory - BufferAllocator.onHeapPooled()" classname="org.springframework.core.io.buffer.DataBufferTests" time="0.001"/>
  <testcase name="[8] Netty5DataBufferFactory - BufferAllocator.offHeapPooled()" classname="org.springframework.core.io.buffer.DataBufferTests" time="0.002"/>
  <testcase name="[9] DefaultDataBufferFactory - preferDirect = true" classname="org.springframework.core.io.buffer.DataBufferTests" time="0.006"/>
  <testcase name="[10] DefaultDataBufferFactory - preferDirect = false" classname="org.springframework.core.io.buffer.DataBufferTests" time="0.001"/>
  <testcase name="[1] NettyDataBufferFactory - UnpooledByteBufAllocator - preferDirect = true" classname="org.springframework.core.io.buffer.DataBufferTests" time="0.001"/>
  <testcase name="[2] NettyDataBufferFactory - UnpooledByteBufAllocator - preferDirect = false" classname="org.springframework.core.io.buffer.DataBufferTests" time="0.001"/>
  <testcase name="[3] NettyDataBufferFactory - PooledByteBufAllocator - preferDirect = true" classname="org.springframework.core.io.buffer.DataBufferTests" time="0.001"/>
  <testcase name="[4] NettyDataBufferFactory - PooledByteBufAllocator - preferDirect = false" classname="org.springframework.core.io.buffer.DataBufferTests" time="0.001"/>
  <testcase name="[5] Netty5DataBufferFactory - BufferAllocator.onHeapUnpooled()" classname="org.springframework.core.io.buffer.DataBufferTests" time="0.001"/>
  <testcase name="[6] Netty5DataBufferFactory - BufferAllocator.offHeapUnpooled()" classname="org.springframework.core.io.buffer.DataBufferTests" time="0.001"/>
  <testcase name="[7] Netty5DataBufferFactory - BufferAllocator.onHeapPooled()" classname="org.springframework.core.io.buffer.DataBufferTests" time="0.002"/>
  <testcase name="[8] Netty5DataBufferFactory - BufferAllocator.offHeapPooled()" classname="org.springframework.core.io.buffer.DataBufferTests" time="0.003"/>
  <testcase name="[9] DefaultDataBufferFactory - preferDirect = true" classname="org.springframework.core.io.buffer.DataBufferTests" time="0.03"/>
  <testcase name="[10] DefaultDataBufferFactory - preferDirect = false" classname="org.springframework.core.io.buffer.DataBufferTests" time="0.0"/>
  <testcase name="[1] NettyDataBufferFactory - UnpooledByteBufAllocator - preferDirect = true" classname="org.springframework.core.io.buffer.DataBufferTests" time="0.002"/>
  <testcase name="[2] NettyDataBufferFactory - UnpooledByteBufAllocator - preferDirect = false" classname="org.springframework.core.io.buffer.DataBufferTests" time="0.001"/>
  <testcase name="[3] NettyDataBufferFactory - PooledByteBufAllocator - preferDirect = true" classname="org.springframework.core.io.buffer.DataBufferTests" time="0.0"/>
  <testcase name="[4] NettyDataBufferFactory - PooledByteBufAllocator - preferDirect = false" classname="org.springframework.core.io.buffer.DataBufferTests" time="0.0"/>
  <testcase name="[5] Netty5DataBufferFactory - BufferAllocator.onHeapUnpooled()" classname="org.springframework.core.io.buffer.DataBufferTests" time="0.003">
    <skipped/>
  </testcase>
  <testcase name="[6] Netty5DataBufferFactory - BufferAllocator.offHeapUnpooled()" classname="org.springframework.core.io.buffer.DataBufferTests" time="0.001">
    <skipped/>
  </testcase>
  <testcase name="[7] Netty5DataBufferFactory - BufferAllocator.onHeapPooled()" classname="org.springframework.core.io.buffer.DataBufferTests" time="0.0">
    <skipped/>
  </testcase>
  <testcase name="[8] Netty5DataBufferFactory - BufferAllocator.offHeapPooled()" classname="org.springframework.core.io.buffer.DataBufferTests" time="0.0">
    <skipped/>
  </testcase>
  <testcase name="[9] DefaultDataBufferFactory - preferDirect = true" classname="org.springframework.core.io.buffer.DataBufferTests" time="0.0"/>
  <testcase name="[10] DefaultDataBufferFactory - preferDirect = false" classname="org.springframework.core.io.buffer.DataBufferTests" time="0.001"/>
  <testcase name="[1] NettyDataBufferFactory - UnpooledByteBufAllocator - preferDirect = true" classname="org.springframework.core.io.buffer.DataBufferTests" time="0.002"/>
  <testcase name="[2] NettyDataBufferFactory - UnpooledByteBufAllocator - preferDirect = false" classname="org.springframework.core.io.buffer.DataBufferTests" time="0.001"/>
  <testcase name="[3] NettyDataBufferFactory - PooledByteBufAllocator - preferDirect = true" classname="org.springframework.core.io.buffer.DataBufferTests" time="0.001"/>
  <testcase name="[4] NettyDataBufferFactory - PooledByteBufAllocator - preferDirect = false" classname="org.springframework.core.io.buffer.DataBufferTests" time="0.001"/>
  <testcase name="[5] Netty5DataBufferFactory - BufferAllocator.onHeapUnpooled()" classname="org.springframework.core.io.buffer.DataBufferTests" time="0.001"/>
  <testcase name="[6] Netty5DataBufferFactory - BufferAllocator.offHeapUnpooled()" classname="org.springframework.core.io.buffer.DataBufferTests" time="0.001"/>
  <testcase name="[7] Netty5DataBufferFactory - BufferAllocator.onHeapPooled()" classname="org.springframework.core.io.buffer.DataBufferTests" time="0.004"/>
  <testcase name="[8] Netty5DataBufferFactory - BufferAllocator.offHeapPooled()" classname="org.springframework.core.io.buffer.DataBufferTests" time="0.001"/>
  <testcase name="[9] DefaultDataBufferFactory - preferDirect = true" classname="org.springframework.core.io.buffer.DataBufferTests" time="0.0"/>
  <testcase name="[10] DefaultDataBufferFactory - preferDirect = false" classname="org.springframework.core.io.buffer.DataBufferTests" time="0.001"/>
  <testcase name="[1] NettyDataBufferFactory - UnpooledByteBufAllocator - preferDirect = true" classname="org.springframework.core.io.buffer.DataBufferTests" time="0.001"/>
  <testcase name="[2] NettyDataBufferFactory - UnpooledByteBufAllocator - preferDirect = false" classname="org.springframework.core.io.buffer.DataBufferTests" time="0.001"/>
  <testcase name="[3] NettyDataBufferFactory - PooledByteBufAllocator - preferDirect = true" classname="org.springframework.core.io.buffer.DataBufferTests" time="0.005"/>
  <testcase name="[4] NettyDataBufferFactory - PooledByteBufAllocator - preferDirect = false" classname="org.springframework.core.io.buffer.DataBufferTests" time="0.001"/>
  <testcase name="[5] Netty5DataBufferFactory - BufferAllocator.onHeapUnpooled()" classname="org.springframework.core.io.buffer.DataBufferTests" time="0.004"/>
  <testcase name="[6] Netty5DataBufferFactory - BufferAllocator.offHeapUnpooled()" classname="org.springframework.core.io.buffer.DataBufferTests" time="0.001"/>
  <testcase name="[7] Netty5DataBufferFactory - BufferAllocator.onHeapPooled()" classname="org.springframework.core.io.buffer.DataBufferTests" time="0.001"/>
  <testcase name="[8] Netty5DataBufferFactory - BufferAllocator.offHeapPooled()" classname="org.springframework.core.io.buffer.DataBufferTests" time="0.002"/>
  <testcase name="[9] DefaultDataBufferFactory - preferDirect = true" classname="org.springframework.core.io.buffer.DataBufferTests" time="0.0"/>
  <testcase name="[10] DefaultDataBufferFactory - preferDirect = false" classname="org.springframework.core.io.buffer.DataBufferTests" time="0.0"/>
  <testcase name="[1] NettyDataBufferFactory - UnpooledByteBufAllocator - preferDirect = true" classname="org.springframework.core.io.buffer.DataBufferTests" time="0.0"/>
  <testcase name="[2] NettyDataBufferFactory - UnpooledByteBufAllocator - preferDirect = false" classname="org.springframework.core.io.buffer.DataBufferTests" time="0.0"/>
  <testcase name="[3] NettyDataBufferFactory - PooledByteBufAllocator - preferDirect = true" classname="org.springframework.core.io.buffer.DataBufferTests" time="0.001"/>
  <testcase name="[4] NettyDataBufferFactory - PooledByteBufAllocator - preferDirect = false" classname="org.springframework.core.io.buffer.DataBufferTests" time="0.001"/>
  <testcase name="[5] Netty5DataBufferFactory - BufferAllocator.onHeapUnpooled()" classname="org.springframework.core.io.buffer.DataBufferTests" time="0.002"/>
  <testcase name="[6] Netty5DataBufferFactory - BufferAllocator.offHeapUnpooled()" classname="org.springframework.core.io.buffer.DataBufferTests" time="0.001"/>
  <testcase name="[7] Netty5DataBufferFactory - BufferAllocator.onHeapPooled()" classname="org.springframework.core.io.buffer.DataBufferTests" time="0.005"/>
  <testcase name="[8] Netty5DataBufferFactory - BufferAllocator.offHeapPooled()" classname="org.springframework.core.io.buffer.DataBufferTests" time="0.002"/>
  <testcase name="[9] DefaultDataBufferFactory - preferDirect = true" classname="org.springframework.core.io.buffer.DataBufferTests" time="0.0"/>
  <testcase name="[10] DefaultDataBufferFactory - preferDirect = false" classname="org.springframework.core.io.buffer.DataBufferTests" time="0.0"/>
  <testcase name="[1] NettyDataBufferFactory - UnpooledByteBufAllocator - preferDirect = true" classname="org.springframework.core.io.buffer.DataBufferTests" time="0.001"/>
  <testcase name="[2] NettyDataBufferFactory - UnpooledByteBufAllocator - preferDirect = false" classname="org.springframework.core.io.buffer.DataBufferTests" time="0.035"/>
  <testcase name="[3] NettyDataBufferFactory - PooledByteBufAllocator - preferDirect = true" classname="org.springframework.core.io.buffer.DataBufferTests" time="0.0"/>
  <testcase name="[4] NettyDataBufferFactory - PooledByteBufAllocator - preferDirect = false" classname="org.springframework.core.io.buffer.DataBufferTests" time="0.0"/>
  <testcase name="[5] Netty5DataBufferFactory - BufferAllocator.onHeapUnpooled()" classname="org.springframework.core.io.buffer.DataBufferTests" time="0.0"/>
  <testcase name="[6] Netty5DataBufferFactory - BufferAllocator.offHeapUnpooled()" classname="org.springframework.core.io.buffer.DataBufferTests" time="0.0"/>
  <testcase name="[7] Netty5DataBufferFactory - BufferAllocator.onHeapPooled()" classname="org.springframework.core.io.buffer.DataBufferTests" time="0.003"/>
  <testcase name="[8] Netty5DataBufferFactory - BufferAllocator.offHeapPooled()" classname="org.springframework.core.io.buffer.DataBufferTests" time="0.002"/>
  <testcase name="[9] DefaultDataBufferFactory - preferDirect = true" classname="org.springframework.core.io.buffer.DataBufferTests" time="0.0"/>
  <testcase name="[10] DefaultDataBufferFactory - preferDirect = false" classname="org.springframework.core.io.buffer.DataBufferTests" time="0.0"/>
  <testcase name="[1] NettyDataBufferFactory - UnpooledByteBufAllocator - preferDirect = true" classname="org.springframework.core.io.buffer.DataBufferTests" time="0.001"/>
  <testcase name="[2] NettyDataBufferFactory - UnpooledByteBufAllocator - preferDirect = false" classname="org.springframework.core.io.buffer.DataBufferTests" time="0.001"/>
  <testcase name="[3] NettyDataBufferFactory - PooledByteBufAllocator - preferDirect = true" classname="org.springframework.core.io.buffer.DataBufferTests" time="0.001"/>
  <testcase name="[4] NettyDataBufferFactory - PooledByteBufAllocator - preferDirect = false" classname="org.springframework.core.io.buffer.DataBufferTests" time="0.001"/>
  <testcase name="[5] Netty5DataBufferFactory - BufferAllocator.onHeapUnpooled()" classname="org.springframework.core.io.buffer.DataBufferTests" time="0.001"/>
  <testcase name="[6] Netty5DataBufferFactory - BufferAllocator.offHeapUnpooled()" classname="org.springframework.core.io.buffer.DataBufferTests" time="0.001"/>
  <testcase name="[7] Netty5DataBufferFactory - BufferAllocator.onHeapPooled()" classname="org.springframework.core.io.buffer.DataBufferTests" time="0.005"/>
  <testcase name="[8] Netty5DataBufferFactory - BufferAllocator.offHeapPooled()" classname="org.springframework.core.io.buffer.DataBufferTests" time="0.003"/>
  <testcase name="[9] DefaultDataBufferFactory - preferDirect = true" classname="org.springframework.core.io.buffer.DataBufferTests" time="0.0"/>
  <testcase name="[10] DefaultDataBufferFactory - preferDirect = false" classname="org.springframework.core.io.buffer.DataBufferTests" time="0.0"/>
  <testcase name="[1] NettyDataBufferFactory - UnpooledByteBufAllocator - preferDirect = true" classname="org.springframework.core.io.buffer.DataBufferTests" time="0.001"/>
  <testcase name="[2] NettyDataBufferFactory - UnpooledByteBufAllocator - preferDirect = false" classname="org.springframework.core.io.buffer.DataBufferTests" time="0.001"/>
  <testcase name="[3] NettyDataBufferFactory - PooledByteBufAllocator - preferDirect = true" classname="org.springframework.core.io.buffer.DataBufferTests" time="0.0"/>
  <testcase name="[4] NettyDataBufferFactory - PooledByteBufAllocator - preferDirect = false" classname="org.springframework.core.io.buffer.DataBufferTests" time="0.0"/>
  <testcase name="[5] Netty5DataBufferFactory - BufferAllocator.onHeapUnpooled()" classname="org.springframework.core.io.buffer.DataBufferTests" time="0.001">
    <skipped/>
  </testcase>
  <testcase name="[6] Netty5DataBufferFactory - BufferAllocator.offHeapUnpooled()" classname="org.springframework.core.io.buffer.DataBufferTests" time="0.001">
    <skipped/>
  </testcase>
  <testcase name="[7] Netty5DataBufferFactory - BufferAllocator.onHeapPooled()" classname="org.springframework.core.io.buffer.DataBufferTests" time="0.003">
    <skipped/>
  </testcase>
  <testcase name="[8] Netty5DataBufferFactory - BufferAllocator.offHeapPooled()" classname="org.springframework.core.io.buffer.DataBufferTests" time="0.002">
    <skipped/>
  </testcase>
  <testcase name="[9] DefaultDataBufferFactory - preferDirect = true" classname="org.springframework.core.io.buffer.DataBufferTests" time="0.001"/>
  <testcase name="[10] DefaultDataBufferFactory - preferDirect = false" classname="org.springframework.core.io.buffer.DataBufferTests" time="0.0"/>
  <testcase name="[1] NettyDataBufferFactory - UnpooledByteBufAllocator - preferDirect = true" classname="org.springframework.core.io.buffer.DataBufferTests" time="0.0"/>
  <testcase name="[2] NettyDataBufferFactory - UnpooledByteBufAllocator - preferDirect = false" classname="org.springframework.core.io.buffer.DataBufferTests" time="0.0"/>
  <testcase name="[3] NettyDataBufferFactory - PooledByteBufAllocator - preferDirect = true" classname="org.springframework.core.io.buffer.DataBufferTests" time="0.001"/>
  <testcase name="[4] NettyDataBufferFactory - PooledByteBufAllocator - preferDirect = false" classname="org.springframework.core.io.buffer.DataBufferTests" time="0.001"/>
  <testcase name="[5] Netty5DataBufferFactory - BufferAllocator.onHeapUnpooled()" classname="org.springframework.core.io.buffer.DataBufferTests" time="0.001">
    <skipped/>
  </testcase>
  <testcase name="[6] Netty5DataBufferFactory - BufferAllocator.offHeapUnpooled()" classname="org.springframework.core.io.buffer.DataBufferTests" time="0.0">
    <skipped/>
  </testcase>
  <testcase name="[7] Netty5DataBufferFactory - BufferAllocator.onHeapPooled()" classname="org.springframework.core.io.buffer.DataBufferTests" time="0.002">
    <skipped/>
  </testcase>
  <testcase name="[8] Netty5DataBufferFactory - BufferAllocator.offHeapPooled()" classname="org.springframework.core.io.buffer.DataBufferTests" time="0.001">
    <skipped/>
  </testcase>
  <testcase name="[9] DefaultDataBufferFactory - preferDirect = true" classname="org.springframework.core.io.buffer.DataBufferTests" time="0.0"/>
  <testcase name="[10] DefaultDataBufferFactory - preferDirect = false" classname="org.springframework.core.io.buffer.DataBufferTests" time="0.001"/>
  <testcase name="[1] NettyDataBufferFactory - UnpooledByteBufAllocator - preferDirect = true" classname="org.springframework.core.io.buffer.DataBufferTests" time="0.0"/>
  <testcase name="[2] NettyDataBufferFactory - UnpooledByteBufAllocator - preferDirect = false" classname="org.springframework.core.io.buffer.DataBufferTests" time="0.0"/>
  <testcase name="[3] NettyDataBufferFactory - PooledByteBufAllocator - preferDirect = true" classname="org.springframework.core.io.buffer.DataBufferTests" time="0.001"/>
  <testcase name="[4] NettyDataBufferFactory - PooledByteBufAllocator - preferDirect = false" classname="org.springframework.core.io.buffer.DataBufferTests" time="0.0"/>
  <testcase name="[5] Netty5DataBufferFactory - BufferAllocator.onHeapUnpooled()" classname="org.springframework.core.io.buffer.DataBufferTests" time="0.001">
    <skipped/>
  </testcase>
  <testcase name="[6] Netty5DataBufferFactory - BufferAllocator.offHeapUnpooled()" classname="org.springframework.core.io.buffer.DataBufferTests" time="0.001">
    <skipped/>
  </testcase>
  <testcase name="[7] Netty5DataBufferFactory - BufferAllocator.onHeapPooled()" classname="org.springframework.core.io.buffer.DataBufferTests" time="0.0">
    <skipped/>
  </testcase>
  <testcase name="[8] Netty5DataBufferFactory - BufferAllocator.offHeapPooled()" classname="org.springframework.core.io.buffer.DataBufferTests" time="0.0">
    <skipped/>
  </testcase>
  <testcase name="[9] DefaultDataBufferFactory - preferDirect = true" classname="org.springframework.core.io.buffer.DataBufferTests" time="0.001"/>
  <testcase name="[10] DefaultDataBufferFactory - preferDirect = false" classname="org.springframework.core.io.buffer.DataBufferTests" time="0.0"/>
  <testcase name="[1] NettyDataBufferFactory - UnpooledByteBufAllocator - preferDirect = true" classname="org.springframework.core.io.buffer.DataBufferTests" time="0.002"/>
  <testcase name="[2] NettyDataBufferFactory - UnpooledByteBufAllocator - preferDirect = false" classname="org.springframework.core.io.buffer.DataBufferTests" time="0.0"/>
  <testcase name="[3] NettyDataBufferFactory - PooledByteBufAllocator - preferDirect = true" classname="org.springframework.core.io.buffer.DataBufferTests" time="0.001"/>
  <testcase name="[4] NettyDataBufferFactory - PooledByteBufAllocator - preferDirect = false" classname="org.springframework.core.io.buffer.DataBufferTests" time="0.001"/>
  <testcase name="[5] Netty5DataBufferFactory - BufferAllocator.onHeapUnpooled()" classname="org.springframework.core.io.buffer.DataBufferTests" time="0.042"/>
  <testcase name="[6] Netty5DataBufferFactory - BufferAllocator.offHeapUnpooled()" classname="org.springframework.core.io.buffer.DataBufferTests" time="0.001"/>
  <testcase name="[7] Netty5DataBufferFactory - BufferAllocator.onHeapPooled()" classname="org.springframework.core.io.buffer.DataBufferTests" time="0.005"/>
  <testcase name="[8] Netty5DataBufferFactory - BufferAllocator.offHeapPooled()" classname="org.springframework.core.io.buffer.DataBufferTests" time="0.002"/>
  <testcase name="[9] DefaultDataBufferFactory - preferDirect = true" classname="org.springframework.core.io.buffer.DataBufferTests" time="0.001"/>
  <testcase name="[10] DefaultDataBufferFactory - preferDirect = false" classname="org.springframework.core.io.buffer.DataBufferTests" time="0.0"/>
  <testcase name="[1] NettyDataBufferFactory - UnpooledByteBufAllocator - preferDirect = true" classname="org.springframework.core.io.buffer.DataBufferTests" time="0.001"/>
  <testcase name="[2] NettyDataBufferFactory - UnpooledByteBufAllocator - preferDirect = false" classname="org.springframework.core.io.buffer.DataBufferTests" time="0.001"/>
  <testcase name="[3] NettyDataBufferFactory - PooledByteBufAllocator - preferDirect = true" classname="org.springframework.core.io.buffer.DataBufferTests" time="0.0"/>
  <testcase name="[4] NettyDataBufferFactory - PooledByteBufAllocator - preferDirect = false" classname="org.springframework.core.io.buffer.DataBufferTests" time="0.0"/>
  <testcase name="[5] Netty5DataBufferFactory - BufferAllocator.onHeapUnpooled()" classname="org.springframework.core.io.buffer.DataBufferTests" time="0.0"/>
  <testcase name="[6] Netty5DataBufferFactory - BufferAllocator.offHeapUnpooled()" classname="org.springframework.core.io.buffer.DataBufferTests" time="0.001"/>
  <testcase name="[7] Netty5DataBufferFactory - BufferAllocator.onHeapPooled()" classname="org.springframework.core.io.buffer.DataBufferTests" time="0.003"/>
  <testcase name="[8] Netty5DataBufferFactory - BufferAllocator.offHeapPooled()" classname="org.springframework.core.io.buffer.DataBufferTests" time="0.002"/>
  <testcase name="[9] DefaultDataBufferFactory - preferDirect = true" classname="org.springframework.core.io.buffer.DataBufferTests" time="0.0"/>
  <testcase name="[10] DefaultDataBufferFactory - preferDirect = false" classname="org.springframework.core.io.buffer.DataBufferTests" time="0.0"/>
  <testcase name="[1] NettyDataBufferFactory - UnpooledByteBufAllocator - preferDirect = true" classname="org.springframework.core.io.buffer.DataBufferTests" time="0.0"/>
  <testcase name="[2] NettyDataBufferFactory - UnpooledByteBufAllocator - preferDirect = false" classname="org.springframework.core.io.buffer.DataBufferTests" time="0.0"/>
  <testcase name="[3] NettyDataBufferFactory - PooledByteBufAllocator - preferDirect = true" classname="org.springframework.core.io.buffer.DataBufferTests" time="0.0"/>
  <testcase name="[4] NettyDataBufferFactory - PooledByteBufAllocator - preferDirect = false" classname="org.springframework.core.io.buffer.DataBufferTests" time="0.0"/>
  <testcase name="[5] Netty5DataBufferFactory - BufferAllocator.onHeapUnpooled()" classname="org.springframework.core.io.buffer.DataBufferTests" time="0.0"/>
  <testcase name="[6] Netty5DataBufferFactory - BufferAllocator.offHeapUnpooled()" classname="org.springframework.core.io.buffer.DataBufferTests" time="0.0"/>
  <testcase name="[7] Netty5DataBufferFactory - BufferAllocator.onHeapPooled()" classname="org.springframework.core.io.buffer.DataBufferTests" time="0.003"/>
  <testcase name="[8] Netty5DataBufferFactory - BufferAllocator.offHeapPooled()" classname="org.springframework.core.io.buffer.DataBufferTests" time="0.002"/>
  <testcase name="[9] DefaultDataBufferFactory - preferDirect = true" classname="org.springframework.core.io.buffer.DataBufferTests" time="0.0"/>
  <testcase name="[10] DefaultDataBufferFactory - preferDirect = false" classname="org.springframework.core.io.buffer.DataBufferTests" time="0.0"/>
  <testcase name="[1] NettyDataBufferFactory - UnpooledByteBufAllocator - preferDirect = true" classname="org.springframework.core.io.buffer.DataBufferTests" time="0.001"/>
  <testcase name="[2] NettyDataBufferFactory - UnpooledByteBufAllocator - preferDirect = false" classname="org.springframework.core.io.buffer.DataBufferTests" time="0.0"/>
  <testcase name="[3] NettyDataBufferFactory - PooledByteBufAllocator - preferDirect = true" classname="org.springframework.core.io.buffer.DataBufferTests" time="0.001"/>
  <testcase name="[4] NettyDataBufferFactory - PooledByteBufAllocator - preferDirect = false" classname="org.springframework.core.io.buffer.DataBufferTests" time="0.001"/>
  <testcase name="[5] Netty5DataBufferFactory - BufferAllocator.onHeapUnpooled()" classname="org.springframework.core.io.buffer.DataBufferTests" time="0.001"/>
  <testcase name="[6] Netty5DataBufferFactory - BufferAllocator.offHeapUnpooled()" classname="org.springframework.core.io.buffer.DataBufferTests" time="0.0"/>
  <testcase name="[7] Netty5DataBufferFactory - BufferAllocator.onHeapPooled()" classname="org.springframework.core.io.buffer.DataBufferTests" time="0.003"/>
  <testcase name="[8] Netty5DataBufferFactory - BufferAllocator.offHeapPooled()" classname="org.springframework.core.io.buffer.DataBufferTests" time="0.002"/>
  <testcase name="[9] DefaultDataBufferFactory - preferDirect = true" classname="org.springframework.core.io.buffer.DataBufferTests" time="0.001"/>
  <testcase name="[10] DefaultDataBufferFactory - preferDirect = false" classname="org.springframework.core.io.buffer.DataBufferTests" time="0.002"/>
  <testcase name="[1] NettyDataBufferFactory - UnpooledByteBufAllocator - preferDirect = true" classname="org.springframework.core.io.buffer.DataBufferTests" time="0.001"/>
  <testcase name="[2] NettyDataBufferFactory - UnpooledByteBufAllocator - preferDirect = false" classname="org.springframework.core.io.buffer.DataBufferTests" time="0.0"/>
  <testcase name="[3] NettyDataBufferFactory - PooledByteBufAllocator - preferDirect = true" classname="org.springframework.core.io.buffer.DataBufferTests" time="0.001"/>
  <testcase name="[4] NettyDataBufferFactory - PooledByteBufAllocator - preferDirect = false" classname="org.springframework.core.io.buffer.DataBufferTests" time="0.001"/>
  <testcase name="[5] Netty5DataBufferFactory - BufferAllocator.onHeapUnpooled()" classname="org.springframework.core.io.buffer.DataBufferTests" time="0.001"/>
  <testcase name="[6] Netty5DataBufferFactory - BufferAllocator.offHeapUnpooled()" classname="org.springframework.core.io.buffer.DataBufferTests" time="0.0"/>
  <testcase name="[7] Netty5DataBufferFactory - BufferAllocator.onHeapPooled()" classname="org.springframework.core.io.buffer.DataBufferTests" time="0.005"/>
  <testcase name="[8] Netty5DataBufferFactory - BufferAllocator.offHeapPooled()" classname="org.springframework.core.io.buffer.DataBufferTests" time="0.002"/>
  <testcase name="[9] DefaultDataBufferFactory - preferDirect = true" classname="org.springframework.core.io.buffer.DataBufferTests" time="0.0"/>
  <testcase name="[10] DefaultDataBufferFactory - preferDirect = false" classname="org.springframework.core.io.buffer.DataBufferTests" time="0.001"/>
  <testcase name="[1] NettyDataBufferFactory - UnpooledByteBufAllocator - preferDirect = true" classname="org.springframework.core.io.buffer.DataBufferTests" time="0.017"/>
  <testcase name="[2] NettyDataBufferFactory - UnpooledByteBufAllocator - preferDirect = false" classname="org.springframework.core.io.buffer.DataBufferTests" time="0.001"/>
  <testcase name="[3] NettyDataBufferFactory - PooledByteBufAllocator - preferDirect = true" classname="org.springframework.core.io.buffer.DataBufferTests" time="0.004"/>
  <testcase name="[4] NettyDataBufferFactory - PooledByteBufAllocator - preferDirect = false" classname="org.springframework.core.io.buffer.DataBufferTests" time="0.001"/>
  <testcase name="[5] Netty5DataBufferFactory - BufferAllocator.onHeapUnpooled()" classname="org.springframework.core.io.buffer.DataBufferTests" time="0.001"/>
  <testcase name="[6] Netty5DataBufferFactory - BufferAllocator.offHeapUnpooled()" classname="org.springframework.core.io.buffer.DataBufferTests" time="0.001"/>
  <testcase name="[7] Netty5DataBufferFactory - BufferAllocator.onHeapPooled()" classname="org.springframework.core.io.buffer.DataBufferTests" time="0.006"/>
  <testcase name="[8] Netty5DataBufferFactory - BufferAllocator.offHeapPooled()" classname="org.springframework.core.io.buffer.DataBufferTests" time="0.002"/>
  <testcase name="[9] DefaultDataBufferFactory - preferDirect = true" classname="org.springframework.core.io.buffer.DataBufferTests" time="0.0"/>
  <testcase name="[10] DefaultDataBufferFactory - preferDirect = false" classname="org.springframework.core.io.buffer.DataBufferTests" time="0.0"/>
  <testcase name="[1] NettyDataBufferFactory - UnpooledByteBufAllocator - preferDirect = true" classname="org.springframework.core.io.buffer.DataBufferTests" time="0.001"/>
  <testcase name="[2] NettyDataBufferFactory - UnpooledByteBufAllocator - preferDirect = false" classname="org.springframework.core.io.buffer.DataBufferTests" time="0.0"/>
  <testcase name="[3] NettyDataBufferFactory - PooledByteBufAllocator - preferDirect = true" classname="org.springframework.core.io.buffer.DataBufferTests" time="0.001"/>
  <testcase name="[4] NettyDataBufferFactory - PooledByteBufAllocator - preferDirect = false" classname="org.springframework.core.io.buffer.DataBufferTests" time="0.001"/>
  <testcase name="[5] Netty5DataBufferFactory - BufferAllocator.onHeapUnpooled()" classname="org.springframework.core.io.buffer.DataBufferTests" time="0.021"/>
  <testcase name="[6] Netty5DataBufferFactory - BufferAllocator.offHeapUnpooled()" classname="org.springframework.core.io.buffer.DataBufferTests" time="0.009"/>
  <testcase name="[7] Netty5DataBufferFactory - BufferAllocator.onHeapPooled()" classname="org.springframework.core.io.buffer.DataBufferTests" time="0.01"/>
  <testcase name="[8] Netty5DataBufferFactory - BufferAllocator.offHeapPooled()" classname="org.springframework.core.io.buffer.DataBufferTests" time="0.004"/>
  <testcase name="[9] DefaultDataBufferFactory - preferDirect = true" classname="org.springframework.core.io.buffer.DataBufferTests" time="0.001"/>
  <testcase name="[10] DefaultDataBufferFactory - preferDirect = false" classname="org.springframework.core.io.buffer.DataBufferTests" time="0.0"/>
  <testcase name="[1] NettyDataBufferFactory - UnpooledByteBufAllocator - preferDirect = true" classname="org.springframework.core.io.buffer.DataBufferTests" time="0.001"/>
  <testcase name="[2] NettyDataBufferFactory - UnpooledByteBufAllocator - preferDirect = false" classname="org.springframework.core.io.buffer.DataBufferTests" time="0.001"/>
  <testcase name="[3] NettyDataBufferFactory - PooledByteBufAllocator - preferDirect = true" classname="org.springframework.core.io.buffer.DataBufferTests" time="0.001"/>
  <testcase name="[4] NettyDataBufferFactory - PooledByteBufAllocator - preferDirect = false" classname="org.springframework.core.io.buffer.DataBufferTests" time="0.001"/>
  <testcase name="[5] Netty5DataBufferFactory - BufferAllocator.onHeapUnpooled()" classname="org.springframework.core.io.buffer.DataBufferTests" time="0.001"/>
  <testcase name="[6] Netty5DataBufferFactory - BufferAllocator.offHeapUnpooled()" classname="org.springframework.core.io.buffer.DataBufferTests" time="0.001"/>
  <testcase name="[7] Netty5DataBufferFactory - BufferAllocator.onHeapPooled()" classname="org.springframework.core.io.buffer.DataBufferTests" time="0.003"/>
  <testcase name="[8] Netty5DataBufferFactory - BufferAllocator.offHeapPooled()" classname="org.springframework.core.io.buffer.DataBufferTests" time="0.002"/>
  <testcase name="[9] DefaultDataBufferFactory - preferDirect = true" classname="org.springframework.core.io.buffer.DataBufferTests" time="0.001"/>
  <testcase name="[10] DefaultDataBufferFactory - preferDirect = false" classname="org.springframework.core.io.buffer.DataBufferTests" time="0.0"/>
  <testcase name="[1] NettyDataBufferFactory - UnpooledByteBufAllocator - preferDirect = true" classname="org.springframework.core.io.buffer.DataBufferTests" time="0.001"/>
  <testcase name="[2] NettyDataBufferFactory - UnpooledByteBufAllocator - preferDirect = false" classname="org.springframework.core.io.buffer.DataBufferTests" time="0.0"/>
  <testcase name="[3] NettyDataBufferFactory - PooledByteBufAllocator - preferDirect = true" classname="org.springframework.core.io.buffer.DataBufferTests" time="0.002"/>
  <testcase name="[4] NettyDataBufferFactory - PooledByteBufAllocator - preferDirect = false" classname="org.springframework.core.io.buffer.DataBufferTests" time="0.001"/>
  <testcase name="[5] Netty5DataBufferFactory - BufferAllocator.onHeapUnpooled()" classname="org.springframework.core.io.buffer.DataBufferTests" time="0.003"/>
  <testcase name="[6] Netty5DataBufferFactory - BufferAllocator.offHeapUnpooled()" classname="org.springframework.core.io.buffer.DataBufferTests" time="0.002"/>
  <testcase name="[7] Netty5DataBufferFactory - BufferAllocator.onHeapPooled()" classname="org.springframework.core.io.buffer.DataBufferTests" time="0.006"/>
  <testcase name="[8] Netty5DataBufferFactory - BufferAllocator.offHeapPooled()" classname="org.springframework.core.io.buffer.DataBufferTests" time="0.003"/>
  <testcase name="[9] DefaultDataBufferFactory - preferDirect = true" classname="org.springframework.core.io.buffer.DataBufferTests" time="0.0"/>
  <testcase name="[10] DefaultDataBufferFactory - preferDirect = false" classname="org.springframework.core.io.buffer.DataBufferTests" time="0.0"/>
  <testcase name="[1] NettyDataBufferFactory - UnpooledByteBufAllocator - preferDirect = true" classname="org.springframework.core.io.buffer.DataBufferTests" time="0.001"/>
  <testcase name="[2] NettyDataBufferFactory - UnpooledByteBufAllocator - preferDirect = false" classname="org.springframework.core.io.buffer.DataBufferTests" time="0.0"/>
  <testcase name="[3] NettyDataBufferFactory - PooledByteBufAllocator - preferDirect = true" classname="org.springframework.core.io.buffer.DataBufferTests" time="0.001"/>
  <testcase name="[4] NettyDataBufferFactory - PooledByteBufAllocator - preferDirect = false" classname="org.springframework.core.io.buffer.DataBufferTests" time="0.001"/>
  <testcase name="[5] Netty5DataBufferFactory - BufferAllocator.onHeapUnpooled()" classname="org.springframework.core.io.buffer.DataBufferTests" time="0.001"/>
  <testcase name="[6] Netty5DataBufferFactory - BufferAllocator.offHeapUnpooled()" classname="org.springframework.core.io.buffer.DataBufferTests" time="0.001"/>
  <testcase name="[7] Netty5DataBufferFactory - BufferAllocator.onHeapPooled()" classname="org.springframework.core.io.buffer.DataBufferTests" time="0.006"/>
  <testcase name="[8] Netty5DataBufferFactory - BufferAllocator.offHeapPooled()" classname="org.springframework.core.io.buffer.DataBufferTests" time="0.003"/>
  <testcase name="[9] DefaultDataBufferFactory - preferDirect = true" classname="org.springframework.core.io.buffer.DataBufferTests" time="0.0"/>
  <testcase name="[10] DefaultDataBufferFactory - preferDirect = false" classname="org.springframework.core.io.buffer.DataBufferTests" time="0.0"/>
  <testcase name="[1] NettyDataBufferFactory - UnpooledByteBufAllocator - preferDirect = true" classname="org.springframework.core.io.buffer.DataBufferTests" time="0.0"/>
  <testcase name="[2] NettyDataBufferFactory - UnpooledByteBufAllocator - preferDirect = false" classname="org.springframework.core.io.buffer.DataBufferTests" time="0.0"/>
  <testcase name="[3] NettyDataBufferFactory - PooledByteBufAllocator - preferDirect = true" classname="org.springframework.core.io.buffer.DataBufferTests" time="0.001"/>
  <testcase name="[4] NettyDataBufferFactory - PooledByteBufAllocator - preferDirect = false" classname="org.springframework.core.io.buffer.DataBufferTests" time="0.0"/>
  <testcase name="[5] Netty5DataBufferFactory - BufferAllocator.onHeapUnpooled()" classname="org.springframework.core.io.buffer.DataBufferTests" time="0.0"/>
  <testcase name="[6] Netty5DataBufferFactory - BufferAllocator.offHeapUnpooled()" classname="org.springframework.core.io.buffer.DataBufferTests" time="0.0"/>
  <testcase name="[7] Netty5DataBufferFactory - BufferAllocator.onHeapPooled()" classname="org.springframework.core.io.buffer.DataBufferTests" time="0.021"/>
  <testcase name="[8] Netty5DataBufferFactory - BufferAllocator.offHeapPooled()" classname="org.springframework.core.io.buffer.DataBufferTests" time="0.003"/>
  <testcase name="[9] DefaultDataBufferFactory - preferDirect = true" classname="org.springframework.core.io.buffer.DataBufferTests" time="0.001"/>
  <testcase name="[10] DefaultDataBufferFactory - preferDirect = false" classname="org.springframework.core.io.buffer.DataBufferTests" time="0.0"/>
  <testcase name="[1] NettyDataBufferFactory - UnpooledByteBufAllocator - preferDirect = true" classname="org.springframework.core.io.buffer.DataBufferTests" time="0.001"/>
  <testcase name="[2] NettyDataBufferFactory - UnpooledByteBufAllocator - preferDirect = false" classname="org.springframework.core.io.buffer.DataBufferTests" time="0.0"/>
  <testcase name="[3] NettyDataBufferFactory - PooledByteBufAllocator - preferDirect = true" classname="org.springframework.core.io.buffer.DataBufferTests" time="0.0"/>
  <testcase name="[4] NettyDataBufferFactory - PooledByteBufAllocator - preferDirect = false" classname="org.springframework.core.io.buffer.DataBufferTests" time="0.0"/>
  <testcase name="[5] Netty5DataBufferFactory - BufferAllocator.onHeapUnpooled()" classname="org.springframework.core.io.buffer.DataBufferTests" time="0.0"/>
  <testcase name="[6] Netty5DataBufferFactory - BufferAllocator.offHeapUnpooled()" classname="org.springframework.core.io.buffer.DataBufferTests" time="0.0"/>
  <testcase name="[7] Netty5DataBufferFactory - BufferAllocator.onHeapPooled()" classname="org.springframework.core.io.buffer.DataBufferTests" time="0.005"/>
  <testcase name="[8] Netty5DataBufferFactory - BufferAllocator.offHeapPooled()" classname="org.springframework.core.io.buffer.DataBufferTests" time="0.005"/>
  <testcase name="[9] DefaultDataBufferFactory - preferDirect = true" classname="org.springframework.core.io.buffer.DataBufferTests" time="0.0"/>
  <testcase name="[10] DefaultDataBufferFactory - preferDirect = false" classname="org.springframework.core.io.buffer.DataBufferTests" time="0.0"/>
  <testcase name="[1] NettyDataBufferFactory - UnpooledByteBufAllocator - preferDirect = true" classname="org.springframework.core.io.buffer.DataBufferTests" time="0.001"/>
  <testcase name="[2] NettyDataBufferFactory - UnpooledByteBufAllocator - preferDirect = false" classname="org.springframework.core.io.buffer.DataBufferTests" time="0.0"/>
  <testcase name="[3] NettyDataBufferFactory - PooledByteBufAllocator - preferDirect = true" classname="org.springframework.core.io.buffer.DataBufferTests" time="0.0"/>
  <testcase name="[4] NettyDataBufferFactory - PooledByteBufAllocator - preferDirect = false" classname="org.springframework.core.io.buffer.DataBufferTests" time="0.0"/>
  <testcase name="[5] Netty5DataBufferFactory - BufferAllocator.onHeapUnpooled()" classname="org.springframework.core.io.buffer.DataBufferTests" time="0.0">
    <skipped/>
  </testcase>
  <testcase name="[6] Netty5DataBufferFactory - BufferAllocator.offHeapUnpooled()" classname="org.springframework.core.io.buffer.DataBufferTests" time="0.001">
    <skipped/>
  </testcase>
  <testcase name="[7] Netty5DataBufferFactory - BufferAllocator.onHeapPooled()" classname="org.springframework.core.io.buffer.DataBufferTests" time="0.001">
    <skipped/>
  </testcase>
  <testcase name="[8] Netty5DataBufferFactory - BufferAllocator.offHeapPooled()" classname="org.springframework.core.io.buffer.DataBufferTests" time="0.0">
    <skipped/>
  </testcase>
  <testcase name="[9] DefaultDataBufferFactory - preferDirect = true" classname="org.springframework.core.io.buffer.DataBufferTests" time="0.0"/>
  <testcase name="[10] DefaultDataBufferFactory - preferDirect = false" classname="org.springframework.core.io.buffer.DataBufferTests" time="0.0"/>
  <testcase name="[1] NettyDataBufferFactory - UnpooledByteBufAllocator - preferDirect = true" classname="org.springframework.core.io.buffer.DataBufferTests" time="0.001"/>
  <testcase name="[2] NettyDataBufferFactory - UnpooledByteBufAllocator - preferDirect = false" classname="org.springframework.core.io.buffer.DataBufferTests" time="0.0"/>
  <testcase name="[3] NettyDataBufferFactory - PooledByteBufAllocator - preferDirect = true" classname="org.springframework.core.io.buffer.DataBufferTests" time="0.001"/>
  <testcase name="[4] NettyDataBufferFactory - PooledByteBufAllocator - preferDirect = false" classname="org.springframework.core.io.buffer.DataBufferTests" time="0.0"/>
  <testcase name="[5] Netty5DataBufferFactory - BufferAllocator.onHeapUnpooled()" classname="org.springframework.core.io.buffer.DataBufferTests" time="0.0"/>
  <testcase name="[6] Netty5DataBufferFactory - BufferAllocator.offHeapUnpooled()" classname="org.springframework.core.io.buffer.DataBufferTests" time="0.0"/>
  <testcase name="[7] Netty5DataBufferFactory - BufferAllocator.onHeapPooled()" classname="org.springframework.core.io.buffer.DataBufferTests" time="0.003"/>
  <testcase name="[8] Netty5DataBufferFactory - BufferAllocator.offHeapPooled()" classname="org.springframework.core.io.buffer.DataBufferTests" time="0.003"/>
  <testcase name="[9] DefaultDataBufferFactory - preferDirect = true" classname="org.springframework.core.io.buffer.DataBufferTests" time="0.0"/>
  <testcase name="[10] DefaultDataBufferFactory - preferDirect = false" classname="org.springframework.core.io.buffer.DataBufferTests" time="0.0"/>
  <testcase name="[1] NettyDataBufferFactory - UnpooledByteBufAllocator - preferDirect = true" classname="org.springframework.core.io.buffer.DataBufferTests" time="0.001"/>
  <testcase name="[2] NettyDataBufferFactory - UnpooledByteBufAllocator - preferDirect = false" classname="org.springframework.core.io.buffer.DataBufferTests" time="0.0"/>
  <testcase name="[3] NettyDataBufferFactory - PooledByteBufAllocator - preferDirect = true" classname="org.springframework.core.io.buffer.DataBufferTests" time="0.001"/>
  <testcase name="[4] NettyDataBufferFactory - PooledByteBufAllocator - preferDirect = false" classname="org.springframework.core.io.buffer.DataBufferTests" time="0.0"/>
  <testcase name="[5] Netty5DataBufferFactory - BufferAllocator.onHeapUnpooled()" classname="org.springframework.core.io.buffer.DataBufferTests" time="0.001"/>
  <testcase name="[6] Netty5DataBufferFactory - BufferAllocator.offHeapUnpooled()" classname="org.springframework.core.io.buffer.DataBufferTests" time="0.001"/>
  <testcase name="[7] Netty5DataBufferFactory - BufferAllocator.onHeapPooled()" classname="org.springframework.core.io.buffer.DataBufferTests" time="0.017"/>
  <testcase name="[8] Netty5DataBufferFactory - BufferAllocator.offHeapPooled()" classname="org.springframework.core.io.buffer.DataBufferTests" time="0.002"/>
  <testcase name="[9] DefaultDataBufferFactory - preferDirect = true" classname="org.springframework.core.io.buffer.DataBufferTests" time="0.001"/>
  <testcase name="[10] DefaultDataBufferFactory - preferDirect = false" classname="org.springframework.core.io.buffer.DataBufferTests" time="0.0"/>
  <testcase name="[1] NettyDataBufferFactory - UnpooledByteBufAllocator - preferDirect = true" classname="org.springframework.core.io.buffer.DataBufferTests" time="0.0"/>
  <testcase name="[2] NettyDataBufferFactory - UnpooledByteBufAllocator - preferDirect = false" classname="org.springframework.core.io.buffer.DataBufferTests" time="0.0"/>
  <testcase name="[3] NettyDataBufferFactory - PooledByteBufAllocator - preferDirect = true" classname="org.springframework.core.io.buffer.DataBufferTests" time="0.001"/>
  <testcase name="[4] NettyDataBufferFactory - PooledByteBufAllocator - preferDirect = false" classname="org.springframework.core.io.buffer.DataBufferTests" time="0.0"/>
  <testcase name="[5] Netty5DataBufferFactory - BufferAllocator.onHeapUnpooled()" classname="org.springframework.core.io.buffer.DataBufferTests" time="0.0"/>
  <testcase name="[6] Netty5DataBufferFactory - BufferAllocator.offHeapUnpooled()" classname="org.springframework.core.io.buffer.DataBufferTests" time="0.001"/>
  <testcase name="[7] Netty5DataBufferFactory - BufferAllocator.onHeapPooled()" classname="org.springframework.core.io.buffer.DataBufferTests" time="0.003"/>
  <testcase name="[8] Netty5DataBufferFactory - BufferAllocator.offHeapPooled()" classname="org.springframework.core.io.buffer.DataBufferTests" time="0.002"/>
  <testcase name="[9] DefaultDataBufferFactory - preferDirect = true" classname="org.springframework.core.io.buffer.DataBufferTests" time="0.001"/>
  <testcase name="[10] DefaultDataBufferFactory - preferDirect = false" classname="org.springframework.core.io.buffer.DataBufferTests" time="0.0"/>
  <testcase name="[1] NettyDataBufferFactory - UnpooledByteBufAllocator - preferDirect = true" classname="org.springframework.core.io.buffer.DataBufferTests" time="0.001"/>
  <testcase name="[2] NettyDataBufferFactory - UnpooledByteBufAllocator - preferDirect = false" classname="org.springframework.core.io.buffer.DataBufferTests" time="0.0"/>
  <testcase name="[3] NettyDataBufferFactory - PooledByteBufAllocator - preferDirect = true" classname="org.springframework.core.io.buffer.DataBufferTests" time="0.0"/>
  <testcase name="[4] NettyDataBufferFactory - PooledByteBufAllocator - preferDirect = false" classname="org.springframework.core.io.buffer.DataBufferTests" time="0.001"/>
  <testcase name="[5] Netty5DataBufferFactory - BufferAllocator.onHeapUnpooled()" classname="org.springframework.core.io.buffer.DataBufferTests" time="0.001"/>
  <testcase name="[6] Netty5DataBufferFactory - BufferAllocator.offHeapUnpooled()" classname="org.springframework.core.io.buffer.DataBufferTests" time="0.0"/>
  <testcase name="[7] Netty5DataBufferFactory - BufferAllocator.onHeapPooled()" classname="org.springframework.core.io.buffer.DataBufferTests" time="0.007"/>
  <testcase name="[8] Netty5DataBufferFactory - BufferAllocator.offHeapPooled()" classname="org.springframework.core.io.buffer.DataBufferTests" time="0.002"/>
  <testcase name="[9] DefaultDataBufferFactory - preferDirect = true" classname="org.springframework.core.io.buffer.DataBufferTests" time="0.0"/>
  <testcase name="[10] DefaultDataBufferFactory - preferDirect = false" classname="org.springframework.core.io.buffer.DataBufferTests" time="0.0"/>
  <testcase name="[1] NettyDataBufferFactory - UnpooledByteBufAllocator - preferDirect = true" classname="org.springframework.core.io.buffer.DataBufferTests" time="0.002"/>
  <testcase name="[2] NettyDataBufferFactory - UnpooledByteBufAllocator - preferDirect = false" classname="org.springframework.core.io.buffer.DataBufferTests" time="0.0"/>
  <testcase name="[3] NettyDataBufferFactory - PooledByteBufAllocator - preferDirect = true" classname="org.springframework.core.io.buffer.DataBufferTests" time="0.001"/>
  <testcase name="[4] NettyDataBufferFactory - PooledByteBufAllocator - preferDirect = false" classname="org.springframework.core.io.buffer.DataBufferTests" time="0.001"/>
  <testcase name="[5] Netty5DataBufferFactory - BufferAllocator.onHeapUnpooled()" classname="org.springframework.core.io.buffer.DataBufferTests" time="0.001"/>
  <testcase name="[6] Netty5DataBufferFactory - BufferAllocator.offHeapUnpooled()" classname="org.springframework.core.io.buffer.DataBufferTests" time="0.001"/>
  <testcase name="[7] Netty5DataBufferFactory - BufferAllocator.onHeapPooled()" classname="org.springframework.core.io.buffer.DataBufferTests" time="0.002"/>
  <testcase name="[8] Netty5DataBufferFactory - BufferAllocator.offHeapPooled()" classname="org.springframework.core.io.buffer.DataBufferTests" time="0.002"/>
  <testcase name="[9] DefaultDataBufferFactory - preferDirect = true" classname="org.springframework.core.io.buffer.DataBufferTests" time="0.0"/>
  <testcase name="[10] DefaultDataBufferFactory - preferDirect = false" classname="org.springframework.core.io.buffer.DataBufferTests" time="0.0"/>
  <testcase name="[1] NettyDataBufferFactory - UnpooledByteBufAllocator - preferDirect = true" classname="org.springframework.core.io.buffer.DataBufferTests" time="0.0"/>
  <testcase name="[2] NettyDataBufferFactory - UnpooledByteBufAllocator - preferDirect = false" classname="org.springframework.core.io.buffer.DataBufferTests" time="0.0"/>
  <testcase name="[3] NettyDataBufferFactory - PooledByteBufAllocator - preferDirect = true" classname="org.springframework.core.io.buffer.DataBufferTests" time="0.0"/>
  <testcase name="[4] NettyDataBufferFactory - PooledByteBufAllocator - preferDirect = false" classname="org.springframework.core.io.buffer.DataBufferTests" time="0.0"/>
  <testcase name="[5] Netty5DataBufferFactory - BufferAllocator.onHeapUnpooled()" classname="org.springframework.core.io.buffer.DataBufferTests" time="0.0"/>
  <testcase name="[6] Netty5DataBufferFactory - BufferAllocator.offHeapUnpooled()" classname="org.springframework.core.io.buffer.DataBufferTests" time="0.0"/>
  <testcase name="[7] Netty5DataBufferFactory - BufferAllocator.onHeapPooled()" classname="org.springframework.core.io.buffer.DataBufferTests" time="0.004"/>
  <testcase name="[8] Netty5DataBufferFactory - BufferAllocator.offHeapPooled()" classname="org.springframework.core.io.buffer.DataBufferTests" time="0.002"/>
  <testcase name="[9] DefaultDataBufferFactory - preferDirect = true" classname="org.springframework.core.io.buffer.DataBufferTests" time="0.001"/>
  <testcase name="[10] DefaultDataBufferFactory - preferDirect = false" classname="org.springframework.core.io.buffer.DataBufferTests" time="0.0"/>
  <testcase name="[1] NettyDataBufferFactory - UnpooledByteBufAllocator - preferDirect = true" classname="org.springframework.core.io.buffer.DataBufferTests" time="0.0"/>
  <testcase name="[2] NettyDataBufferFactory - UnpooledByteBufAllocator - preferDirect = false" classname="org.springframework.core.io.buffer.DataBufferTests" time="0.001"/>
  <testcase name="[3] NettyDataBufferFactory - PooledByteBufAllocator - preferDirect = true" classname="org.springframework.core.io.buffer.DataBufferTests" time="0.001"/>
  <testcase name="[4] NettyDataBufferFactory - PooledByteBufAllocator - preferDirect = false" classname="org.springframework.core.io.buffer.DataBufferTests" time="0.009"/>
  <testcase name="[5] Netty5DataBufferFactory - BufferAllocator.onHeapUnpooled()" classname="org.springframework.core.io.buffer.DataBufferTests" time="0.001"/>
  <testcase name="[6] Netty5DataBufferFactory - BufferAllocator.offHeapUnpooled()" classname="org.springframework.core.io.buffer.DataBufferTests" time="0.001"/>
  <testcase name="[7] Netty5DataBufferFactory - BufferAllocator.onHeapPooled()" classname="org.springframework.core.io.buffer.DataBufferTests" time="0.055"/>
  <testcase name="[8] Netty5DataBufferFactory - BufferAllocator.offHeapPooled()" classname="org.springframework.core.io.buffer.DataBufferTests" time="0.002"/>
  <testcase name="[9] DefaultDataBufferFactory - preferDirect = true" classname="org.springframework.core.io.buffer.DataBufferTests" time="0.001"/>
  <testcase name="[10] DefaultDataBufferFactory - preferDirect = false" classname="org.springframework.core.io.buffer.DataBufferTests" time="0.0"/>
  <testcase name="[1] NettyDataBufferFactory - UnpooledByteBufAllocator - preferDirect = true" classname="org.springframework.core.io.buffer.DataBufferTests" time="0.007"/>
  <testcase name="[2] NettyDataBufferFactory - UnpooledByteBufAllocator - preferDirect = false" classname="org.springframework.core.io.buffer.DataBufferTests" time="0.001"/>
  <testcase name="[3] NettyDataBufferFactory - PooledByteBufAllocator - preferDirect = true" classname="org.springframework.core.io.buffer.DataBufferTests" time="0.002"/>
  <testcase name="[4] NettyDataBufferFactory - PooledByteBufAllocator - preferDirect = false" classname="org.springframework.core.io.buffer.DataBufferTests" time="0.001"/>
  <testcase name="[5] Netty5DataBufferFactory - BufferAllocator.onHeapUnpooled()" classname="org.springframework.core.io.buffer.DataBufferTests" time="0.001"/>
  <testcase name="[6] Netty5DataBufferFactory - BufferAllocator.offHeapUnpooled()" classname="org.springframework.core.io.buffer.DataBufferTests" time="0.001"/>
  <testcase name="[7] Netty5DataBufferFactory - BufferAllocator.onHeapPooled()" classname="org.springframework.core.io.buffer.DataBufferTests" time="0.012"/>
  <testcase name="[8] Netty5DataBufferFactory - BufferAllocator.offHeapPooled()" classname="org.springframework.core.io.buffer.DataBufferTests" time="0.003"/>
  <testcase name="[9] DefaultDataBufferFactory - preferDirect = true" classname="org.springframework.core.io.buffer.DataBufferTests" time="0.0"/>
  <testcase name="[10] DefaultDataBufferFactory - preferDirect = false" classname="org.springframework.core.io.buffer.DataBufferTests" time="0.0"/>
  <testcase name="[1] NettyDataBufferFactory - UnpooledByteBufAllocator - preferDirect = true" classname="org.springframework.core.io.buffer.DataBufferTests" time="0.001"/>
  <testcase name="[2] NettyDataBufferFactory - UnpooledByteBufAllocator - preferDirect = false" classname="org.springframework.core.io.buffer.DataBufferTests" time="0.001"/>
  <testcase name="[3] NettyDataBufferFactory - PooledByteBufAllocator - preferDirect = true" classname="org.springframework.core.io.buffer.DataBufferTests" time="0.001"/>
  <testcase name="[4] NettyDataBufferFactory - PooledByteBufAllocator - preferDirect = false" classname="org.springframework.core.io.buffer.DataBufferTests" time="0.001"/>
  <testcase name="[5] Netty5DataBufferFactory - BufferAllocator.onHeapUnpooled()" classname="org.springframework.core.io.buffer.DataBufferTests" time="0.001"/>
  <testcase name="[6] Netty5DataBufferFactory - BufferAllocator.offHeapUnpooled()" classname="org.springframework.core.io.buffer.DataBufferTests" time="0.0"/>
  <testcase name="[7] Netty5DataBufferFactory - BufferAllocator.onHeapPooled()" classname="org.springframework.core.io.buffer.DataBufferTests" time="0.004"/>
  <testcase name="[8] Netty5DataBufferFactory - BufferAllocator.offHeapPooled()" classname="org.springframework.core.io.buffer.DataBufferTests" time="0.002"/>
  <testcase name="[9] DefaultDataBufferFactory - preferDirect = true" classname="org.springframework.core.io.buffer.DataBufferTests" time="0.0"/>
  <testcase name="[10] DefaultDataBufferFactory - preferDirect = false" classname="org.springframework.core.io.buffer.DataBufferTests" time="0.0"/>
  <testcase name="[1] NettyDataBufferFactory - UnpooledByteBufAllocator - preferDirect = true" classname="org.springframework.core.io.buffer.DataBufferTests" time="0.001"/>
  <testcase name="[2] NettyDataBufferFactory - UnpooledByteBufAllocator - preferDirect = false" classname="org.springframework.core.io.buffer.DataBufferTests" time="0.0"/>
  <testcase name="[3] NettyDataBufferFactory - PooledByteBufAllocator - preferDirect = true" classname="org.springframework.core.io.buffer.DataBufferTests" time="0.001"/>
  <testcase name="[4] NettyDataBufferFactory - PooledByteBufAllocator - preferDirect = false" classname="org.springframework.core.io.buffer.DataBufferTests" time="0.001"/>
  <testcase name="[5] Netty5DataBufferFactory - BufferAllocator.onHeapUnpooled()" classname="org.springframework.core.io.buffer.DataBufferTests" time="0.001"/>
  <testcase name="[6] Netty5DataBufferFactory - BufferAllocator.offHeapUnpooled()" classname="org.springframework.core.io.buffer.DataBufferTests" time="0.001"/>
  <testcase name="[7] Netty5DataBufferFactory - BufferAllocator.onHeapPooled()" classname="org.springframework.core.io.buffer.DataBufferTests" time="0.003"/>
  <testcase name="[8] Netty5DataBufferFactory - BufferAllocator.offHeapPooled()" classname="org.springframework.core.io.buffer.DataBufferTests" time="0.003"/>
  <testcase name="[9] DefaultDataBufferFactory - preferDirect = true" classname="org.springframework.core.io.buffer.DataBufferTests" time="0.001"/>
  <testcase name="[10] DefaultDataBufferFactory - preferDirect = false" classname="org.springframework.core.io.buffer.DataBufferTests" time="0.001"/>
  <testcase name="[1] NettyDataBufferFactory - UnpooledByteBufAllocator - preferDirect = true" classname="org.springframework.core.io.buffer.DataBufferTests" time="0.0"/>
  <testcase name="[2] NettyDataBufferFactory - UnpooledByteBufAllocator - preferDirect = false" classname="org.springframework.core.io.buffer.DataBufferTests" time="0.0"/>
  <testcase name="[3] NettyDataBufferFactory - PooledByteBufAllocator - preferDirect = true" classname="org.springframework.core.io.buffer.DataBufferTests" time="0.001"/>
  <testcase name="[4] NettyDataBufferFactory - PooledByteBufAllocator - preferDirect = false" classname="org.springframework.core.io.buffer.DataBufferTests" time="0.0"/>
  <testcase name="[5] Netty5DataBufferFactory - BufferAllocator.onHeapUnpooled()" classname="org.springframework.core.io.buffer.DataBufferTests" time="0.001"/>
  <testcase name="[6] Netty5DataBufferFactory - BufferAllocator.offHeapUnpooled()" classname="org.springframework.core.io.buffer.DataBufferTests" time="0.001"/>
  <testcase name="[7] Netty5DataBufferFactory - BufferAllocator.onHeapPooled()" classname="org.springframework.core.io.buffer.DataBufferTests" time="0.024"/>
  <testcase name="[8] Netty5DataBufferFactory - BufferAllocator.offHeapPooled()" classname="org.springframework.core.io.buffer.DataBufferTests" time="0.008"/>
  <testcase name="[9] DefaultDataBufferFactory - preferDirect = true" classname="org.springframework.core.io.buffer.DataBufferTests" time="0.003"/>
  <testcase name="[10] DefaultDataBufferFactory - preferDirect = false" classname="org.springframework.core.io.buffer.DataBufferTests" time="0.001"/>
  <testcase name="[1] NettyDataBufferFactory - UnpooledByteBufAllocator - preferDirect = true" classname="org.springframework.core.io.buffer.DataBufferTests" time="0.0"/>
  <testcase name="[2] NettyDataBufferFactory - UnpooledByteBufAllocator - preferDirect = false" classname="org.springframework.core.io.buffer.DataBufferTests" time="0.001"/>
  <testcase name="[3] NettyDataBufferFactory - PooledByteBufAllocator - preferDirect = true" classname="org.springframework.core.io.buffer.DataBufferTests" time="0.0"/>
  <testcase name="[4] NettyDataBufferFactory - PooledByteBufAllocator - preferDirect = false" classname="org.springframework.core.io.buffer.DataBufferTests" time="0.0"/>
  <testcase name="[5] Netty5DataBufferFactory - BufferAllocator.onHeapUnpooled()" classname="org.springframework.core.io.buffer.DataBufferTests" time="0.001"/>
  <testcase name="[6] Netty5DataBufferFactory - BufferAllocator.offHeapUnpooled()" classname="org.springframework.core.io.buffer.DataBufferTests" time="0.001"/>
  <testcase name="[7] Netty5DataBufferFactory - BufferAllocator.onHeapPooled()" classname="org.springframework.core.io.buffer.DataBufferTests" time="0.003"/>
  <testcase name="[8] Netty5DataBufferFactory - BufferAllocator.offHeapPooled()" classname="org.springframework.core.io.buffer.DataBufferTests" time="0.002"/>
  <testcase name="[9] DefaultDataBufferFactory - preferDirect = true" classname="org.springframework.core.io.buffer.DataBufferTests" time="0.0"/>
  <testcase name="[10] DefaultDataBufferFactory - preferDirect = false" classname="org.springframework.core.io.buffer.DataBufferTests" time="0.0"/>
  <testcase name="[1] NettyDataBufferFactory - UnpooledByteBufAllocator - preferDirect = true" classname="org.springframework.core.io.buffer.DataBufferTests" time="0.001"/>
  <testcase name="[2] NettyDataBufferFactory - UnpooledByteBufAllocator - preferDirect = false" classname="org.springframework.core.io.buffer.DataBufferTests" time="0.001"/>
  <testcase name="[3] NettyDataBufferFactory - PooledByteBufAllocator - preferDirect = true" classname="org.springframework.core.io.buffer.DataBufferTests" time="0.001"/>
  <testcase name="[4] NettyDataBufferFactory - PooledByteBufAllocator - preferDirect = false" classname="org.springframework.core.io.buffer.DataBufferTests" time="0.0"/>
  <testcase name="[5] Netty5DataBufferFactory - BufferAllocator.onHeapUnpooled()" classname="org.springframework.core.io.buffer.DataBufferTests" time="0.0"/>
  <testcase name="[6] Netty5DataBufferFactory - BufferAllocator.offHeapUnpooled()" classname="org.springframework.core.io.buffer.DataBufferTests" time="0.001"/>
  <testcase name="[7] Netty5DataBufferFactory - BufferAllocator.onHeapPooled()" classname="org.springframework.core.io.buffer.DataBufferTests" time="0.006"/>
  <testcase name="[8] Netty5DataBufferFactory - BufferAllocator.offHeapPooled()" classname="org.springframework.core.io.buffer.DataBufferTests" time="0.002"/>
  <testcase name="[9] DefaultDataBufferFactory - preferDirect = true" classname="org.springframework.core.io.buffer.DataBufferTests" time="0.001"/>
  <testcase name="[10] DefaultDataBufferFactory - preferDirect = false" classname="org.springframework.core.io.buffer.DataBufferTests" time="0.0"/>
  <testcase name="[1] NettyDataBufferFactory - UnpooledByteBufAllocator - preferDirect = true" classname="org.springframework.core.io.buffer.DataBufferTests" time="0.001"/>
  <testcase name="[2] NettyDataBufferFactory - UnpooledByteBufAllocator - preferDirect = false" classname="org.springframework.core.io.buffer.DataBufferTests" time="0.0"/>
  <testcase name="[3] NettyDataBufferFactory - PooledByteBufAllocator - preferDirect = true" classname="org.springframework.core.io.buffer.DataBufferTests" time="0.001"/>
  <testcase name="[4] NettyDataBufferFactory - PooledByteBufAllocator - preferDirect = false" classname="org.springframework.core.io.buffer.DataBufferTests" time="0.001"/>
  <testcase name="[5] Netty5DataBufferFactory - BufferAllocator.onHeapUnpooled()" classname="org.springframework.core.io.buffer.DataBufferTests" time="0.001"/>
  <testcase name="[6] Netty5DataBufferFactory - BufferAllocator.offHeapUnpooled()" classname="org.springframework.core.io.buffer.DataBufferTests" time="0.0"/>
  <testcase name="[7] Netty5DataBufferFactory - BufferAllocator.onHeapPooled()" classname="org.springframework.core.io.buffer.DataBufferTests" time="0.007"/>
  <testcase name="[8] Netty5DataBufferFactory - BufferAllocator.offHeapPooled()" classname="org.springframework.core.io.buffer.DataBufferTests" time="0.002"/>
  <testcase name="[9] DefaultDataBufferFactory - preferDirect = true" classname="org.springframework.core.io.buffer.DataBufferTests" time="0.001"/>
  <testcase name="[10] DefaultDataBufferFactory - preferDirect = false" classname="org.springframework.core.io.buffer.DataBufferTests" time="0.0"/>
  <testcase name="[1] NettyDataBufferFactory - UnpooledByteBufAllocator - preferDirect = true" classname="org.springframework.core.io.buffer.DataBufferTests" time="0.001"/>
  <testcase name="[2] NettyDataBufferFactory - UnpooledByteBufAllocator - preferDirect = false" classname="org.springframework.core.io.buffer.DataBufferTests" time="0.0"/>
  <testcase name="[3] NettyDataBufferFactory - PooledByteBufAllocator - preferDirect = true" classname="org.springframework.core.io.buffer.DataBufferTests" time="0.001"/>
  <testcase name="[4] NettyDataBufferFactory - PooledByteBufAllocator - preferDirect = false" classname="org.springframework.core.io.buffer.DataBufferTests" time="0.001"/>
  <testcase name="[5] Netty5DataBufferFactory - BufferAllocator.onHeapUnpooled()" classname="org.springframework.core.io.buffer.DataBufferTests" time="0.001"/>
  <testcase name="[6] Netty5DataBufferFactory - BufferAllocator.offHeapUnpooled()" classname="org.springframework.core.io.buffer.DataBufferTests" time="0.0"/>
  <testcase name="[7] Netty5DataBufferFactory - BufferAllocator.onHeapPooled()" classname="org.springframework.core.io.buffer.DataBufferTests" time="0.004"/>
  <testcase name="[8] Netty5DataBufferFactory - BufferAllocator.offHeapPooled()" classname="org.springframework.core.io.buffer.DataBufferTests" time="0.001"/>
  <testcase name="[9] DefaultDataBufferFactory - preferDirect = true" classname="org.springframework.core.io.buffer.DataBufferTests" time="0.0"/>
  <testcase name="[10] DefaultDataBufferFactory - preferDirect = false" classname="org.springframework.core.io.buffer.DataBufferTests" time="0.001"/>
  <system-out><![CDATA[]]></system-out>
  <system-err><![CDATA[]]></system-err>
</testsuite>
