<?xml version="1.0" encoding="UTF-8"?>
<testsuite name="org.springframework.core.io.support.SpringFactoriesLoaderTests$FactoryInstantiatorTests" tests="7" skipped="0" failures="0" errors="0" timestamp="2022-11-30T11:07:17" hostname="WKS-SE-RPL" time="0.002">
  <properties/>
  <testcase name="defaultConstructorCreatesInstance()" classname="org.springframework.core.io.support.SpringFactoriesLoaderTests$FactoryInstantiatorTests" time="0.0"/>
  <testcase name="multiplePackagePrivateAndSinglePublicConstructorCreatesInstance()" classname="org.springframework.core.io.support.SpringFactoriesLoaderTests$FactoryInstantiatorTests" time="0.0"/>
  <testcase name="singlePrivateConstructorCreatesInstance()" classname="org.springframework.core.io.support.SpringFactoriesLoaderTests$FactoryInstantiatorTests" time="0.0"/>
  <testcase name="multiplePackagePrivateConstructorsThrowsException()" classname="org.springframework.core.io.support.SpringFactoriesLoaderTests$FactoryInstantiatorTests" time="0.001"/>
  <testcase name="singleConstructorWithArgumentsCreatesInstance()" classname="org.springframework.core.io.support.SpringFactoriesLoaderTests$FactoryInstantiatorTests" time="0.0"/>
  <testcase name="singlePackagePrivateConstructorCreatesInstance()" classname="org.springframework.core.io.support.SpringFactoriesLoaderTests$FactoryInstantiatorTests" time="0.0"/>
  <testcase name="multiplePrivateAndSinglePublicConstructorCreatesInstance()" classname="org.springframework.core.io.support.SpringFactoriesLoaderTests$FactoryInstantiatorTests" time="0.0"/>
  <system-out><![CDATA[]]></system-out>
  <system-err><![CDATA[]]></system-err>
</testsuite>
