<?xml version="1.0" encoding="UTF-8"?>
<testsuite name="org.springframework.aot.hint.ResourcePatternHintTests" tests="7" skipped="0" failures="0" errors="0" timestamp="2022-11-30T11:06:56" hostname="WKS-SE-RPL" time="0.008">
  <properties/>
  <testcase name="extensionInDirectoryAtAnyDepth()" classname="org.springframework.aot.hint.ResourcePatternHintTests" time="0.003"/>
  <testcase name="patternWithLeadingSlashIsRejected()" classname="org.springframework.aot.hint.ResourcePatternHintTests" time="0.001"/>
  <testcase name="fileInDirectory()" classname="org.springframework.aot.hint.ResourcePatternHintTests" time="0.001"/>
  <testcase name="extension()" classname="org.springframework.aot.hint.ResourcePatternHintTests" time="0.0"/>
  <testcase name="rootDirectory()" classname="org.springframework.aot.hint.ResourcePatternHintTests" time="0.0"/>
  <testcase name="fileAtRoot()" classname="org.springframework.aot.hint.ResourcePatternHintTests" time="0.001"/>
  <testcase name="anyFileInDirectoryAtAnyDepth()" classname="org.springframework.aot.hint.ResourcePatternHintTests" time="0.001"/>
  <system-out><![CDATA[]]></system-out>
  <system-err><![CDATA[]]></system-err>
</testsuite>
