<?xml version="1.0" encoding="UTF-8"?>
<testsuite name="org.springframework.aot.hint.ProxyHintsTests" tests="6" skipped="0" failures="0" errors="0" timestamp="2022-11-30T11:06:56" hostname="WKS-SE-RPL" time="0.007">
  <properties/>
  <testcase name="registerJdkProxyWithInterface()" classname="org.springframework.aot.hint.ProxyHintsTests" time="0.001"/>
  <testcase name="registerJdkProxyTwiceExposesOneHint()" classname="org.springframework.aot.hint.ProxyHintsTests" time="0.001"/>
  <testcase name="registerJdkProxyWithConcreteClass()" classname="org.springframework.aot.hint.ProxyHintsTests" time="0.0"/>
  <testcase name="registerJdkProxyWithTypeReferences()" classname="org.springframework.aot.hint.ProxyHintsTests" time="0.001"/>
  <testcase name="registerJdkProxyWithSealedInterface()" classname="org.springframework.aot.hint.ProxyHintsTests" time="0.001"/>
  <testcase name="registerJdkProxyWithConsumer()" classname="org.springframework.aot.hint.ProxyHintsTests" time="0.0"/>
  <system-out><![CDATA[]]></system-out>
  <system-err><![CDATA[]]></system-err>
</testsuite>
