<?xml version="1.0" encoding="UTF-8"?>
<testsuite name="org.springframework.aot.generate.DefaultGenerationContextTests" tests="11" skipped="0" failures="0" errors="0" timestamp="2022-11-30T11:06:52" hostname="WKS-SE-RPL" time="0.049">
  <properties/>
  <testcase name="createWhenRuntimeHintsIsNullThrowsException()" classname="org.springframework.aot.generate.DefaultGenerationContextTests" time="0.001"/>
  <testcase name="createWithOnlyGeneratedFilesCreatesContext()" classname="org.springframework.aot.generate.DefaultGenerationContextTests" time="0.001"/>
  <testcase name="getRuntimeHintsReturnsRuntimeHints()" classname="org.springframework.aot.generate.DefaultGenerationContextTests" time="0.001"/>
  <testcase name="getGeneratedClassesReturnsClassNameGenerator()" classname="org.springframework.aot.generate.DefaultGenerationContextTests" time="0.0"/>
  <testcase name="createCreatesContext()" classname="org.springframework.aot.generate.DefaultGenerationContextTests" time="0.001"/>
  <testcase name="createWhenGeneratedClassesIsNullThrowsException()" classname="org.springframework.aot.generate.DefaultGenerationContextTests" time="0.001"/>
  <testcase name="createWhenGeneratedFilesIsNullThrowsException()" classname="org.springframework.aot.generate.DefaultGenerationContextTests" time="0.001"/>
  <testcase name="withNameUpdateNamingConvention()" classname="org.springframework.aot.generate.DefaultGenerationContextTests" time="0.01"/>
  <testcase name="withNameKeepsTrackOfAllGeneratedFiles()" classname="org.springframework.aot.generate.DefaultGenerationContextTests" time="0.021"/>
  <testcase name="withNameGeneratesUniqueName()" classname="org.springframework.aot.generate.DefaultGenerationContextTests" time="0.006"/>
  <testcase name="getGeneratedFilesReturnsGeneratedFiles()" classname="org.springframework.aot.generate.DefaultGenerationContextTests" time="0.0"/>
  <system-out><![CDATA[]]></system-out>
  <system-err><![CDATA[]]></system-err>
</testsuite>
