<?xml version="1.0" encoding="UTF-8"?>
<testsuite name="org.springframework.core.io.ResourceTests$FileSystemResourceTests" tests="8" skipped="0" failures="0" errors="0" timestamp="2022-11-30T11:07:13" hostname="WKS-SE-RPL" time="0.004">
  <properties/>
  <testcase name="sameResourceIsEqual()" classname="org.springframework.core.io.ResourceTests$FileSystemResourceTests" time="0.0"/>
  <testcase name="readableChannelProvidesContent()" classname="org.springframework.core.io.ResourceTests$FileSystemResourceTests" time="0.001"/>
  <testcase name="sameResourceFromFileIsEqual()" classname="org.springframework.core.io.ResourceTests$FileSystemResourceTests" time="0.0"/>
  <testcase name="sameResourceFromDotPathIsEqual()" classname="org.springframework.core.io.ResourceTests$FileSystemResourceTests" time="0.0"/>
  <testcase name="sameResourceFromFilePathIsEqual()" classname="org.springframework.core.io.ResourceTests$FileSystemResourceTests" time="0.0"/>
  <testcase name="relativeResourcesAreEqual()" classname="org.springframework.core.io.ResourceTests$FileSystemResourceTests" time="0.0"/>
  <testcase name="urlAndUriAreNormalizedWhenCreatedFromFile()" classname="org.springframework.core.io.ResourceTests$FileSystemResourceTests" time="0.001"/>
  <testcase name="urlAndUriAreNormalizedWhenCreatedFromPath()" classname="org.springframework.core.io.ResourceTests$FileSystemResourceTests" time="0.0"/>
  <system-out><![CDATA[]]></system-out>
  <system-err><![CDATA[]]></system-err>
</testsuite>
