<?xml version="1.0" encoding="UTF-8"?>
<testsuite name="org.springframework.core.type.StandardMethodMetadataTests" tests="21" skipped="0" failures="0" errors="0" timestamp="2022-11-30T11:07:19" hostname="WKS-SE-RPL" time="0.114">
  <properties/>
  <testcase name="getDeclaringClassReturnsDeclaringClass()" classname="org.springframework.core.type.StandardMethodMetadataTests" time="0.001"/>
  <testcase name="metadataLoadsForNestedAnnotations()" classname="org.springframework.core.type.StandardMethodMetadataTests" time="0.067"/>
  <testcase name="isAnnotatedWhenMatchesDirectAnnotationReturnsTrue()" classname="org.springframework.core.type.StandardMethodMetadataTests" time="0.001"/>
  <testcase name="verifyToString()" classname="org.springframework.core.type.StandardMethodMetadataTests" time="0.001"/>
  <testcase name="isFinalWhenFinalReturnsTrue()" classname="org.springframework.core.type.StandardMethodMetadataTests" time="0.001"/>
  <testcase name="isStatusWhenStaticReturnsTrue()" classname="org.springframework.core.type.StandardMethodMetadataTests" time="0.001"/>
  <testcase name="isAbstractWhenNotAbstractReturnsFalse()" classname="org.springframework.core.type.StandardMethodMetadataTests" time="0.0"/>
  <testcase name="verifyEquals()" classname="org.springframework.core.type.StandardMethodMetadataTests" time="0.0"/>
  <testcase name="getReturnTypeReturnsReturnType()" classname="org.springframework.core.type.StandardMethodMetadataTests" time="0.001"/>
  <testcase name="isOverridableWhenOverridableReturnsTrue()" classname="org.springframework.core.type.StandardMethodMetadataTests" time="0.001"/>
  <testcase name="getAllAnnotationAttributesReturnsAllAttributes()" classname="org.springframework.core.type.StandardMethodMetadataTests" time="0.016"/>
  <testcase name="getAnnotationsReturnsDirectAnnotations()" classname="org.springframework.core.type.StandardMethodMetadataTests" time="0.001"/>
  <testcase name="getMethodNameReturnsMethodName()" classname="org.springframework.core.type.StandardMethodMetadataTests" time="0.0"/>
  <testcase name="verifyHashCode()" classname="org.springframework.core.type.StandardMethodMetadataTests" time="0.0"/>
  <testcase name="getAnnotationAttributesReturnsAttributes()" classname="org.springframework.core.type.StandardMethodMetadataTests" time="0.001"/>
  <testcase name="isAbstractWhenAbstractReturnsTrue()" classname="org.springframework.core.type.StandardMethodMetadataTests" time="0.001"/>
  <testcase name="isAnnotatedWhenDoesNotMatchDirectOrMetaAnnotationReturnsFalse()" classname="org.springframework.core.type.StandardMethodMetadataTests" time="0.0"/>
  <testcase name="isAnnotatedWhenMatchesMetaAnnotationReturnsTrue()" classname="org.springframework.core.type.StandardMethodMetadataTests" time="0.001"/>
  <testcase name="isFinalWhenNonFinalReturnsFalse()" classname="org.springframework.core.type.StandardMethodMetadataTests" time="0.0"/>
  <testcase name="isOverridableWhenNonOverridableReturnsFalse()" classname="org.springframework.core.type.StandardMethodMetadataTests" time="0.0"/>
  <testcase name="isStaticWhenNotStaticReturnsFalse()" classname="org.springframework.core.type.StandardMethodMetadataTests" time="0.001"/>
  <system-out><![CDATA[]]></system-out>
  <system-err><![CDATA[]]></system-err>
</testsuite>
