<?xml version="1.0" encoding="UTF-8"?>
<testsuite name="org.springframework.core.env.StandardEnvironmentTests" tests="40" skipped="0" failures="0" errors="0" timestamp="2022-11-30T11:07:11" hostname="WKS-SE-RPL" time="0.022">
  <properties/>
  <testcase name="getActiveProfiles_fromSystemProperties_withMultipleProfiles()" classname="org.springframework.core.env.StandardEnvironmentTests" time="0.001"/>
  <testcase name="suppressGetenvAccessThroughSpringFlag()" classname="org.springframework.core.env.StandardEnvironmentTests" time="0.0"/>
  <testcase name="acceptsProfiles_withNullArgument()" classname="org.springframework.core.env.StandardEnvironmentTests" time="0.001"/>
  <testcase name="setDefaultProfiles_withNotOperator()" classname="org.springframework.core.env.StandardEnvironmentTests" time="0.0"/>
  <testcase name="getSystemEnvironment()" classname="org.springframework.core.env.StandardEnvironmentTests" time="0.0"/>
  <testcase name="addActiveProfile()" classname="org.springframework.core.env.StandardEnvironmentTests" time="0.0"/>
  <testcase name="getSystemProperties()" classname="org.springframework.core.env.StandardEnvironmentTests" time="0.0"/>
  <testcase name="acceptsProfiles_withEmptyArgument()" classname="org.springframework.core.env.StandardEnvironmentTests" time="0.0"/>
  <testcase name="getActiveProfiles_systemPropertiesEmpty()" classname="org.springframework.core.env.StandardEnvironmentTests" time="0.0"/>
  <testcase name="acceptsProfiles_withEmptyArgumentList()" classname="org.springframework.core.env.StandardEnvironmentTests" time="0.001"/>
  <testcase name="suppressGetenvAccessThroughSystemProperty()" classname="org.springframework.core.env.StandardEnvironmentTests" time="0.0"/>
  <testcase name="acceptsProfiles_withNotOperator()" classname="org.springframework.core.env.StandardEnvironmentTests" time="0.0"/>
  <testcase name="acceptsProfiles_withNullArgumentList()" classname="org.springframework.core.env.StandardEnvironmentTests" time="0.0"/>
  <testcase name="acceptsProfiles_withProfileExpression()" classname="org.springframework.core.env.StandardEnvironmentTests" time="0.0"/>
  <testcase name="setActiveProfiles_withNotOperator()" classname="org.springframework.core.env.StandardEnvironmentTests" time="0.0"/>
  <testcase name="acceptsProfiles_defaultProfile()" classname="org.springframework.core.env.StandardEnvironmentTests" time="0.001"/>
  <testcase name="setDefaultProfiles_withNullProfile()" classname="org.springframework.core.env.StandardEnvironmentTests" time="0.001"/>
  <testcase name="setActiveProfiles()" classname="org.springframework.core.env.StandardEnvironmentTests" time="0.0"/>
  <testcase name="acceptsProfiles_activeProfileSetProgrammatically()" classname="org.springframework.core.env.StandardEnvironmentTests" time="0.001"/>
  <testcase name="setDefaultProfiles_withNullProfileArray()" classname="org.springframework.core.env.StandardEnvironmentTests" time="0.0"/>
  <testcase name="defaultProfilesContainsDefaultProfileByDefault()" classname="org.springframework.core.env.StandardEnvironmentTests" time="0.0"/>
  <testcase name="merge()" classname="org.springframework.core.env.StandardEnvironmentTests" time="0.001"/>
  <testcase name="reservedDefaultProfile()" classname="org.springframework.core.env.StandardEnvironmentTests" time="0.0"/>
  <testcase name="getActiveProfiles_fromSystemProperties()" classname="org.springframework.core.env.StandardEnvironmentTests" time="0.001"/>
  <testcase name="activeProfilesIsEmptyByDefault()" classname="org.springframework.core.env.StandardEnvironmentTests" time="0.0"/>
  <testcase name="getDefaultProfiles()" classname="org.springframework.core.env.StandardEnvironmentTests" time="0.001"/>
  <testcase name="addActiveProfile_whenActiveProfilesPropertyIsAlreadySet()" classname="org.springframework.core.env.StandardEnvironmentTests" time="0.0"/>
  <testcase name="suppressGetenvAccessThroughSpringProperty()" classname="org.springframework.core.env.StandardEnvironmentTests" time="0.0"/>
  <testcase name="setActiveProfiles_withNullProfileArray()" classname="org.springframework.core.env.StandardEnvironmentTests" time="0.001"/>
  <testcase name="setDefaultProfiles_withEmptyProfile()" classname="org.springframework.core.env.StandardEnvironmentTests" time="0.0"/>
  <testcase name="acceptsProfiles_activeProfileSetViaProperty()" classname="org.springframework.core.env.StandardEnvironmentTests" time="0.0"/>
  <testcase name="setActiveProfiles_withNullProfile()" classname="org.springframework.core.env.StandardEnvironmentTests" time="0.0"/>
  <testcase name="acceptsProfiles_withInvalidNotOperator()" classname="org.springframework.core.env.StandardEnvironmentTests" time="0.0"/>
  <testcase name="getActiveProfiles_fromSystemProperties_withMultipleProfiles_withWhitespace()" classname="org.springframework.core.env.StandardEnvironmentTests" time="0.001"/>
  <testcase name="propertySourceOrder()" classname="org.springframework.core.env.StandardEnvironmentTests" time="0.0"/>
  <testcase name="propertySourceTypes()" classname="org.springframework.core.env.StandardEnvironmentTests" time="0.0"/>
  <testcase name="setDefaultProfiles()" classname="org.springframework.core.env.StandardEnvironmentTests" time="0.0"/>
  <testcase name="environmentSubclass_withCustomProfileValidation()" classname="org.springframework.core.env.StandardEnvironmentTests" time="0.001"/>
  <testcase name="defaultProfileWithCircularPlaceholder()" classname="org.springframework.core.env.StandardEnvironmentTests" time="0.001"/>
  <testcase name="setActiveProfiles_withEmptyProfile()" classname="org.springframework.core.env.StandardEnvironmentTests" time="0.001"/>
  <system-out><![CDATA[]]></system-out>
  <system-err><![CDATA[]]></system-err>
</testsuite>
