<?xml version="1.0" encoding="UTF-8"?>
<testsuite name="org.springframework.core.io.PathResourceTests" tests="37" skipped="0" failures="0" errors="0" timestamp="2022-11-30T11:07:11" hostname="WKS-SE-RPL" time="0.272">
  <properties/>
  <testcase name="nullUri()" classname="org.springframework.core.io.PathResourceTests" time="0.002"/>
  <testcase name="getReadableByteChannelDoesNotExist()" classname="org.springframework.core.io.PathResourceTests" time="0.001"/>
  <testcase name="nullPath()" classname="org.springframework.core.io.PathResourceTests" time="0.045"/>
  <testcase name="dirExists()" classname="org.springframework.core.io.PathResourceTests" time="0.0"/>
  <testcase name="getInputStreamForDir()" classname="org.springframework.core.io.PathResourceTests" time="0.025"/>
  <testcase name="getWritableChannel(Path)" classname="org.springframework.core.io.PathResourceTests" time="0.019"/>
  <testcase name="createRelativeFromFile()" classname="org.springframework.core.io.PathResourceTests" time="0.001"/>
  <testcase name="description()" classname="org.springframework.core.io.PathResourceTests" time="0.0"/>
  <testcase name="fileIsWritable()" classname="org.springframework.core.io.PathResourceTests" time="0.01"/>
  <testcase name="directoryIsNotWritable()" classname="org.springframework.core.io.PathResourceTests" time="0.007"/>
  <testcase name="getUri()" classname="org.springframework.core.io.PathResourceTests" time="0.001"/>
  <testcase name="getUrl()" classname="org.springframework.core.io.PathResourceTests" time="0.001"/>
  <testcase name="directoryOutputStream()" classname="org.springframework.core.io.PathResourceTests" time="0.001"/>
  <testcase name="nullPathString()" classname="org.springframework.core.io.PathResourceTests" time="0.001"/>
  <testcase name="getInputStream()" classname="org.springframework.core.io.PathResourceTests" time="0.001"/>
  <testcase name="filename()" classname="org.springframework.core.io.PathResourceTests" time="0.001"/>
  <testcase name="doesNotExistIsNotReadable()" classname="org.springframework.core.io.PathResourceTests" time="0.001"/>
  <testcase name="createRelativeFromDir()" classname="org.springframework.core.io.PathResourceTests" time="0.0"/>
  <testcase name="contentLength()" classname="org.springframework.core.io.PathResourceTests" time="0.001"/>
  <testcase name="fileIsReadable()" classname="org.springframework.core.io.PathResourceTests" time="0.002"/>
  <testcase name="getInputStreamDoesNotExist()" classname="org.springframework.core.io.PathResourceTests" time="0.016"/>
  <testcase name="directoryIsNotReadable()" classname="org.springframework.core.io.PathResourceTests" time="0.001"/>
  <testcase name="getReadableByteChannel()" classname="org.springframework.core.io.PathResourceTests" time="0.001"/>
  <testcase name="createFromPath()" classname="org.springframework.core.io.PathResourceTests" time="0.001"/>
  <testcase name="createFromString()" classname="org.springframework.core.io.PathResourceTests" time="0.0"/>
  <testcase name="outputStream(Path)" classname="org.springframework.core.io.PathResourceTests" time="0.003"/>
  <testcase name="getFile()" classname="org.springframework.core.io.PathResourceTests" time="0.0"/>
  <testcase name="getPathForDir()" classname="org.springframework.core.io.PathResourceTests" time="0.0"/>
  <testcase name="doesNotExistOutputStream(Path)" classname="org.springframework.core.io.PathResourceTests" time="0.003"/>
  <testcase name="fileDoesNotExist()" classname="org.springframework.core.io.PathResourceTests" time="0.001"/>
  <testcase name="contentLengthForDirectory()" classname="org.springframework.core.io.PathResourceTests" time="0.0"/>
  <testcase name="getPathForFile()" classname="org.springframework.core.io.PathResourceTests" time="0.001"/>
  <testcase name="getReadableByteChannelForDir()" classname="org.springframework.core.io.PathResourceTests" time="0.0"/>
  <testcase name="fileExists()" classname="org.springframework.core.io.PathResourceTests" time="0.0"/>
  <testcase name="createFromUri()" classname="org.springframework.core.io.PathResourceTests" time="0.001"/>
  <testcase name="getFileUnsupported()" classname="org.springframework.core.io.PathResourceTests" time="0.117"/>
  <testcase name="lastModified()" classname="org.springframework.core.io.PathResourceTests" time="0.001"/>
  <system-out><![CDATA[]]></system-out>
  <system-err><![CDATA[]]></system-err>
</testsuite>
