<?xml version="1.0" encoding="UTF-8"?>
<testsuite name="org.springframework.aot.hint.support.FilePatternResourceHintsRegistrarTests" tests="11" skipped="0" failures="0" errors="0" timestamp="2022-11-30T11:06:57" hostname="WKS-SE-RPL" time="0.012">
  <properties/>
  <testcase name="registerWithSinglePattern()" classname="org.springframework.aot.hint.support.FilePatternResourceHintsRegistrarTests" time="0.003"/>
  <testcase name="registerWithNonExistingLocationDoesNotRegisterHint()" classname="org.springframework.aot.hint.support.FilePatternResourceHintsRegistrarTests" time="0.001"/>
  <testcase name="createWithInvalidName()" classname="org.springframework.aot.hint.support.FilePatternResourceHintsRegistrarTests" time="0.001"/>
  <testcase name="registerWithLocationWithoutTrailingSlash()" classname="org.springframework.aot.hint.support.FilePatternResourceHintsRegistrarTests" time="0.001"/>
  <testcase name="registerWithLocationUsingResourceClasspathPrefixAndTrailingSlash()" classname="org.springframework.aot.hint.support.FilePatternResourceHintsRegistrarTests" time="0.0"/>
  <testcase name="registerWithLocationUsingResourceClasspathPrefix()" classname="org.springframework.aot.hint.support.FilePatternResourceHintsRegistrarTests" time="0.0"/>
  <testcase name="registerWithLocationWithLeadingSlash()" classname="org.springframework.aot.hint.support.FilePatternResourceHintsRegistrarTests" time="0.001"/>
  <testcase name="registerWithMultipleNames()" classname="org.springframework.aot.hint.support.FilePatternResourceHintsRegistrarTests" time="0.0"/>
  <testcase name="createWithInvalidExtension()" classname="org.springframework.aot.hint.support.FilePatternResourceHintsRegistrarTests" time="0.001"/>
  <testcase name="registerWithMultipleExtensions()" classname="org.springframework.aot.hint.support.FilePatternResourceHintsRegistrarTests" time="0.0"/>
  <testcase name="registerWithMultipleLocations()" classname="org.springframework.aot.hint.support.FilePatternResourceHintsRegistrarTests" time="0.001"/>
  <system-out><![CDATA[]]></system-out>
  <system-err><![CDATA[]]></system-err>
</testsuite>
