<?xml version="1.0" encoding="UTF-8"?>
<testsuite name="org.springframework.core.annotation.NestedRepeatableAnnotationsTests$MultipleRepeatableAnnotationsTests" tests="7" skipped="0" failures="0" errors="0" timestamp="2022-11-30T11:07:09" hostname="WKS-SE-RPL" time="0.006">
  <properties/>
  <testcase name="findMergedRepeatableAnnotationsWithExplicitContainer_AnnotatedElementUtils()" classname="org.springframework.core.annotation.NestedRepeatableAnnotationsTests$MultipleRepeatableAnnotationsTests" time="0.001"/>
  <testcase name="streamRepeatableAnnotationsWithExplicitRepeatables_MergedAnnotationsApi()" classname="org.springframework.core.annotation.NestedRepeatableAnnotationsTests$MultipleRepeatableAnnotationsTests" time="0.001"/>
  <testcase name="getMergedRepeatableAnnotationsWithStandardRepeatables_AnnotatedElementUtils()" classname="org.springframework.core.annotation.NestedRepeatableAnnotationsTests$MultipleRepeatableAnnotationsTests" time="0.001"/>
  <testcase name="getMergedRepeatableAnnotationsWithExplicitContainer_AnnotatedElementUtils()" classname="org.springframework.core.annotation.NestedRepeatableAnnotationsTests$MultipleRepeatableAnnotationsTests" time="0.0"/>
  <testcase name="streamRepeatableAnnotationsWithStandardRepeatables_MergedAnnotationsApi()" classname="org.springframework.core.annotation.NestedRepeatableAnnotationsTests$MultipleRepeatableAnnotationsTests" time="0.001"/>
  <testcase name="getRepeatableAnnotations_AnnotationUtils()" classname="org.springframework.core.annotation.NestedRepeatableAnnotationsTests$MultipleRepeatableAnnotationsTests" time="0.001"/>
  <testcase name="findMergedRepeatableAnnotationsWithStandardRepeatables_AnnotatedElementUtils()" classname="org.springframework.core.annotation.NestedRepeatableAnnotationsTests$MultipleRepeatableAnnotationsTests" time="0.001"/>
  <system-out><![CDATA[]]></system-out>
  <system-err><![CDATA[]]></system-err>
</testsuite>
