<?xml version="1.0" encoding="UTF-8"?>
<testsuite name="org.springframework.core.io.support.PathMatchingResourcePatternResolverTests$InvalidPatterns" tests="1" skipped="0" failures="0" errors="0" timestamp="2022-11-30T11:07:17" hostname="WKS-SE-RPL" time="0.001">
  <properties/>
  <testcase name="invalidPrefixWithPatternElementInItThrowsException()" classname="org.springframework.core.io.support.PathMatchingResourcePatternResolverTests$InvalidPatterns" time="0.001"/>
  <system-out><![CDATA[]]></system-out>
  <system-err><![CDATA[]]></system-err>
</testsuite>
