<?xml version="1.0" encoding="UTF-8"?>
<testsuite name="org.springframework.util.UnmodifiableMultiValueMapTests" tests="6" skipped="0" failures="0" errors="0" timestamp="2022-11-30T11:07:22" hostname="WKS-SE-RPL" time="0.553">
  <properties/>
  <testcase name="valuesUnsupported()" classname="org.springframework.util.UnmodifiableMultiValueMapTests" time="0.003"/>
  <testcase name="entrySetDelegation()" classname="org.springframework.util.UnmodifiableMultiValueMapTests" time="0.398"/>
  <testcase name="unsupported()" classname="org.springframework.util.UnmodifiableMultiValueMapTests" time="0.004"/>
  <testcase name="valuesDelegation()" classname="org.springframework.util.UnmodifiableMultiValueMapTests" time="0.062"/>
  <testcase name="entrySetUnsupported()" classname="org.springframework.util.UnmodifiableMultiValueMapTests" time="0.082"/>
  <testcase name="delegation()" classname="org.springframework.util.UnmodifiableMultiValueMapTests" time="0.003"/>
  <system-out><![CDATA[]]></system-out>
  <system-err><![CDATA[]]></system-err>
</testsuite>
