<?xml version="1.0" encoding="UTF-8"?>
<testsuite name="org.springframework.util.FileSystemUtilsTests" tests="2" skipped="0" failures="0" errors="0" timestamp="2022-11-30T11:07:20" hostname="WKS-SE-RPL" time="0.019">
  <properties/>
  <testcase name="deleteRecursively()" classname="org.springframework.util.FileSystemUtilsTests" time="0.008"/>
  <testcase name="copyRecursively()" classname="org.springframework.util.FileSystemUtilsTests" time="0.011"/>
  <system-out><![CDATA[]]></system-out>
  <system-err><![CDATA[]]></system-err>
</testsuite>
