<?xml version="1.0" encoding="UTF-8"?>
<testsuite name="org.springframework.aot.nativex.ReflectionHintsWriterTests" tests="7" skipped="0" failures="0" errors="0" timestamp="2022-11-30T11:06:58" hostname="WKS-SE-RPL" time="0.019">
  <properties/>
  <testcase name="methodAndQueriedMethods()" classname="org.springframework.aot.nativex.ReflectionHintsWriterTests" time="0.002"/>
  <testcase name="queriedMethods()" classname="org.springframework.aot.nativex.ReflectionHintsWriterTests" time="0.004"/>
  <testcase name="one()" classname="org.springframework.aot.nativex.ReflectionHintsWriterTests" time="0.003"/>
  <testcase name="two()" classname="org.springframework.aot.nativex.ReflectionHintsWriterTests" time="0.004"/>
  <testcase name="empty()" classname="org.springframework.aot.nativex.ReflectionHintsWriterTests" time="0.001"/>
  <testcase name="methods()" classname="org.springframework.aot.nativex.ReflectionHintsWriterTests" time="0.001"/>
  <testcase name="methodWithInnerClassParameter()" classname="org.springframework.aot.nativex.ReflectionHintsWriterTests" time="0.001"/>
  <system-out><![CDATA[]]></system-out>
  <system-err><![CDATA[]]></system-err>
</testsuite>
