<?xml version="1.0" encoding="UTF-8"?>
<testsuite name="org.springframework.core.SortedPropertiesTests" tests="11" skipped="0" failures="0" errors="0" timestamp="2022-11-30T11:07:01" hostname="WKS-SE-RPL" time="0.103">
  <properties/>
  <testcase name="entrySet()" classname="org.springframework.core.SortedPropertiesTests" time="0.001"/>
  <testcase name="storingAsXmlSortsPropertiesAndOmitsComments()" classname="org.springframework.core.SortedPropertiesTests" time="0.02"/>
  <testcase name="keySet()" classname="org.springframework.core.SortedPropertiesTests" time="0.056"/>
  <testcase name="entrySetFromPrototype()" classname="org.springframework.core.SortedPropertiesTests" time="0.001"/>
  <testcase name="sortsPropertiesAndOmitsCommentsUsingWriter()" classname="org.springframework.core.SortedPropertiesTests" time="0.015"/>
  <testcase name="keys()" classname="org.springframework.core.SortedPropertiesTests" time="0.001"/>
  <testcase name="sortsPropertiesUsingOutputStream()" classname="org.springframework.core.SortedPropertiesTests" time="0.001"/>
  <testcase name="keySetFromPrototype()" classname="org.springframework.core.SortedPropertiesTests" time="0.0"/>
  <testcase name="sortsPropertiesAndOmitsCommentsUsingOutputStream()" classname="org.springframework.core.SortedPropertiesTests" time="0.0"/>
  <testcase name="keysFromPrototype()" classname="org.springframework.core.SortedPropertiesTests" time="0.0"/>
  <testcase name="sortsPropertiesUsingWriter()" classname="org.springframework.core.SortedPropertiesTests" time="0.0"/>
  <system-out><![CDATA[]]></system-out>
  <system-err><![CDATA[]]></system-err>
</testsuite>
