<?xml version="1.0" encoding="UTF-8"?>
<testsuite name="org.springframework.core.type.InheritedAnnotationsAnnotationMetadataTests" tests="7" skipped="0" failures="0" errors="0" timestamp="2022-11-30T11:07:19" hostname="WKS-SE-RPL" time="0.035">
  <properties/>
  <testcase name="getAnnotationAttributes()" classname="org.springframework.core.type.InheritedAnnotationsAnnotationMetadataTests" time="0.003"/>
  <testcase name="isAnnotated()" classname="org.springframework.core.type.InheritedAnnotationsAnnotationMetadataTests" time="0.0"/>
  <testcase name="hasMetaAnnotation()" classname="org.springframework.core.type.InheritedAnnotationsAnnotationMetadataTests" time="0.0"/>
  <testcase name="getMetaAnnotationTypes()" classname="org.springframework.core.type.InheritedAnnotationsAnnotationMetadataTests" time="0.001"/>
  <testcase name="hasAnnotation()" classname="org.springframework.core.type.InheritedAnnotationsAnnotationMetadataTests" time="0.0"/>
  <testcase name="getAllAnnotationAttributes()" classname="org.springframework.core.type.InheritedAnnotationsAnnotationMetadataTests" time="0.0"/>
  <testcase name="getAnnotationTypes()" classname="org.springframework.core.type.InheritedAnnotationsAnnotationMetadataTests" time="0.0"/>
  <system-out><![CDATA[]]></system-out>
  <system-err><![CDATA[]]></system-err>
</testsuite>
